0.0001	-47.853549	
0.0002	-47.7284684	
0.0003	-47.6214346	
0.0004	-47.5293887	
0.0005	-47.4495554	
0.0006	-47.3795056	
0.0007	-47.3171964	
0.0008	-47.2609708	
0.0009	-47.2095257	
0.0010	-47.1618605	
0.0011	-47.1172215	
0.0012	-47.0750475	
0.0013	-47.0349227	
0.0014	-46.9965389	
0.0015	-46.9596649	
0.0016	-46.9241241	
0.0017	-46.8897778	
0.0018	-46.8565139	
0.0019	-46.8242379	
0.0020	-46.7928685	
0.0021	-46.7623329	
0.0022	-46.7325652	
0.0023	-46.7035046	
0.0024	-46.6750947	
0.0025	-46.6472829	
0.0026	-46.6200198	
0.0027	-46.5932598	
0.0028	-46.5669599	
0.0029	-46.5410805	
0.0030	-46.5155849	
0.0031	-46.4904391	
0.0032	-46.465612	
0.0033	-46.4410749	
0.0034	-46.4168016	
0.0035	-46.3927683	
0.0036	-46.3689532	
0.0037	-46.3453364	
0.0038	-46.3219002	
0.0039	-46.2986281	
0.0040	-46.2755054	
0.0041	-46.252519	
0.0042	-46.2296566	
0.0043	-46.2069076	
0.0044	-46.1842619	
0.0045	-46.161711	
0.0046	-46.1392466	
0.0047	-46.1168618	
0.0048	-46.0945499	
0.0049	-46.0723051	
0.0050	-46.0501222	
0.0051	-46.0279965	
0.0052	-46.0059235	
0.0053	-45.9838995	
0.0054	-45.961921	
0.0055	-45.9399848	
0.0056	-45.9180881	
0.0057	-45.8962283	
0.0058	-45.8744031	
0.0059	-45.8526104	
0.0060	-45.8308484	
0.0061	-45.8091153	
0.0062	-45.7874097	
0.0063	-45.7657301	
0.0064	-45.7440753	
0.0065	-45.7224442	
0.0066	-45.7008357	
0.0067	-45.6792491	
0.0068	-45.6576834	
0.0069	-45.636138	
0.0070	-45.6146122	
0.0071	-45.5931054	
0.0072	-45.5716172	
0.0073	-45.550147	
0.0074	-45.5286946	
0.0075	-45.5072594	
0.0076	-45.4858413	
0.0077	-45.46444	
0.0078	-45.4430553	
0.0079	-45.421687	
0.0080	-45.4003348	
0.0081	-45.3789988	
0.0082	-45.3576789	
0.0083	-45.3363749	
0.0084	-45.3150868	
0.0085	-45.2938146	
0.0086	-45.2725583	
0.0087	-45.251318	
0.0088	-45.2300937	
0.0089	-45.2088854	
0.0090	-45.1876932	
0.0091	-45.1665172	
0.0092	-45.1453576	
0.0093	-45.1242144	
0.0094	-45.1030878	
0.0095	-45.0819779	
0.0096	-45.060885	
0.0097	-45.0398091	
0.0098	-45.0187504	
0.0099	-44.9977092	
0.0100	-44.9766857	
0.0101	-44.95568	
0.0102	-44.9346925	
0.0103	-44.9137232	
0.0104	-44.8927726	
0.0105	-44.8718408	
0.0106	-44.8509281	
0.0107	-44.8300347	
0.0108	-44.809161	
0.0109	-44.7883073	
0.0110	-44.7674738	
0.0111	-44.7466609	
0.0112	-44.7258688	
0.0113	-44.705098	
0.0114	-44.6843487	
0.0115	-44.6636212	
0.0116	-44.6429159	
0.0117	-44.6222333	
0.0118	-44.6015736	
0.0119	-44.5809372	
0.0120	-44.5603245	
0.0121	-44.5397359	
0.0122	-44.5191719	
0.0123	-44.4986327	
0.0124	-44.4781189	
0.0125	-44.4576309	
0.0126	-44.437169	
0.0127	-44.4167339	
0.0128	-44.3963258	
0.0129	-44.3759453	
0.0130	-44.3555929	
0.0131	-44.3352691	
0.0132	-44.3149742	
0.0133	-44.294709	
0.0134	-44.2744738	
0.0135	-44.2542692	
0.0136	-44.2340958	
0.0137	-44.2139541	
0.0138	-44.1938447	
0.0139	-44.1737681	
0.0140	-44.1537249	
0.0141	-44.1337158	
0.0142	-44.1137413	
0.0143	-44.0938021	
0.0144	-44.0738988	
0.0145	-44.0540321	
0.0146	-44.0342027	
0.0147	-44.0144111	
0.0148	-43.9946582	
0.0149	-43.9749447	
0.0150	-43.9552711	
0.0151	-43.9356384	
0.0152	-43.9160473	
0.0153	-43.8964985	
0.0154	-43.8769928	
0.0155	-43.8575311	
0.0156	-43.8381141	
0.0157	-43.8187428	
0.0158	-43.7994179	
0.0159	-43.7801404	
0.0160	-43.7609112	
0.0161	-43.7417312	
0.0162	-43.7226013	
0.0163	-43.7035225	
0.0164	-43.6844958	
0.0165	-43.6655222	
0.0166	-43.6466027	
0.0167	-43.6277385	
0.0168	-43.6089305	
0.0169	-43.5901799	
0.0170	-43.5714877	
0.0171	-43.5528553	
0.0172	-43.5342837	
0.0173	-43.5157742	
0.0174	-43.4973279	
0.0175	-43.4789462	
0.0176	-43.4606304	
0.0177	-43.4423818	
0.0178	-43.4242018	
0.0179	-43.4060917	
0.0180	-43.3880529	
0.0181	-43.370087	
0.0182	-43.3521954	
0.0183	-43.3343797	
0.0184	-43.3166414	
0.0185	-43.298982	
0.0186	-43.2814034	
0.0187	-43.2639071	
0.0188	-43.2464948	
0.0189	-43.2291684	
0.0190	-43.2119295	
0.0191	-43.1947802	
0.0192	-43.1777222	
0.0193	-43.1607575	
0.0194	-43.143888	
0.0195	-43.1271159	
0.0196	-43.1104431	
0.0197	-43.0938719	
0.0198	-43.0774043	
0.0199	-43.0610427	
0.0200	-43.0447892	
0.0201	-43.0286463	
0.0202	-43.0126164	
0.0203	-42.9967018	
0.0204	-42.9809052	
0.0205	-42.965229	
0.0206	-42.9496759	
0.0207	-42.9342486	
0.0208	-42.9189498	
0.0209	-42.9037825	
0.0210	-42.8887493	
0.0211	-42.8738534	
0.0212	-42.8590977	
0.0213	-42.8444853	
0.0214	-42.8300194	
0.0215	-42.8157032	
0.0216	-42.80154	
0.0217	-42.7875331	
0.0218	-42.7736861	
0.0219	-42.7600025	
0.0220	-42.7464859	
0.0221	-42.7331399	
0.0222	-42.7199683	
0.0223	-42.706975	
0.0224	-42.6941638	
0.0225	-42.6815388	
0.0226	-42.6691041	
0.0227	-42.6568639	
0.0228	-42.6448223	
0.0229	-42.6329837	
0.0230	-42.6213525	
0.0231	-42.6099333	
0.0232	-42.5987306	
0.0233	-42.587749	
0.0234	-42.5769934	
0.0235	-42.5664684	
0.0236	-42.5561792	
0.0237	-42.5461305	
0.0238	-42.5363276	
0.0239	-42.5267754	
0.0240	-42.5174794	
0.0241	-42.5084446	
0.0242	-42.4996766	
0.0243	-42.4911808	
0.0244	-42.4829625	
0.0245	-42.4750275	
0.0246	-42.4673813	
0.0247	-42.4600295	
0.0248	-42.452978	
0.0249	-42.4462325	
0.0250	-42.4397989	
0.0251	-42.4336829	
0.0252	-42.4278904	
0.0253	-42.4224274	
0.0254	-42.4172998	
0.0255	-42.4125136	
0.0256	-42.4080746	
0.0257	-42.4039888	
0.0258	-42.4002622	
0.0259	-42.3969007	
0.0260	-42.39391	
0.0261	-42.3912961	
0.0262	-42.3890647	
0.0263	-42.3872215	
0.0264	-42.3857722	
0.0265	-42.3847223	
0.0266	-42.3840772	
0.0267	-42.3838423	
0.0268	-42.3840227	
0.0269	-42.3846235	
0.0270	-42.3856496	
0.0271	-42.3871057	
0.0272	-42.3889962	
0.0273	-42.3913256	
0.0274	-42.3940978	
0.0275	-42.3973168	
0.0276	-42.4009861	
0.0277	-42.4051089	
0.0278	-42.4096883	
0.0279	-42.4147269	
0.0280	-42.4202271	
0.0281	-42.4261908	
0.0282	-42.4326197	
0.0283	-42.439515	
0.0284	-42.4468774	
0.0285	-42.4547074	
0.0286	-42.4630048	
0.0287	-42.4717692	
0.0288	-42.4809994	
0.0289	-42.4906939	
0.0290	-42.5008508	
0.0291	-42.5114673	
0.0292	-42.5225405	
0.0293	-42.5340665	
0.0294	-42.5460412	
0.0295	-42.5584597	
0.0296	-42.5713165	
0.0297	-42.5846058	
0.0298	-42.5983207	
0.0299	-42.6124541	
0.0300	-42.6269981	
0.0301	-42.6419442	
0.0302	-42.6572834	
0.0303	-42.673006	
0.0304	-42.6891017	
0.0305	-42.7055595	
0.0306	-42.722368	
0.0307	-42.7395151	
0.0308	-42.7569882	
0.0309	-42.7747741	
0.0310	-42.7928591	
0.0311	-42.811229	
0.0312	-42.8298691	
0.0313	-42.8487642	
0.0314	-42.8678987	
0.0315	-42.8872565	
0.0316	-42.9068214	
0.0317	-42.9265764	
0.0318	-42.9465046	
0.0319	-42.9665886	
0.0320	-42.9868108	
0.0321	-43.0071534	
0.0322	-43.0275984	
0.0323	-43.0481277	
0.0324	-43.0687232	
0.0325	-43.0893665	
0.0326	-43.1100394	
0.0327	-43.1307237	
0.0328	-43.1514012	
0.0329	-43.1720538	
0.0330	-43.1926636	
0.0331	-43.2132128	
0.0332	-43.2336839	
0.0333	-43.2540597	
0.0334	-43.2743232	
0.0335	-43.2944577	
0.0336	-43.3144469	
0.0337	-43.334275	
0.0338	-43.3539263	
0.0339	-43.373386	
0.0340	-43.3926392	
0.0341	-43.4116721	
0.0342	-43.4304709	
0.0343	-43.4490226	
0.0344	-43.4673146	
0.0345	-43.4853351	
0.0346	-43.5030726	
0.0347	-43.5205163	
0.0348	-43.537656	
0.0349	-43.554482	
0.0350	-43.5709853	
0.0351	-43.5871575	
0.0352	-43.6029907	
0.0353	-43.6184776	
0.0354	-43.6336117	
0.0355	-43.6483868	
0.0356	-43.6627974	
0.0357	-43.6768387	
0.0358	-43.6905063	
0.0359	-43.7037964	
0.0360	-43.7167057	
0.0361	-43.7292314	
0.0362	-43.7413713	
0.0363	-43.7531238	
0.0364	-43.7644874	
0.0365	-43.7754615	
0.0366	-43.7860457	
0.0367	-43.79624	
0.0368	-43.806045	
0.0369	-43.8154615	
0.0370	-43.8244908	
0.0371	-43.8331345	
0.0372	-43.8413946	
0.0373	-43.8492733	
0.0374	-43.8567732	
0.0375	-43.8638972	
0.0376	-43.8706484	
0.0377	-43.8770303	
0.0378	-43.8830464	
0.0379	-43.8887006	
0.0380	-43.893997	
0.0381	-43.8989397	
0.0382	-43.9035332	
0.0383	-43.907782	
0.0384	-43.9116909	
0.0385	-43.9152646	
0.0386	-43.9185082	
0.0387	-43.9214267	
0.0388	-43.9240253	
0.0389	-43.9263091	
0.0390	-43.9282836	
0.0391	-43.9299539	
0.0392	-43.9313257	
0.0393	-43.9324043	
0.0394	-43.9331951	
0.0395	-43.9337039	
0.0396	-43.9339359	
0.0397	-43.9338969	
0.0398	-43.9335922	
0.0399	-43.9330275	
0.0400	-43.9322083	
0.0401	-43.9311401	
0.0402	-43.9298284	
0.0403	-43.9282786	
0.0404	-43.9264961	
0.0405	-43.9244864	
0.0406	-43.9222548	
0.0407	-43.9198066	
0.0408	-43.9171471	
0.0409	-43.9142816	
0.0410	-43.9112151	
0.0411	-43.9079529	
0.0412	-43.9044999	
0.0413	-43.9008613	
0.0414	-43.8970418	
0.0415	-43.8930466	
0.0416	-43.8888803	
0.0417	-43.8845478	
0.0418	-43.8800538	
0.0419	-43.8754029	
0.0420	-43.8705998	
0.0421	-43.8656489	
0.0422	-43.8605548	
0.0423	-43.8553218	
0.0424	-43.8499543	
0.0425	-43.8444565	
0.0426	-43.8388328	
0.0427	-43.8330872	
0.0428	-43.8272239	
0.0429	-43.8212469	
0.0430	-43.8151602	
0.0431	-43.8089676	
0.0432	-43.8026732	
0.0433	-43.7962805	
0.0434	-43.7897936	
0.0435	-43.7832159	
0.0436	-43.7765512	
0.0437	-43.769803	
0.0438	-43.7629749	
0.0439	-43.7560703	
0.0440	-43.7490928	
0.0441	-43.7420456	
0.0442	-43.7349321	
0.0443	-43.7277555	
0.0444	-43.7205192	
0.0445	-43.7132263	
0.0446	-43.7058799	
0.0447	-43.6984832	
0.0448	-43.6910393	
0.0449	-43.683551	
0.0450	-43.6760215	
0.0451	-43.6684536	
0.0452	-43.6608502	
0.0453	-43.6532143	
0.0454	-43.6455486	
0.0455	-43.637856	
0.0456	-43.6301391	
0.0457	-43.6224007	
0.0458	-43.6146436	
0.0459	-43.6068703	
0.0460	-43.5990834	
0.0461	-43.5912857	
0.0462	-43.5834796	
0.0463	-43.5756677	
0.0464	-43.5678525	
0.0465	-43.5600364	
0.0466	-43.5522221	
0.0467	-43.5444117	
0.0468	-43.5366079	
0.0469	-43.528813	
0.0470	-43.5210292	
0.0471	-43.5132591	
0.0472	-43.5055048	
0.0473	-43.4977688	
0.0474	-43.4900532	
0.0475	-43.4823603	
0.0476	-43.4746924	
0.0477	-43.4670516	
0.0478	-43.4594403	
0.0479	-43.4518605	
0.0480	-43.4443144	
0.0481	-43.4368041	
0.0482	-43.4293319	
0.0483	-43.4218998	
0.0484	-43.4145099	
0.0485	-43.4071643	
0.0486	-43.399865	
0.0487	-43.3926142	
0.0488	-43.3854137	
0.0489	-43.3782658	
0.0490	-43.3711723	
0.0491	-43.3641352	
0.0492	-43.3571566	
0.0493	-43.3502383	
0.0494	-43.3433824	
0.0495	-43.3365908	
0.0496	-43.3298653	
0.0497	-43.3232079	
0.0498	-43.3166205	
0.0499	-43.310105	
0.0500	-43.3036631	
0.0501	-43.2972968	
0.0502	-43.2910079	
0.0503	-43.2847981	
0.0504	-43.2786693	
0.0505	-43.2726233	
0.0506	-43.2666618	
0.0507	-43.2607866	
0.0508	-43.2549994	
0.0509	-43.2493019	
0.0510	-43.2436958	
0.0511	-43.2381827	
0.0512	-43.2327644	
0.0513	-43.2274425	
0.0514	-43.2222185	
0.0515	-43.2170941	
0.0516	-43.2120709	
0.0517	-43.2071503	
0.0518	-43.202334	
0.0519	-43.1976234	
0.0520	-43.19302	
0.0521	-43.1885252	
0.0522	-43.1841405	
0.0523	-43.1798673	
0.0524	-43.175707	
0.0525	-43.1716608	
0.0526	-43.1677301	
0.0527	-43.1639163	
0.0528	-43.1602204	
0.0529	-43.1566438	
0.0530	-43.1531876	
0.0531	-43.149853	
0.0532	-43.146641	
0.0533	-43.1435528	
0.0534	-43.1405894	
0.0535	-43.1377518	
0.0536	-43.1350409	
0.0537	-43.1324577	
0.0538	-43.130003	
0.0539	-43.1276776	
0.0540	-43.1254824	
0.0541	-43.123418	
0.0542	-43.1214851	
0.0543	-43.1196844	
0.0544	-43.1180164	
0.0545	-43.1164817	
0.0546	-43.1150808	
0.0547	-43.1138141	
0.0548	-43.1126819	
0.0549	-43.1116846	
0.0550	-43.1108225	
0.0551	-43.1100956	
0.0552	-43.1095042	
0.0553	-43.1090484	
0.0554	-43.1087281	
0.0555	-43.1085433	
0.0556	-43.1084939	
0.0557	-43.1085797	
0.0558	-43.1088004	
0.0559	-43.1091558	
0.0560	-43.1096455	
0.0561	-43.110269	
0.0562	-43.1110258	
0.0563	-43.1119154	
0.0564	-43.112937	
0.0565	-43.1140899	
0.0566	-43.1153733	
0.0567	-43.1167864	
0.0568	-43.1183282	
0.0569	-43.1199977	
0.0570	-43.1217939	
0.0571	-43.1237154	
0.0572	-43.1257611	
0.0573	-43.1279298	
0.0574	-43.1302199	
0.0575	-43.1326301	
0.0576	-43.1351588	
0.0577	-43.1378044	
0.0578	-43.1405652	
0.0579	-43.1434396	
0.0580	-43.1464256	
0.0581	-43.1495215	
0.0582	-43.1527252	
0.0583	-43.1560347	
0.0584	-43.1594479	
0.0585	-43.1629628	
0.0586	-43.166577	
0.0587	-43.1702883	
0.0588	-43.1740943	
0.0589	-43.1779927	
0.0590	-43.181981	
0.0591	-43.1860566	
0.0592	-43.1902171	
0.0593	-43.1944597	
0.0594	-43.1987818	
0.0595	-43.2031807	
0.0596	-43.2076535	
0.0597	-43.2121976	
0.0598	-43.21681	
0.0599	-43.2214878	
0.0600	-43.2262282	
0.0601	-43.231028	
0.0602	-43.2358844	
0.0603	-43.2407943	
0.0604	-43.2457547	
0.0605	-43.2507624	
0.0606	-43.2558143	
0.0607	-43.2609074	
0.0608	-43.2660385	
0.0609	-43.2712045	
0.0610	-43.2764021	
0.0611	-43.2816283	
0.0612	-43.2868798	
0.0613	-43.2921535	
0.0614	-43.2974462	
0.0615	-43.3027548	
0.0616	-43.308076	
0.0617	-43.3134068	
0.0618	-43.318744	
0.0619	-43.3240844	
0.0620	-43.3294251	
0.0621	-43.3347628	
0.0622	-43.3400946	
0.0623	-43.3454173	
0.0624	-43.3507281	
0.0625	-43.3560239	
0.0626	-43.3613019	
0.0627	-43.366559	
0.0628	-43.3717925	
0.0629	-43.3769995	
0.0630	-43.3821773	
0.0631	-43.3873231	
0.0632	-43.3924343	
0.0633	-43.3975081	
0.0634	-43.4025421	
0.0635	-43.4075337	
0.0636	-43.4124804	
0.0637	-43.4173798	
0.0638	-43.4222296	
0.0639	-43.4270274	
0.0640	-43.4317711	
0.0641	-43.4364583	
0.0642	-43.4410871	
0.0643	-43.4456553	
0.0644	-43.450161	
0.0645	-43.4546023	
0.0646	-43.4589772	
0.0647	-43.463284	
0.0648	-43.4675211	
0.0649	-43.4716866	
0.0650	-43.4757791	
0.0651	-43.479797	
0.0652	-43.4837389	
0.0653	-43.4876033	
0.0654	-43.491389	
0.0655	-43.4950948	
0.0656	-43.4987194	
0.0657	-43.5022617	
0.0658	-43.5057208	
0.0659	-43.5090956	
0.0660	-43.5123852	
0.0661	-43.5155887	
0.0662	-43.5187055	
0.0663	-43.5217348	
0.0664	-43.5246759	
0.0665	-43.5275283	
0.0666	-43.5302915	
0.0667	-43.5329649	
0.0668	-43.5355483	
0.0669	-43.5380412	
0.0670	-43.5404434	
0.0671	-43.5427547	
0.0672	-43.5449749	
0.0673	-43.5471039	
0.0674	-43.5491417	
0.0675	-43.5510882	
0.0676	-43.5529436	
0.0677	-43.554708	
0.0678	-43.5563814	
0.0679	-43.5579641	
0.0680	-43.5594564	
0.0681	-43.5608586	
0.0682	-43.562171	
0.0683	-43.563394	
0.0684	-43.5645281	
0.0685	-43.5655737	
0.0686	-43.5665314	
0.0687	-43.5674018	
0.0688	-43.5681853	
0.0689	-43.5688827	
0.0690	-43.5694946	
0.0691	-43.5700218	
0.0692	-43.5704649	
0.0693	-43.5708248	
0.0694	-43.5711023	
0.0695	-43.5712981	
0.0696	-43.5714132	
0.0697	-43.5714485	
0.0698	-43.5714048	
0.0699	-43.5712831	
0.0700	-43.5710843	
0.0701	-43.5708096	
0.0702	-43.5704597	
0.0703	-43.5700359	
0.0704	-43.5695392	
0.0705	-43.5689705	
0.0706	-43.5683311	
0.0707	-43.567622	
0.0708	-43.5668444	
0.0709	-43.5659993	
0.0710	-43.565088	
0.0711	-43.5641116	
0.0712	-43.5630713	
0.0713	-43.5619683	
0.0714	-43.5608037	
0.0715	-43.5595789	
0.0716	-43.5582949	
0.0717	-43.5569532	
0.0718	-43.5555548	
0.0719	-43.5541011	
0.0720	-43.5525933	
0.0721	-43.5510326	
0.0722	-43.5494204	
0.0723	-43.5477578	
0.0724	-43.5460463	
0.0725	-43.544287	
0.0726	-43.5424812	
0.0727	-43.5406303	
0.0728	-43.5387355	
0.0729	-43.536798	
0.0730	-43.5348193	
0.0731	-43.5328005	
0.0732	-43.5307431	
0.0733	-43.5286481	
0.0734	-43.526517	
0.0735	-43.5243511	
0.0736	-43.5221516	
0.0737	-43.5199197	
0.0738	-43.5176569	
0.0739	-43.5153643	
0.0740	-43.5130433	
0.0741	-43.5106951	
0.0742	-43.5083209	
0.0743	-43.5059221	
0.0744	-43.5035	
0.0745	-43.5010556	
0.0746	-43.4985904	
0.0747	-43.4961055	
0.0748	-43.4936022	
0.0749	-43.4910817	
0.0750	-43.4885452	
0.0751	-43.485994	
0.0752	-43.4834293	
0.0753	-43.4808523	
0.0754	-43.4782641	
0.0755	-43.475666	
0.0756	-43.4730591	
0.0757	-43.4704447	
0.0758	-43.4678238	
0.0759	-43.4651977	
0.0760	-43.4625674	
0.0761	-43.4599342	
0.0762	-43.4572992	
0.0763	-43.4546634	
0.0764	-43.452028	
0.0765	-43.4493941	
0.0766	-43.4467628	
0.0767	-43.4441352	
0.0768	-43.4415123	
0.0769	-43.4388952	
0.0770	-43.4362849	
0.0771	-43.4336826	
0.0772	-43.4310891	
0.0773	-43.4285057	
0.0774	-43.4259331	
0.0775	-43.4233725	
0.0776	-43.4208248	
0.0777	-43.418291	
0.0778	-43.4157721	
0.0779	-43.413269	
0.0780	-43.4107826	
0.0781	-43.4083139	
0.0782	-43.4058637	
0.0783	-43.403433	
0.0784	-43.4010227	
0.0785	-43.3986336	
0.0786	-43.3962666	
0.0787	-43.3939225	
0.0788	-43.3916021	
0.0789	-43.3893064	
0.0790	-43.387036	
0.0791	-43.3847917	
0.0792	-43.3825744	
0.0793	-43.3803848	
0.0794	-43.3782237	
0.0795	-43.3760917	
0.0796	-43.3739896	
0.0797	-43.3719181	
0.0798	-43.3698778	
0.0799	-43.3678695	
0.0800	-43.3658938	
0.0801	-43.3639513	
0.0802	-43.3620426	
0.0803	-43.3601684	
0.0804	-43.3583293	
0.0805	-43.3565257	
0.0806	-43.3547583	
0.0807	-43.3530276	
0.0808	-43.3513342	
0.0809	-43.3496785	
0.0810	-43.3480609	
0.0811	-43.3464821	
0.0812	-43.3449424	
0.0813	-43.3434423	
0.0814	-43.3419821	
0.0815	-43.3405624	
0.0816	-43.3391834	
0.0817	-43.3378455	
0.0818	-43.3365491	
0.0819	-43.3352944	
0.0820	-43.3340819	
0.0821	-43.3329118	
0.0822	-43.3317843	
0.0823	-43.3306997	
0.0824	-43.3296582	
0.0825	-43.3286601	
0.0826	-43.3277055	
0.0827	-43.3267946	
0.0828	-43.3259276	
0.0829	-43.3251046	
0.0830	-43.3243256	
0.0831	-43.3235909	
0.0832	-43.3229004	
0.0833	-43.3222543	
0.0834	-43.3216525	
0.0835	-43.3210952	
0.0836	-43.3205821	
0.0837	-43.3201135	
0.0838	-43.3196891	
0.0839	-43.319309	
0.0840	-43.3189731	
0.0841	-43.3186812	
0.0842	-43.3184333	
0.0843	-43.3182291	
0.0844	-43.3180686	
0.0845	-43.3179516	
0.0846	-43.3178778	
0.0847	-43.317847	
0.0848	-43.3178591	
0.0849	-43.3179136	
0.0850	-43.3180105	
0.0851	-43.3181493	
0.0852	-43.3183298	
0.0853	-43.3185516	
0.0854	-43.3188144	
0.0855	-43.3191178	
0.0856	-43.3194614	
0.0857	-43.3198448	
0.0858	-43.3202676	
0.0859	-43.3207294	
0.0860	-43.3212297	
0.0861	-43.321768	
0.0862	-43.3223439	
0.0863	-43.3229568	
0.0864	-43.3236062	
0.0865	-43.3242916	
0.0866	-43.3250125	
0.0867	-43.3257682	
0.0868	-43.3265581	
0.0869	-43.3273818	
0.0870	-43.3282385	
0.0871	-43.3291277	
0.0872	-43.3300488	
0.0873	-43.3310009	
0.0874	-43.3319836	
0.0875	-43.3329961	
0.0876	-43.3340378	
0.0877	-43.3351079	
0.0878	-43.3362057	
0.0879	-43.3373306	
0.0880	-43.3384818	
0.0881	-43.3396585	
0.0882	-43.34086	
0.0883	-43.3420856	
0.0884	-43.3433344	
0.0885	-43.3446058	
0.0886	-43.3458989	
0.0887	-43.347213	
0.0888	-43.3485472	
0.0889	-43.3499007	
0.0890	-43.3512729	
0.0891	-43.3526627	
0.0892	-43.3540695	
0.0893	-43.3554925	
0.0894	-43.3569307	
0.0895	-43.3583834	
0.0896	-43.3598497	
0.0897	-43.3613289	
0.0898	-43.36282	
0.0899	-43.3643223	
0.0900	-43.365835	
0.0901	-43.3673571	
0.0902	-43.368888	
0.0903	-43.3704266	
0.0904	-43.3719723	
0.0905	-43.3735242	
0.0906	-43.3750815	
0.0907	-43.3766433	
0.0908	-43.3782088	
0.0909	-43.3797773	
0.0910	-43.3813479	
0.0911	-43.3829198	
0.0912	-43.3844923	
0.0913	-43.3860645	
0.0914	-43.3876356	
0.0915	-43.3892049	
0.0916	-43.3907715	
0.0917	-43.3923348	
0.0918	-43.393894	
0.0919	-43.3954484	
0.0920	-43.3969971	
0.0921	-43.3985394	
0.0922	-43.4000747	
0.0923	-43.4016023	
0.0924	-43.4031213	
0.0925	-43.4046312	
0.0926	-43.4061313	
0.0927	-43.4076208	
0.0928	-43.4090992	
0.0929	-43.4105658	
0.0930	-43.4120199	
0.0931	-43.4134609	
0.0932	-43.4148883	
0.0933	-43.4163014	
0.0934	-43.4176996	
0.0935	-43.4190824	
0.0936	-43.4204492	
0.0937	-43.4217994	
0.0938	-43.4231327	
0.0939	-43.4244483	
0.0940	-43.4257458	
0.0941	-43.4270248	
0.0942	-43.4282848	
0.0943	-43.4295252	
0.0944	-43.4307457	
0.0945	-43.4319459	
0.0946	-43.4331252	
0.0947	-43.4342833	
0.0948	-43.4354199	
0.0949	-43.4365345	
0.0950	-43.4376269	
0.0951	-43.4386965	
0.0952	-43.4397433	
0.0953	-43.4407667	
0.0954	-43.4417666	
0.0955	-43.4427426	
0.0956	-43.4436945	
0.0957	-43.444622	
0.0958	-43.4455249	
0.0959	-43.4464031	
0.0960	-43.4472562	
0.0961	-43.448084	
0.0962	-43.4488865	
0.0963	-43.4496634	
0.0964	-43.4504147	
0.0965	-43.4511401	
0.0966	-43.4518396	
0.0967	-43.452513	
0.0968	-43.4531603	
0.0969	-43.4537813	
0.0970	-43.4543761	
0.0971	-43.4549446	
0.0972	-43.4554868	
0.0973	-43.4560025	
0.0974	-43.4564919	
0.0975	-43.456955	
0.0976	-43.4573916	
0.0977	-43.457802	
0.0978	-43.4581861	
0.0979	-43.458544	
0.0980	-43.4588757	
0.0981	-43.4591814	
0.0982	-43.4594612	
0.0983	-43.459715	
0.0984	-43.4599432	
0.0985	-43.4601457	
0.0986	-43.4603227	
0.0987	-43.4604745	
0.0988	-43.4606011	
0.0989	-43.4607027	
0.0990	-43.4607795	
0.0991	-43.4608317	
0.0992	-43.4608595	
0.0993	-43.4608631	
0.0994	-43.4608427	
0.0995	-43.4607986	
0.0996	-43.460731	
0.0997	-43.4606401	
0.0998	-43.4605262	
0.0999	-43.4603896	
0.1000	-43.4602306	
0.1001	-43.4600494	
0.1002	-43.4598463	
0.1003	-43.4596215	
0.1004	-43.4593756	
0.1005	-43.4591086	
0.1006	-43.458821	
0.1007	-43.458513	
0.1008	-43.458185	
0.1009	-43.4578374	
0.1010	-43.4574704	
0.1011	-43.4570844	
0.1012	-43.4566798	
0.1013	-43.456257	
0.1014	-43.4558162	
0.1015	-43.4553578	
0.1016	-43.4548823	
0.1017	-43.45439	
0.1018	-43.4538813	
0.1019	-43.4533565	
0.1020	-43.4528161	
0.1021	-43.4522604	
0.1022	-43.4516898	
0.1023	-43.4511048	
0.1024	-43.4505057	
0.1025	-43.4498929	
0.1026	-43.4492669	
0.1027	-43.448628	
0.1028	-43.4479767	
0.1029	-43.4473133	
0.1030	-43.4466383	
0.1031	-43.445952	
0.1032	-43.445255	
0.1033	-43.4445476	
0.1034	-43.4438302	
0.1035	-43.4431032	
0.1036	-43.4423671	
0.1037	-43.4416223	
0.1038	-43.4408692	
0.1039	-43.4401082	
0.1040	-43.4393397	
0.1041	-43.4385642	
0.1042	-43.437782	
0.1043	-43.4369937	
0.1044	-43.4361995	
0.1045	-43.4353999	
0.1046	-43.4345953	
0.1047	-43.4337862	
0.1048	-43.4329729	
0.1049	-43.4321559	
0.1050	-43.4313355	
0.1051	-43.4305122	
0.1052	-43.4296864	
0.1053	-43.4288584	
0.1054	-43.4280286	
0.1055	-43.4271975	
0.1056	-43.4263655	
0.1057	-43.4255329	
0.1058	-43.4247001	
0.1059	-43.4238675	
0.1060	-43.4230355	
0.1061	-43.4222045	
0.1062	-43.4213748	
0.1063	-43.4205468	
0.1064	-43.4197208	
0.1065	-43.4188973	
0.1066	-43.4180766	
0.1067	-43.417259	
0.1068	-43.4164449	
0.1069	-43.4156346	
0.1070	-43.4148286	
0.1071	-43.414027	
0.1072	-43.4132303	
0.1073	-43.4124387	
0.1074	-43.4116527	
0.1075	-43.4108724	
0.1076	-43.4100983	
0.1077	-43.4093307	
0.1078	-43.4085697	
0.1079	-43.4078158	
0.1080	-43.4070693	
0.1081	-43.4063303	
0.1082	-43.4055992	
0.1083	-43.4048763	
0.1084	-43.4041619	
0.1085	-43.4034561	
0.1086	-43.4027593	
0.1087	-43.4020718	
0.1088	-43.4013937	
0.1089	-43.4007252	
0.1090	-43.4000668	
0.1091	-43.3994185	
0.1092	-43.3987806	
0.1093	-43.3981533	
0.1094	-43.3975368	
0.1095	-43.3969313	
0.1096	-43.396337	
0.1097	-43.3957542	
0.1098	-43.3951829	
0.1099	-43.3946234	
0.1100	-43.3940759	
0.1101	-43.3935405	
0.1102	-43.3930173	
0.1103	-43.3925065	
0.1104	-43.3920084	
0.1105	-43.3915229	
0.1106	-43.3910502	
0.1107	-43.3905905	
0.1108	-43.3901439	
0.1109	-43.3897105	
0.1110	-43.3892903	
0.1111	-43.3888836	
0.1112	-43.3884904	
0.1113	-43.3881107	
0.1114	-43.3877447	
0.1115	-43.3873923	
0.1116	-43.3870538	
0.1117	-43.3867291	
0.1118	-43.3864184	
0.1119	-43.3861215	
0.1120	-43.3858386	
0.1121	-43.3855698	
0.1122	-43.385315	
0.1123	-43.3850742	
0.1124	-43.3848475	
0.1125	-43.3846348	
0.1126	-43.3844363	
0.1127	-43.3842518	
0.1128	-43.3840813	
0.1129	-43.3839249	
0.1130	-43.3837824	
0.1131	-43.3836539	
0.1132	-43.3835394	
0.1133	-43.3834387	
0.1134	-43.3833519	
0.1135	-43.3832788	
0.1136	-43.3832194	
0.1137	-43.3831737	
0.1138	-43.3831415	
0.1139	-43.3831228	
0.1140	-43.3831175	
0.1141	-43.3831255	
0.1142	-43.3831467	
0.1143	-43.383181	
0.1144	-43.3832283	
0.1145	-43.3832884	
0.1146	-43.3833613	
0.1147	-43.3834468	
0.1148	-43.3835448	
0.1149	-43.3836551	
0.1150	-43.3837777	
0.1151	-43.3839123	
0.1152	-43.3840589	
0.1153	-43.3842172	
0.1154	-43.3843872	
0.1155	-43.3845685	
0.1156	-43.3847612	
0.1157	-43.3849649	
0.1158	-43.3851796	
0.1159	-43.385405	
0.1160	-43.385641	
0.1161	-43.3858873	
0.1162	-43.3861438	
0.1163	-43.3864104	
0.1164	-43.3866867	
0.1165	-43.3869725	
0.1166	-43.3872678	
0.1167	-43.3875722	
0.1168	-43.3878856	
0.1169	-43.3882077	
0.1170	-43.3885384	
0.1171	-43.3888773	
0.1172	-43.3892244	
0.1173	-43.3895793	
0.1174	-43.3899418	
0.1175	-43.3903118	
0.1176	-43.3906889	
0.1177	-43.391073	
0.1178	-43.3914638	
0.1179	-43.391861	
0.1180	-43.3922645	
0.1181	-43.392674	
0.1182	-43.3930893	
0.1183	-43.3935101	
0.1184	-43.3939361	
0.1185	-43.3943672	
0.1186	-43.3948031	
0.1187	-43.3952435	
0.1188	-43.3956883	
0.1189	-43.3961371	
0.1190	-43.3965897	
0.1191	-43.3970459	
0.1192	-43.3975055	
0.1193	-43.3979681	
0.1194	-43.3984335	
0.1195	-43.3989016	
0.1196	-43.399372	
0.1197	-43.3998446	
0.1198	-43.400319	
0.1199	-43.400795	
0.1200	-43.4012725	
0.1201	-43.4017511	
0.1202	-43.4022306	
0.1203	-43.4027108	
0.1204	-43.4031915	
0.1205	-43.4036723	
0.1206	-43.4041532	
0.1207	-43.4046339	
0.1208	-43.405114	
0.1209	-43.4055935	
0.1210	-43.4060721	
0.1211	-43.4065495	
0.1212	-43.4070256	
0.1213	-43.4075002	
0.1214	-43.4079729	
0.1215	-43.4084437	
0.1216	-43.4089122	
0.1217	-43.4093784	
0.1218	-43.409842	
0.1219	-43.4103028	
0.1220	-43.4107605	
0.1221	-43.4112151	
0.1222	-43.4116663	
0.1223	-43.4121139	
0.1224	-43.4125578	
0.1225	-43.4129978	
0.1226	-43.4134336	
0.1227	-43.4138651	
0.1228	-43.4142923	
0.1229	-43.4147147	
0.1230	-43.4151325	
0.1231	-43.4155452	
0.1232	-43.4159529	
0.1233	-43.4163553	
0.1234	-43.4167524	
0.1235	-43.4171439	
0.1236	-43.4175297	
0.1237	-43.4179097	
0.1238	-43.4182838	
0.1239	-43.4186518	
0.1240	-43.4190136	
0.1241	-43.4193691	
0.1242	-43.4197182	
0.1243	-43.4200607	
0.1244	-43.4203966	
0.1245	-43.4207257	
0.1246	-43.421048	
0.1247	-43.4213633	
0.1248	-43.4216716	
0.1249	-43.4219728	
0.1250	-43.4222668	
0.1251	-43.4225535	
0.1252	-43.4228328	
0.1253	-43.4231047	
0.1254	-43.4233691	
0.1255	-43.423626	
0.1256	-43.4238752	
0.1257	-43.4241168	
0.1258	-43.4243507	
0.1259	-43.4245768	
0.1260	-43.4247952	
0.1261	-43.4250057	
0.1262	-43.4252083	
0.1263	-43.425403	
0.1264	-43.4255898	
0.1265	-43.4257687	
0.1266	-43.4259397	
0.1267	-43.4261026	
0.1268	-43.4262576	
0.1269	-43.4264046	
0.1270	-43.4265437	
0.1271	-43.4266747	
0.1272	-43.4267978	
0.1273	-43.4269129	
0.1274	-43.4270201	
0.1275	-43.4271194	
0.1276	-43.4272108	
0.1277	-43.4272943	
0.1278	-43.4273699	
0.1279	-43.4274377	
0.1280	-43.4274978	
0.1281	-43.42755	
0.1282	-43.4275947	
0.1283	-43.4276316	
0.1284	-43.4276609	
0.1285	-43.4276827	
0.1286	-43.427697	
0.1287	-43.4277039	
0.1288	-43.4277034	
0.1289	-43.4276956	
0.1290	-43.4276805	
0.1291	-43.4276582	
0.1292	-43.4276289	
0.1293	-43.4275925	
0.1294	-43.4275492	
0.1295	-43.427499	
0.1296	-43.4274421	
0.1297	-43.4273784	
0.1298	-43.4273082	
0.1299	-43.4272314	
0.1300	-43.4271482	
0.1301	-43.4270586	
0.1302	-43.4269629	
0.1303	-43.426861	
0.1304	-43.426753	
0.1305	-43.4266392	
0.1306	-43.4265195	
0.1307	-43.4263941	
0.1308	-43.4262631	
0.1309	-43.4261266	
0.1310	-43.4259847	
0.1311	-43.4258376	
0.1312	-43.4256852	
0.1313	-43.4255279	
0.1314	-43.4253656	
0.1315	-43.4251986	
0.1316	-43.4250268	
0.1317	-43.4248505	
0.1318	-43.4246698	
0.1319	-43.4244848	
0.1320	-43.4242955	
0.1321	-43.4241022	
0.1322	-43.423905	
0.1323	-43.4237039	
0.1324	-43.4234992	
0.1325	-43.423291	
0.1326	-43.4230793	
0.1327	-43.4228643	
0.1328	-43.4226461	
0.1329	-43.422425	
0.1330	-43.4222009	
0.1331	-43.421974	
0.1332	-43.4217445	
0.1333	-43.4215125	
0.1334	-43.4212782	
0.1335	-43.4210415	
0.1336	-43.4208028	
0.1337	-43.4205621	
0.1338	-43.4203195	
0.1339	-43.4200753	
0.1340	-43.4198294	
0.1341	-43.419582	
0.1342	-43.4193334	
0.1343	-43.4190835	
0.1344	-43.4188326	
0.1345	-43.4185807	
0.1346	-43.418328	
0.1347	-43.4180746	
0.1348	-43.4178207	
0.1349	-43.4175663	
0.1350	-43.4173116	
0.1351	-43.4170568	
0.1352	-43.4168018	
0.1353	-43.4165469	
0.1354	-43.4162922	
0.1355	-43.4160378	
0.1356	-43.4157838	
0.1357	-43.4155304	
0.1358	-43.4152776	
0.1359	-43.4150256	
0.1360	-43.4147744	
0.1361	-43.4145243	
0.1362	-43.4142752	
0.1363	-43.4140274	
0.1364	-43.4137808	
0.1365	-43.4135358	
0.1366	-43.4132922	
0.1367	-43.4130503	
0.1368	-43.4128101	
0.1369	-43.4125718	
0.1370	-43.4123354	
0.1371	-43.4121011	
0.1372	-43.4118689	
0.1373	-43.4116389	
0.1374	-43.4114113	
0.1375	-43.411186	
0.1376	-43.4109633	
0.1377	-43.4107431	
0.1378	-43.4105256	
0.1379	-43.4103109	
0.1380	-43.410099	
0.1381	-43.4098901	
0.1382	-43.4096841	
0.1383	-43.4094812	
0.1384	-43.4092814	
0.1385	-43.4090848	
0.1386	-43.4088915	
0.1387	-43.4087016	
0.1388	-43.4085151	
0.1389	-43.4083321	
0.1390	-43.4081526	
0.1391	-43.4079766	
0.1392	-43.4078044	
0.1393	-43.4076358	
0.1394	-43.4074711	
0.1395	-43.4073101	
0.1396	-43.4071529	
0.1397	-43.4069997	
0.1398	-43.4068504	
0.1399	-43.4067052	
0.1400	-43.4065639	
0.1401	-43.4064267	
0.1402	-43.4062936	
0.1403	-43.4061647	
0.1404	-43.4060399	
0.1405	-43.4059192	
0.1406	-43.4058029	
0.1407	-43.4056907	
0.1408	-43.4055828	
0.1409	-43.4054792	
0.1410	-43.4053799	
0.1411	-43.4052849	
0.1412	-43.4051943	
0.1413	-43.405108	
0.1414	-43.405026	
0.1415	-43.4049484	
0.1416	-43.4048752	
0.1417	-43.4048063	
0.1418	-43.4047418	
0.1419	-43.4046816	
0.1420	-43.4046258	
0.1421	-43.4045744	
0.1422	-43.4045273	
0.1423	-43.4044846	
0.1424	-43.4044462	
0.1425	-43.4044121	
0.1426	-43.4043823	
0.1427	-43.4043567	
0.1428	-43.4043355	
0.1429	-43.4043185	
0.1430	-43.4043057	
0.1431	-43.4042971	
0.1432	-43.4042927	
0.1433	-43.4042924	
0.1434	-43.4042962	
0.1435	-43.4043041	
0.1436	-43.4043161	
0.1437	-43.404332	
0.1438	-43.404352	
0.1439	-43.4043758	
0.1440	-43.4044036	
0.1441	-43.4044353	
0.1442	-43.4044707	
0.1443	-43.4045099	
0.1444	-43.4045529	
0.1445	-43.4045995	
0.1446	-43.4046497	
0.1447	-43.4047036	
0.1448	-43.4047609	
0.1449	-43.4048218	
0.1450	-43.404886	
0.1451	-43.4049537	
0.1452	-43.4050246	
0.1453	-43.4050988	
0.1454	-43.4051762	
0.1455	-43.4052567	
0.1456	-43.4053403	
0.1457	-43.4054269	
0.1458	-43.4055165	
0.1459	-43.405609	
0.1460	-43.4057043	
0.1461	-43.4058023	
0.1462	-43.4059031	
0.1463	-43.4060065	
0.1464	-43.4061124	
0.1465	-43.4062209	
0.1466	-43.4063317	
0.1467	-43.406445	
0.1468	-43.4065605	
0.1469	-43.4066782	
0.1470	-43.4067981	
0.1471	-43.40692	
0.1472	-43.407044	
0.1473	-43.4071698	
0.1474	-43.4072976	
0.1475	-43.4074271	
0.1476	-43.4075584	
0.1477	-43.4076912	
0.1478	-43.4078257	
0.1479	-43.4079616	
0.1480	-43.408099	
0.1481	-43.4082377	
0.1482	-43.4083776	
0.1483	-43.4085188	
0.1484	-43.4086611	
0.1485	-43.4088044	
0.1486	-43.4089487	
0.1487	-43.4090939	
0.1488	-43.40924	
0.1489	-43.4093867	
0.1490	-43.4095342	
0.1491	-43.4096823	
0.1492	-43.4098309	
0.1493	-43.40998	
0.1494	-43.4101294	
0.1495	-43.4102792	
0.1496	-43.4104292	
0.1497	-43.4105794	
0.1498	-43.4107297	
0.1499	-43.4108801	
0.1500	-43.4110304	
0.1501	-43.4111806	
0.1502	-43.4113306	
0.1503	-43.4114804	
0.1504	-43.4116299	
0.1505	-43.4117791	
0.1506	-43.4119278	
0.1507	-43.4120759	
0.1508	-43.4122236	
0.1509	-43.4123706	
0.1510	-43.4125169	
0.1511	-43.4126625	
0.1512	-43.4128072	
0.1513	-43.4129511	
0.1514	-43.413094	
0.1515	-43.413236	
0.1516	-43.4133769	
0.1517	-43.4135167	
0.1518	-43.4136554	
0.1519	-43.4137928	
0.1520	-43.413929	
0.1521	-43.4140639	
0.1522	-43.4141974	
0.1523	-43.4143294	
0.1524	-43.41446	
0.1525	-43.4145892	
0.1526	-43.4147167	
0.1527	-43.4148426	
0.1528	-43.4149669	
0.1529	-43.4150895	
0.1530	-43.4152104	
0.1531	-43.4153295	
0.1532	-43.4154467	
0.1533	-43.4155621	
0.1534	-43.4156757	
0.1535	-43.4157872	
0.1536	-43.4158969	
0.1537	-43.4160045	
0.1538	-43.4161101	
0.1539	-43.4162137	
0.1540	-43.4163151	
0.1541	-43.4164144	
0.1542	-43.4165116	
0.1543	-43.4166066	
0.1544	-43.4166995	
0.1545	-43.4167901	
0.1546	-43.4168784	
0.1547	-43.4169645	
0.1548	-43.4170483	
0.1549	-43.4171298	
0.1550	-43.417209	
0.1551	-43.4172858	
0.1552	-43.4173603	
0.1553	-43.4174324	
0.1554	-43.4175021	
0.1555	-43.4175695	
0.1556	-43.4176344	
0.1557	-43.4176969	
0.1558	-43.4177571	
0.1559	-43.4178148	
0.1560	-43.41787	
0.1561	-43.4179228	
0.1562	-43.4179732	
0.1563	-43.4180212	
0.1564	-43.4180667	
0.1565	-43.4181098	
0.1566	-43.4181504	
0.1567	-43.4181886	
0.1568	-43.4182244	
0.1569	-43.4182578	
0.1570	-43.4182887	
0.1571	-43.4183172	
0.1572	-43.4183434	
0.1573	-43.4183671	
0.1574	-43.4183884	
0.1575	-43.4184074	
0.1576	-43.418424	
0.1577	-43.4184383	
0.1578	-43.4184503	
0.1579	-43.4184599	
0.1580	-43.4184672	
0.1581	-43.4184723	
0.1582	-43.4184751	
0.1583	-43.4184757	
0.1584	-43.418474	
0.1585	-43.4184701	
0.1586	-43.4184641	
0.1587	-43.4184559	
0.1588	-43.4184455	
0.1589	-43.4184331	
0.1590	-43.4184186	
0.1591	-43.418402	
0.1592	-43.4183834	
0.1593	-43.4183628	
0.1594	-43.4183402	
0.1595	-43.4183157	
0.1596	-43.4182892	
0.1597	-43.4182609	
0.1598	-43.4182307	
0.1599	-43.4181987	
0.1600	-43.4181649	
0.1601	-43.4181294	
0.1602	-43.4180921	
0.1603	-43.4180531	
0.1604	-43.4180125	
0.1605	-43.4179703	
0.1606	-43.4179265	
0.1607	-43.4178811	
0.1608	-43.4178342	
0.1609	-43.4177858	
0.1610	-43.417736	
0.1611	-43.4176848	
0.1612	-43.4176322	
0.1613	-43.4175783	
0.1614	-43.4175231	
0.1615	-43.4174667	
0.1616	-43.4174091	
0.1617	-43.4173502	
0.1618	-43.4172903	
0.1619	-43.4172292	
0.1620	-43.4171671	
0.1621	-43.417104	
0.1622	-43.4170399	
0.1623	-43.4169749	
0.1624	-43.416909	
0.1625	-43.4168423	
0.1626	-43.4167747	
0.1627	-43.4167063	
0.1628	-43.4166373	
0.1629	-43.4165675	
0.1630	-43.4164971	
0.1631	-43.4164261	
0.1632	-43.4163545	
0.1633	-43.4162824	
0.1634	-43.4162098	
0.1635	-43.4161367	
0.1636	-43.4160633	
0.1637	-43.4159895	
0.1638	-43.4159153	
0.1639	-43.4158409	
0.1640	-43.4157662	
0.1641	-43.4156914	
0.1642	-43.4156163	
0.1643	-43.4155411	
0.1644	-43.4154659	
0.1645	-43.4153905	
0.1646	-43.4153152	
0.1647	-43.4152399	
0.1648	-43.4151646	
0.1649	-43.4150895	
0.1650	-43.4150145	
0.1651	-43.4149396	
0.1652	-43.414865	
0.1653	-43.4147906	
0.1654	-43.4147165	
0.1655	-43.4146427	
0.1656	-43.4145692	
0.1657	-43.4144961	
0.1658	-43.4144235	
0.1659	-43.4143512	
0.1660	-43.4142795	
0.1661	-43.4142083	
0.1662	-43.4141376	
0.1663	-43.4140675	
0.1664	-43.413998	
0.1665	-43.4139292	
0.1666	-43.413861	
0.1667	-43.4137935	
0.1668	-43.4137267	
0.1669	-43.4136607	
0.1670	-43.4135954	
0.1671	-43.413531	
0.1672	-43.4134674	
0.1673	-43.4134046	
0.1674	-43.4133428	
0.1675	-43.4132818	
0.1676	-43.4132218	
0.1677	-43.4131627	
0.1678	-43.4131046	
0.1679	-43.4130475	
0.1680	-43.4129914	
0.1681	-43.4129363	
0.1682	-43.4128823	
0.1683	-43.4128294	
0.1684	-43.4127776	
0.1685	-43.4127268	
0.1686	-43.4126773	
0.1687	-43.4126288	
0.1688	-43.4125816	
0.1689	-43.4125355	
0.1690	-43.4124906	
0.1691	-43.4124469	
0.1692	-43.4124044	
0.1693	-43.4123631	
0.1694	-43.4123231	
0.1695	-43.4122844	
0.1696	-43.4122469	
0.1697	-43.4122107	
0.1698	-43.4121758	
0.1699	-43.4121421	
0.1700	-43.4121098	
0.1701	-43.4120788	
0.1702	-43.4120491	
0.1703	-43.4120207	
0.1704	-43.4119936	
0.1705	-43.4119679	
0.1706	-43.4119435	
0.1707	-43.4119204	
0.1708	-43.4118987	
0.1709	-43.4118783	
0.1710	-43.4118592	
0.1711	-43.4118415	
0.1712	-43.4118252	
0.1713	-43.4118101	
0.1714	-43.4117964	
0.1715	-43.4117841	
0.1716	-43.4117731	
0.1717	-43.4117634	
0.1718	-43.411755	
0.1719	-43.411748	
0.1720	-43.4117422	
0.1721	-43.4117378	
0.1722	-43.4117347	
0.1723	-43.4117329	
0.1724	-43.4117324	
0.1725	-43.4117332	
0.1726	-43.4117352	
0.1727	-43.4117385	
0.1728	-43.4117431	
0.1729	-43.4117489	
0.1730	-43.411756	
0.1731	-43.4117642	
0.1732	-43.4117737	
0.1733	-43.4117844	
0.1734	-43.4117963	
0.1735	-43.4118093	
0.1736	-43.4118235	
0.1737	-43.4118389	
0.1738	-43.4118554	
0.1739	-43.411873	
0.1740	-43.4118917	
0.1741	-43.4119116	
0.1742	-43.4119324	
0.1743	-43.4119544	
0.1744	-43.4119774	
0.1745	-43.4120014	
0.1746	-43.4120264	
0.1747	-43.4120524	
0.1748	-43.4120794	
0.1749	-43.4121073	
0.1750	-43.4121361	
0.1751	-43.4121659	
0.1752	-43.4121966	
0.1753	-43.4122281	
0.1754	-43.4122605	
0.1755	-43.4122937	
0.1756	-43.4123278	
0.1757	-43.4123626	
0.1758	-43.4123982	
0.1759	-43.4124346	
0.1760	-43.4124717	
0.1761	-43.4125095	
0.1762	-43.412548	
0.1763	-43.4125872	
0.1764	-43.412627	
0.1765	-43.4126674	
0.1766	-43.4127085	
0.1767	-43.4127501	
0.1768	-43.4127923	
0.1769	-43.412835	
0.1770	-43.4128782	
0.1771	-43.4129219	
0.1772	-43.4129661	
0.1773	-43.4130108	
0.1774	-43.4130558	
0.1775	-43.4131013	
0.1776	-43.4131471	
0.1777	-43.4131933	
0.1778	-43.4132398	
0.1779	-43.4132867	
0.1780	-43.4133338	
0.1781	-43.4133812	
0.1782	-43.4134288	
0.1783	-43.4134767	
0.1784	-43.4135247	
0.1785	-43.4135729	
0.1786	-43.4136213	
0.1787	-43.4136698	
0.1788	-43.4137185	
0.1789	-43.4137672	
0.1790	-43.4138159	
0.1791	-43.4138648	
0.1792	-43.4139136	
0.1793	-43.4139625	
0.1794	-43.4140113	
0.1795	-43.4140601	
0.1796	-43.4141088	
0.1797	-43.4141575	
0.1798	-43.414206	
0.1799	-43.4142544	
0.1800	-43.4143027	
0.1801	-43.4143509	
0.1802	-43.4143988	
0.1803	-43.4144465	
0.1804	-43.4144941	
0.1805	-43.4145414	
0.1806	-43.4145884	
0.1807	-43.4146352	
0.1808	-43.4146816	
0.1809	-43.4147278	
0.1810	-43.4147736	
0.1811	-43.4148191	
0.1812	-43.4148643	
0.1813	-43.414909	
0.1814	-43.4149534	
0.1815	-43.4149974	
0.1816	-43.4150409	
0.1817	-43.415084	
0.1818	-43.4151267	
0.1819	-43.4151688	
0.1820	-43.4152105	
0.1821	-43.4152517	
0.1822	-43.4152924	
0.1823	-43.4153326	
0.1824	-43.4153722	
0.1825	-43.4154113	
0.1826	-43.4154499	
0.1827	-43.4154878	
0.1828	-43.4155252	
0.1829	-43.415562	
0.1830	-43.4155982	
0.1831	-43.4156337	
0.1832	-43.4156687	
0.1833	-43.415703	
0.1834	-43.4157367	
0.1835	-43.4157697	
0.1836	-43.415802	
0.1837	-43.4158337	
0.1838	-43.4158648	
0.1839	-43.4158951	
0.1840	-43.4159247	
0.1841	-43.4159537	
0.1842	-43.4159819	
0.1843	-43.4160095	
0.1844	-43.4160363	
0.1845	-43.4160624	
0.1846	-43.4160878	
0.1847	-43.4161125	
0.1848	-43.4161364	
0.1849	-43.4161596	
0.1850	-43.4161821	
0.1851	-43.4162038	
0.1852	-43.4162248	
0.1853	-43.4162451	
0.1854	-43.4162646	
0.1855	-43.4162834	
0.1856	-43.4163014	
0.1857	-43.4163186	
0.1858	-43.4163351	
0.1859	-43.4163509	
0.1860	-43.4163659	
0.1861	-43.4163802	
0.1862	-43.4163938	
0.1863	-43.4164066	
0.1864	-43.4164186	
0.1865	-43.4164299	
0.1866	-43.4164405	
0.1867	-43.4164504	
0.1868	-43.4164595	
0.1869	-43.4164679	
0.1870	-43.4164755	
0.1871	-43.4164825	
0.1872	-43.4164887	
0.1873	-43.4164943	
0.1874	-43.4164991	
0.1875	-43.4165032	
0.1876	-43.4165067	
0.1877	-43.4165094	
0.1878	-43.4165115	
0.1879	-43.4165129	
0.1880	-43.4165137	
0.1881	-43.4165137	
0.1882	-43.4165132	
0.1883	-43.4165119	
0.1884	-43.4165101	
0.1885	-43.4165076	
0.1886	-43.4165045	
0.1887	-43.4165008	
0.1888	-43.4164964	
0.1889	-43.4164915	
0.1890	-43.416486	
0.1891	-43.4164799	
0.1892	-43.4164733	
0.1893	-43.4164661	
0.1894	-43.4164583	
0.1895	-43.41645	
0.1896	-43.4164412	
0.1897	-43.4164319	
0.1898	-43.416422	
0.1899	-43.4164117	
0.1900	-43.4164009	
0.1901	-43.4163896	
0.1902	-43.4163778	
0.1903	-43.4163656	
0.1904	-43.416353	
0.1905	-43.4163399	
0.1906	-43.4163264	
0.1907	-43.4163125	
0.1908	-43.4162982	
0.1909	-43.4162836	
0.1910	-43.4162685	
0.1911	-43.4162531	
0.1912	-43.4162374	
0.1913	-43.4162213	
0.1914	-43.4162049	
0.1915	-43.4161882	
0.1916	-43.4161712	
0.1917	-43.4161539	
0.1918	-43.4161364	
0.1919	-43.4161185	
0.1920	-43.4161005	
0.1921	-43.4160822	
0.1922	-43.4160637	
0.1923	-43.4160449	
0.1924	-43.416026	
0.1925	-43.4160069	
0.1926	-43.4159876	
0.1927	-43.4159682	
0.1928	-43.4159486	
0.1929	-43.4159289	
0.1930	-43.415909	
0.1931	-43.4158891	
0.1932	-43.415869	
0.1933	-43.4158489	
0.1934	-43.4158286	
0.1935	-43.4158084	
0.1936	-43.415788	
0.1937	-43.4157677	
0.1938	-43.4157473	
0.1939	-43.4157269	
0.1940	-43.4157065	
0.1941	-43.4156861	
0.1942	-43.4156657	
0.1943	-43.4156453	
0.1944	-43.415625	
0.1945	-43.4156048	
0.1946	-43.4155846	
0.1947	-43.4155645	
0.1948	-43.4155445	
0.1949	-43.4155246	
0.1950	-43.4155048	
0.1951	-43.4154851	
0.1952	-43.4154655	
0.1953	-43.4154461	
0.1954	-43.4154268	
0.1955	-43.4154077	
0.1956	-43.4153887	
0.1957	-43.41537	
0.1958	-43.4153514	
0.1959	-43.415333	
0.1960	-43.4153148	
0.1961	-43.4152968	
0.1962	-43.4152791	
0.1963	-43.4152616	
0.1964	-43.4152443	
0.1965	-43.4152273	
0.1966	-43.4152105	
0.1967	-43.415194	
0.1968	-43.4151777	
0.1969	-43.4151618	
0.1970	-43.4151461	
0.1971	-43.4151307	
0.1972	-43.4151157	
0.1973	-43.4151009	
0.1974	-43.4150864	
0.1975	-43.4150723	
0.1976	-43.4150585	
0.1977	-43.415045	
0.1978	-43.4150318	
0.1979	-43.415019	
0.1980	-43.4150066	
0.1981	-43.4149944	
0.1982	-43.4149827	
0.1983	-43.4149713	
0.1984	-43.4149603	
0.1985	-43.4149496	
0.1986	-43.4149393	
0.1987	-43.4149294	
0.1988	-43.4149199	
0.1989	-43.4149107	
0.1990	-43.414902	
0.1991	-43.4148936	
0.1992	-43.4148857	
0.1993	-43.4148781	
0.1994	-43.4148709	
0.1995	-43.4148641	
0.1996	-43.4148577	
0.1997	-43.4148518	
0.1998	-43.4148462	
0.1999	-43.414841	
0.2000	-43.4148363	
0.2001	-43.4148319	
0.2002	-43.414828	
0.2003	-43.4148244	
0.2004	-43.4148213	
0.2005	-43.4148186	
0.2006	-43.4148163	
0.2007	-43.4148144	
0.2008	-43.4148129	
0.2009	-43.4148118	
0.2010	-43.4148112	
0.2011	-43.4148109	
0.2012	-43.414811	
0.2013	-43.4148116	
0.2014	-43.4148125	
0.2015	-43.4148138	
0.2016	-43.4148156	
0.2017	-43.4148177	
0.2018	-43.4148202	
0.2019	-43.4148232	
0.2020	-43.4148265	
0.2021	-43.4148301	
0.2022	-43.4148342	
0.2023	-43.4148387	
0.2024	-43.4148435	
0.2025	-43.4148487	
0.2026	-43.4148543	
0.2027	-43.4148602	
0.2028	-43.4148665	
0.2029	-43.4148731	
0.2030	-43.4148801	
0.2031	-43.4148875	
0.2032	-43.4148952	
0.2033	-43.4149032	
0.2034	-43.4149116	
0.2035	-43.4149203	
0.2036	-43.4149293	
0.2037	-43.4149386	
0.2038	-43.4149483	
0.2039	-43.4149583	
0.2040	-43.4149685	
0.2041	-43.4149791	
0.2042	-43.41499	
0.2043	-43.4150011	
0.2044	-43.4150125	
0.2045	-43.4150243	
0.2046	-43.4150362	
0.2047	-43.4150485	
0.2048	-43.415061	
0.2049	-43.4150737	
0.2050	-43.4150867	
0.2051	-43.4151	
0.2052	-43.4151134	
0.2053	-43.4151271	
0.2054	-43.4151411	
0.2055	-43.4151552	
0.2056	-43.4151695	
0.2057	-43.4151841	
0.2058	-43.4151988	
0.2059	-43.4152137	
0.2060	-43.4152288	
0.2061	-43.4152441	
0.2062	-43.4152595	
0.2063	-43.4152751	
0.2064	-43.4152909	
0.2065	-43.4153068	
0.2066	-43.4153228	
0.2067	-43.415339	
0.2068	-43.4153553	
0.2069	-43.4153717	
0.2070	-43.4153883	
0.2071	-43.4154049	
0.2072	-43.4154216	
0.2073	-43.4154385	
0.2074	-43.4154554	
0.2075	-43.4154723	
0.2076	-43.4154894	
0.2077	-43.4155065	
0.2078	-43.4155237	
0.2079	-43.4155409	
0.2080	-43.4155582	
0.2081	-43.4155755	
0.2082	-43.4155928	
0.2083	-43.4156102	
0.2084	-43.4156276	
0.2085	-43.415645	
0.2086	-43.4156624	
0.2087	-43.4156798	
0.2088	-43.4156971	
0.2089	-43.4157145	
0.2090	-43.4157318	
0.2091	-43.4157492	
0.2092	-43.4157664	
0.2093	-43.4157837	
0.2094	-43.4158009	
0.2095	-43.415818	
0.2096	-43.4158351	
0.2097	-43.4158521	
0.2098	-43.4158691	
0.2099	-43.415886	
0.2100	-43.4159027	
0.2101	-43.4159195	
0.2102	-43.4159361	
0.2103	-43.4159526	
0.2104	-43.415969	
0.2105	-43.4159853	
0.2106	-43.4160015	
0.2107	-43.4160176	
0.2108	-43.4160336	
0.2109	-43.4160494	
0.2110	-43.4160651	
0.2111	-43.4160807	
0.2112	-43.4160961	
0.2113	-43.4161113	
0.2114	-43.4161265	
0.2115	-43.4161414	
0.2116	-43.4161563	
0.2117	-43.4161709	
0.2118	-43.4161854	
0.2119	-43.4161997	
0.2120	-43.4162139	
0.2121	-43.4162278	
0.2122	-43.4162416	
0.2123	-43.4162552	
0.2124	-43.4162687	
0.2125	-43.4162819	
0.2126	-43.4162949	
0.2127	-43.4163078	
0.2128	-43.4163204	
0.2129	-43.4163328	
0.2130	-43.4163451	
0.2131	-43.4163571	
0.2132	-43.4163689	
0.2133	-43.4163806	
0.2134	-43.416392	
0.2135	-43.4164032	
0.2136	-43.4164141	
0.2137	-43.4164249	
0.2138	-43.4164354	
0.2139	-43.4164457	
0.2140	-43.4164558	
0.2141	-43.4164657	
0.2142	-43.4164754	
0.2143	-43.4164848	
0.2144	-43.416494	
0.2145	-43.416503	
0.2146	-43.4165117	
0.2147	-43.4165202	
0.2148	-43.4165285	
0.2149	-43.4165366	
0.2150	-43.4165444	
0.2151	-43.416552	
0.2152	-43.4165594	
0.2153	-43.4165665	
0.2154	-43.4165734	
0.2155	-43.4165801	
0.2156	-43.4165865	
0.2157	-43.4165928	
0.2158	-43.4165988	
0.2159	-43.4166045	
0.2160	-43.4166101	
0.2161	-43.4166154	
0.2162	-43.4166205	
0.2163	-43.4166254	
0.2164	-43.4166301	
0.2165	-43.4166345	
0.2166	-43.4166387	
0.2167	-43.4166427	
0.2168	-43.4166465	
0.2169	-43.4166501	
0.2170	-43.4166534	
0.2171	-43.4166566	
0.2172	-43.4166595	
0.2173	-43.4166623	
0.2174	-43.4166648	
0.2175	-43.4166671	
0.2176	-43.4166692	
0.2177	-43.4166712	
0.2178	-43.4166729	
0.2179	-43.4166745	
0.2180	-43.4166758	
0.2181	-43.416677	
0.2182	-43.416678	
0.2183	-43.4166788	
0.2184	-43.4166794	
0.2185	-43.4166798	
0.2186	-43.4166801	
0.2187	-43.4166802	
0.2188	-43.4166801	
0.2189	-43.4166799	
0.2190	-43.4166795	
0.2191	-43.416679	
0.2192	-43.4166783	
0.2193	-43.4166774	
0.2194	-43.4166764	
0.2195	-43.4166753	
0.2196	-43.416674	
0.2197	-43.4166725	
0.2198	-43.416671	
0.2199	-43.4166693	
0.2200	-43.4166675	
0.2201	-43.4166655	
0.2202	-43.4166635	
0.2203	-43.4166613	
0.2204	-43.416659	
0.2205	-43.4166566	
0.2206	-43.4166541	
0.2207	-43.4166515	
0.2208	-43.4166487	
0.2209	-43.4166459	
0.2210	-43.416643	
0.2211	-43.4166401	
0.2212	-43.416637	
0.2213	-43.4166339	
0.2214	-43.4166306	
0.2215	-43.4166273	
0.2216	-43.416624	
0.2217	-43.4166206	
0.2218	-43.4166171	
0.2219	-43.4166135	
0.2220	-43.41661	
0.2221	-43.4166063	
0.2222	-43.4166026	
0.2223	-43.4165989	
0.2224	-43.4165951	
0.2225	-43.4165913	
0.2226	-43.4165875	
0.2227	-43.4165837	
0.2228	-43.4165798	
0.2229	-43.4165759	
0.2230	-43.416572	
0.2231	-43.4165681	
0.2232	-43.4165641	
0.2233	-43.4165602	
0.2234	-43.4165563	
0.2235	-43.4165523	
0.2236	-43.4165484	
0.2237	-43.4165445	
0.2238	-43.4165406	
0.2239	-43.4165367	
0.2240	-43.4165329	
0.2241	-43.416529	
0.2242	-43.4165252	
0.2243	-43.4165214	
0.2244	-43.4165177	
0.2245	-43.4165139	
0.2246	-43.4165103	
0.2247	-43.4165066	
0.2248	-43.416503	
0.2249	-43.4164995	
0.2250	-43.416496	
0.2251	-43.4164926	
0.2252	-43.4164892	
0.2253	-43.4164859	
0.2254	-43.4164826	
0.2255	-43.4164794	
0.2256	-43.4164763	
0.2257	-43.4164732	
0.2258	-43.4164703	
0.2259	-43.4164673	
0.2260	-43.4164645	
0.2261	-43.4164618	
0.2262	-43.4164591	
0.2263	-43.4164565	
0.2264	-43.416454	
0.2265	-43.4164516	
0.2266	-43.4164493	
0.2267	-43.4164471	
0.2268	-43.416445	
0.2269	-43.4164429	
0.2270	-43.416441	
0.2271	-43.4164392	
0.2272	-43.4164374	
0.2273	-43.4164358	
0.2274	-43.4164343	
0.2275	-43.4164329	
0.2276	-43.4164316	
0.2277	-43.4164304	
0.2278	-43.4164293	
0.2279	-43.4164283	
0.2280	-43.4164275	
0.2281	-43.4164267	
0.2282	-43.4164261	
0.2283	-43.4164256	
0.2284	-43.4164252	
0.2285	-43.4164249	
0.2286	-43.4164248	
0.2287	-43.4164247	
0.2288	-43.4164248	
0.2289	-43.416425	
0.2290	-43.4164253	
0.2291	-43.4164258	
0.2292	-43.4164264	
0.2293	-43.4164271	
0.2294	-43.4164279	
0.2295	-43.4164288	
0.2296	-43.4164299	
0.2297	-43.4164311	
0.2298	-43.4164324	
0.2299	-43.4164338	
0.2300	-43.4164354	
0.2301	-43.416437	
0.2302	-43.4164388	
0.2303	-43.4164408	
0.2304	-43.4164428	
0.2305	-43.416445	
0.2306	-43.4164473	
0.2307	-43.4164497	
0.2308	-43.4164523	
0.2309	-43.4164549	
0.2310	-43.4164577	
0.2311	-43.4164606	
0.2312	-43.4164636	
0.2313	-43.4164667	
0.2314	-43.41647	
0.2315	-43.4164734	
0.2316	-43.4164768	
0.2317	-43.4164804	
0.2318	-43.4164842	
0.2319	-43.416488	
0.2320	-43.4164919	
0.2321	-43.416496	
0.2322	-43.4165001	
0.2323	-43.4165044	
0.2324	-43.4165087	
0.2325	-43.4165132	
0.2326	-43.4165178	
0.2327	-43.4165224	
0.2328	-43.4165272	
0.2329	-43.4165321	
0.2330	-43.4165371	
0.2331	-43.4165421	
0.2332	-43.4165473	
0.2333	-43.4165526	
0.2334	-43.4165579	
0.2335	-43.4165633	
0.2336	-43.4165689	
0.2337	-43.4165745	
0.2338	-43.4165802	
0.2339	-43.4165859	
0.2340	-43.4165918	
0.2341	-43.4165977	
0.2342	-43.4166038	
0.2343	-43.4166098	
0.2344	-43.416616	
0.2345	-43.4166222	
0.2346	-43.4166285	
0.2347	-43.4166349	
0.2348	-43.4166413	
0.2349	-43.4166478	
0.2350	-43.4166544	
0.2351	-43.416661	
0.2352	-43.4166677	
0.2353	-43.4166744	
0.2354	-43.4166812	
0.2355	-43.416688	
0.2356	-43.4166949	
0.2357	-43.4167019	
0.2358	-43.4167088	
0.2359	-43.4167159	
0.2360	-43.4167229	
0.2361	-43.41673	
0.2362	-43.4167372	
0.2363	-43.4167443	
0.2364	-43.4167515	
0.2365	-43.4167588	
0.2366	-43.416766	
0.2367	-43.4167733	
0.2368	-43.4167806	
0.2369	-43.4167879	
0.2370	-43.4167953	
0.2371	-43.4168027	
0.2372	-43.4168101	
0.2373	-43.4168174	
0.2374	-43.4168249	
0.2375	-43.4168323	
0.2376	-43.4168397	
0.2377	-43.4168471	
0.2378	-43.4168546	
0.2379	-43.416862	
0.2380	-43.4168694	
0.2381	-43.4168769	
0.2382	-43.4168843	
0.2383	-43.4168917	
0.2384	-43.4168992	
0.2385	-43.4169066	
0.2386	-43.4169139	
0.2387	-43.4169213	
0.2388	-43.4169287	
0.2389	-43.416936	
0.2390	-43.4169434	
0.2391	-43.4169507	
0.2392	-43.4169579	
0.2393	-43.4169652	
0.2394	-43.4169724	
0.2395	-43.4169796	
0.2396	-43.4169868	
0.2397	-43.416994	
0.2398	-43.4170011	
0.2399	-43.4170081	
0.2400	-43.4170152	
0.2401	-43.4170222	
0.2402	-43.4170291	
0.2403	-43.4170361	
0.2404	-43.4170429	
0.2405	-43.4170498	
0.2406	-43.4170566	
0.2407	-43.4170633	
0.2408	-43.41707	
0.2409	-43.4170767	
0.2410	-43.4170833	
0.2411	-43.4170898	
0.2412	-43.4170963	
0.2413	-43.4171028	
0.2414	-43.4171092	
0.2415	-43.4171155	
0.2416	-43.4171218	
0.2417	-43.417128	
0.2418	-43.4171342	
0.2419	-43.4171403	
0.2420	-43.4171463	
0.2421	-43.4171523	
0.2422	-43.4171582	
0.2423	-43.4171641	
0.2424	-43.4171699	
0.2425	-43.4171756	
0.2426	-43.4171813	
0.2427	-43.4171869	
0.2428	-43.4171924	
0.2429	-43.4171979	
0.2430	-43.4172033	
0.2431	-43.4172087	
0.2432	-43.4172139	
0.2433	-43.4172191	
0.2434	-43.4172243	
0.2435	-43.4172293	
0.2436	-43.4172343	
0.2437	-43.4172392	
0.2438	-43.4172441	
0.2439	-43.4172489	
0.2440	-43.4172536	
0.2441	-43.4172582	
0.2442	-43.4172628	
0.2443	-43.4172673	
0.2444	-43.4172717	
0.2445	-43.4172761	
0.2446	-43.4172804	
0.2447	-43.4172846	
0.2448	-43.4172888	
0.2449	-43.4172928	
0.2450	-43.4172968	
0.2451	-43.4173008	
0.2452	-43.4173046	
0.2453	-43.4173084	
0.2454	-43.4173122	
0.2455	-43.4173158	
0.2456	-43.4173194	
0.2457	-43.4173229	
0.2458	-43.4173264	
0.2459	-43.4173298	
0.2460	-43.4173331	
0.2461	-43.4173363	
0.2462	-43.4173395	
0.2463	-43.4173426	
0.2464	-43.4173457	
0.2465	-43.4173486	
0.2466	-43.4173516	
0.2467	-43.4173544	
0.2468	-43.4173572	
0.2469	-43.4173599	
0.2470	-43.4173626	
0.2471	-43.4173652	
0.2472	-43.4173678	
0.2473	-43.4173703	
0.2474	-43.4173727	
0.2475	-43.4173751	
0.2476	-43.4173774	
0.2477	-43.4173796	
0.2478	-43.4173818	
0.2479	-43.417384	
0.2480	-43.4173861	
0.2481	-43.4173881	
0.2482	-43.4173901	
0.2483	-43.4173921	
0.2484	-43.417394	
0.2485	-43.4173958	
0.2486	-43.4173976	
0.2487	-43.4173993	
0.2488	-43.417401	
0.2489	-43.4174027	
0.2490	-43.4174043	
0.2491	-43.4174059	
0.2492	-43.4174074	
0.2493	-43.4174089	
0.2494	-43.4174104	
0.2495	-43.4174118	
0.2496	-43.4174131	
0.2497	-43.4174145	
0.2498	-43.4174158	
0.2499	-43.417417	
0.2500	-43.4174183	
0.2501	-37.8114073	
0.2502	-32.9013802	
0.2503	-28.4187355	
0.2504	-24.0710309	
0.2505	-19.5044696	
0.2506	-14.2778465	
0.2507	-7.8548432	
0.2508	0.3375924	
0.2509	10.6424794	
0.2510	22.4764831	
0.2511	29.4778982	
0.2512	36.2117541	
0.2513	40.452118	
0.2514	42.5774914	
0.2515	43.5911779	
0.2516	44.0525369	
0.2517	44.1836489	
0.2518	44.0709946	
0.2519	43.7467819	
0.2520	43.2178026	
0.2521	42.4778808	
0.2522	41.5146288	
0.2523	40.3138851	
0.2524	38.8630196	
0.2525	37.1534891	
0.2526	35.1826943	
0.2527	32.9550702	
0.2528	30.4823374	
0.2529	27.7829165	
0.2530	24.8806251	
0.2531	21.8029053	
0.2532	18.5789346	
0.2533	15.2380152	
0.2534	11.8085976	
0.2535	8.3181619	
0.2536	4.7939797	
0.2537	1.2645336	
0.2538	-2.2388936	
0.2539	-5.68121	
0.2540	-9.0240049	
0.2541	-12.2283525	
0.2542	-15.2600949	
0.2543	-18.0965759	
0.2544	-20.7326086	
0.2545	-23.1832442	
0.2546	-25.4821643	
0.2547	-27.6764954	
0.2548	-29.8201247	
0.2549	-31.9673839	
0.2550	-34.1676935	
0.2551	-36.4603704	
0.2552	-38.8680637	
0.2553	-41.3876487	
0.2554	-43.9794774	
0.2555	-46.5600486	
0.2556	-49.0076115	
0.2557	-51.1885427	
0.2558	-52.9983719	
0.2559	-54.3940159	
0.2560	-55.3964312	
0.2561	-56.0674249	
0.2562	-56.481246	
0.2563	-56.7058138	
0.2564	-56.7954015	
0.2565	-56.7903399	
0.2566	-56.7194757	
0.2567	-56.6030671	
0.2568	-56.455244	
0.2569	-56.2858624	
0.2570	-56.1018252	
0.2571	-55.9079996	
0.2572	-55.7078464	
0.2573	-55.5038502	
0.2574	-55.2978142	
0.2575	-55.0910619	
0.2576	-54.8845763	
0.2577	-54.6790963	
0.2578	-54.4751842	
0.2579	-54.2732724	
0.2580	-54.0736971	
0.2581	-53.8767218	
0.2582	-53.6825543	
0.2583	-53.4913592	
0.2584	-53.3032665	
0.2585	-53.1183784	
0.2586	-52.9367746	
0.2587	-52.7585154	
0.2588	-52.5836454	
0.2589	-52.4121951	
0.2590	-52.2441829	
0.2591	-52.0796171	
0.2592	-51.9184963	
0.2593	-51.7608114	
0.2594	-51.6065456	
0.2595	-51.4556759	
0.2596	-51.3081736	
0.2597	-51.1640049	
0.2598	-51.0231317	
0.2599	-50.8855119	
0.2600	-50.7511	
0.2601	-50.6198477	
0.2602	-50.4917041	
0.2603	-50.3666165	
0.2604	-50.2445303	
0.2605	-50.1253897	
0.2606	-50.0091377	
0.2607	-49.8957167	
0.2608	-49.7850685	
0.2609	-49.677135	
0.2610	-49.5718576	
0.2611	-49.4691782	
0.2612	-49.3690389	
0.2613	-49.2713824	
0.2614	-49.176152	
0.2615	-49.0832917	
0.2616	-48.9927464	
0.2617	-48.904462	
0.2618	-48.8183853	
0.2619	-48.7344643	
0.2620	-48.6526479	
0.2621	-48.5728865	
0.2622	-48.4951316	
0.2623	-48.4193356	
0.2624	-48.3454526	
0.2625	-48.2734378	
0.2626	-48.2032474	
0.2627	-48.1348392	
0.2628	-48.0681721	
0.2629	-48.0032061	
0.2630	-47.9399025	
0.2631	-47.878224	
0.2632	-47.8181341	
0.2633	-47.7595976	
0.2634	-47.7025806	
0.2635	-47.64705	
0.2636	-47.592974	
0.2637	-47.5403216	
0.2638	-47.489063	
0.2639	-47.4391694	
0.2640	-47.3906126	
0.2641	-47.3433658	
0.2642	-47.2974026	
0.2643	-47.2526977	
0.2644	-47.2092267	
0.2645	-47.1669658	
0.2646	-47.1258919	
0.2647	-47.0859827	
0.2648	-47.0472167	
0.2649	-47.0095728	
0.2650	-46.9730307	
0.2651	-46.9375707	
0.2652	-46.9031736	
0.2653	-46.8698207	
0.2654	-46.8374939	
0.2655	-46.8061754	
0.2656	-46.7758481	
0.2657	-46.7464952	
0.2658	-46.7181001	
0.2659	-46.6906471	
0.2660	-46.6641202	
0.2661	-46.6385042	
0.2662	-46.6137841	
0.2663	-46.5899451	
0.2664	-46.5669726	
0.2665	-46.5448524	
0.2666	-46.5235704	
0.2667	-46.5031129	
0.2668	-46.4834661	
0.2669	-46.4646166	
0.2670	-46.4465509	
0.2671	-46.429256	
0.2672	-46.4127186	
0.2673	-46.3969259	
0.2674	-46.3818649	
0.2675	-46.3675227	
0.2676	-46.3538867	
0.2677	-46.3409442	
0.2678	-46.3286824	
0.2679	-46.3170889	
0.2680	-46.3061509	
0.2681	-46.295856	
0.2682	-46.2861915	
0.2683	-46.2771451	
0.2684	-46.268704	
0.2685	-46.2608559	
0.2686	-46.2535881	
0.2687	-46.2468881	
0.2688	-46.2407434	
0.2689	-46.2351414	
0.2690	-46.2300695	
0.2691	-46.2255153	
0.2692	-46.221466	
0.2693	-46.2179091	
0.2694	-46.214832	
0.2695	-46.2122222	
0.2696	-46.2100671	
0.2697	-46.208354	
0.2698	-46.2070705	
0.2699	-46.206204	
0.2700	-46.205742	
0.2701	-46.205672	
0.2702	-46.2059816	
0.2703	-46.2066584	
0.2704	-46.20769	
0.2705	-46.2090643	
0.2706	-46.2107689	
0.2707	-46.2127918	
0.2708	-46.2151209	
0.2709	-46.2177443	
0.2710	-46.2206501	
0.2711	-46.2238266	
0.2712	-46.2272622	
0.2713	-46.2309453	
0.2714	-46.2348648	
0.2715	-46.2390093	
0.2716	-46.2433677	
0.2717	-46.2479293	
0.2718	-46.2526833	
0.2719	-46.257619	
0.2720	-46.2627262	
0.2721	-46.2679947	
0.2722	-46.2734145	
0.2723	-46.2789758	
0.2724	-46.2846689	
0.2725	-46.2904846	
0.2726	-46.2964137	
0.2727	-46.3024472	
0.2728	-46.3085765	
0.2729	-46.3147929	
0.2730	-46.3210884	
0.2731	-46.3274547	
0.2732	-46.3338842	
0.2733	-46.3403693	
0.2734	-46.3469026	
0.2735	-46.3534771	
0.2736	-46.360086	
0.2737	-46.3667225	
0.2738	-46.3733803	
0.2739	-46.3800533	
0.2740	-46.3867356	
0.2741	-46.3934215	
0.2742	-46.4001055	
0.2743	-46.4067825	
0.2744	-46.4134474	
0.2745	-46.4200955	
0.2746	-46.4267222	
0.2747	-46.4333232	
0.2748	-46.4398943	
0.2749	-46.4464318	
0.2750	-46.4529317	
0.2751	-46.4593908	
0.2752	-46.4658055	
0.2753	-46.4721728	
0.2754	-46.4784899	
0.2755	-46.4847538	
0.2756	-46.490962	
0.2757	-46.4971122	
0.2758	-46.5032021	
0.2759	-46.5092295	
0.2760	-46.5151926	
0.2761	-46.5210896	
0.2762	-46.5269189	
0.2763	-46.532679	
0.2764	-46.5383684	
0.2765	-46.5439861	
0.2766	-46.5495309	
0.2767	-46.5550017	
0.2768	-46.5603979	
0.2769	-46.5657185	
0.2770	-46.570963	
0.2771	-46.5761308	
0.2772	-46.5812214	
0.2773	-46.5862345	
0.2774	-46.5911698	
0.2775	-46.5960271	
0.2776	-46.6008064	
0.2777	-46.6055075	
0.2778	-46.6101305	
0.2779	-46.6146756	
0.2780	-46.6191427	
0.2781	-46.6235323	
0.2782	-46.6278446	
0.2783	-46.6320798	
0.2784	-46.6362384	
0.2785	-46.6403208	
0.2786	-46.6443275	
0.2787	-46.6482589	
0.2788	-46.6521156	
0.2789	-46.6558983	
0.2790	-46.6596074	
0.2791	-46.6632437	
0.2792	-46.6668077	
0.2793	-46.6703003	
0.2794	-46.6737221	
0.2795	-46.6770738	
0.2796	-46.6803562	
0.2797	-46.6835701	
0.2798	-46.6867162	
0.2799	-46.6897954	
0.2800	-46.6928084	
0.2801	-46.695756	
0.2802	-46.6986392	
0.2803	-46.7014586	
0.2804	-46.7042153	
0.2805	-46.7069099	
0.2806	-46.7095434	
0.2807	-46.7121165	
0.2808	-46.7146302	
0.2809	-46.7170853	
0.2810	-46.7194827	
0.2811	-46.7218231	
0.2812	-46.7241075	
0.2813	-46.7263366	
0.2814	-46.7285114	
0.2815	-46.7306326	
0.2816	-46.7327011	
0.2817	-46.7347177	
0.2818	-46.7366833	
0.2819	-46.7385985	
0.2820	-46.7404643	
0.2821	-46.7422815	
0.2822	-46.7440508	
0.2823	-46.745773	
0.2824	-46.7474489	
0.2825	-46.7490792	
0.2826	-46.7506648	
0.2827	-46.7522064	
0.2828	-46.7537046	
0.2829	-46.7551603	
0.2830	-46.7565742	
0.2831	-46.7579469	
0.2832	-46.7592792	
0.2833	-46.7605718	
0.2834	-46.7618254	
0.2835	-46.7630406	
0.2836	-46.7642181	
0.2837	-46.7653585	
0.2838	-46.7664625	
0.2839	-46.7675308	
0.2840	-46.768564	
0.2841	-46.7695626	
0.2842	-46.7705273	
0.2843	-46.7714587	
0.2844	-46.7723573	
0.2845	-46.7732239	
0.2846	-46.7740588	
0.2847	-46.7748627	
0.2848	-46.7756361	
0.2849	-46.7763796	
0.2850	-46.7770938	
0.2851	-46.777779	
0.2852	-46.7784359	
0.2853	-46.7790649	
0.2854	-46.7796665	
0.2855	-46.7802413	
0.2856	-46.7807897	
0.2857	-46.7813122	
0.2858	-46.7818092	
0.2859	-46.7822812	
0.2860	-46.7827286	
0.2861	-46.7831519	
0.2862	-46.7835515	
0.2863	-46.7839279	
0.2864	-46.7842814	
0.2865	-46.7846124	
0.2866	-46.7849214	
0.2867	-46.7852087	
0.2868	-46.7854748	
0.2869	-46.78572	
0.2870	-46.7859447	
0.2871	-46.7861492	
0.2872	-46.7863339	
0.2873	-46.7864992	
0.2874	-46.7866453	
0.2875	-46.7867727	
0.2876	-46.7868817	
0.2877	-46.7869726	
0.2878	-46.7870457	
0.2879	-46.7871013	
0.2880	-46.7871398	
0.2881	-46.7871614	
0.2882	-46.7871664	
0.2883	-46.7871552	
0.2884	-46.787128	
0.2885	-46.7870851	
0.2886	-46.7870267	
0.2887	-46.7869532	
0.2888	-46.7868648	
0.2889	-46.7867618	
0.2890	-46.7866444	
0.2891	-46.7865129	
0.2892	-46.7863675	
0.2893	-46.7862085	
0.2894	-46.7860361	
0.2895	-46.7858505	
0.2896	-46.785652	
0.2897	-46.7854408	
0.2898	-46.785217	
0.2899	-46.784981	
0.2900	-46.784733	
0.2901	-46.7844731	
0.2902	-46.7842015	
0.2903	-46.7839185	
0.2904	-46.7836242	
0.2905	-46.7833189	
0.2906	-46.7830027	
0.2907	-46.7826758	
0.2908	-46.7823384	
0.2909	-46.7819907	
0.2910	-46.7816328	
0.2911	-46.781265	
0.2912	-46.7808874	
0.2913	-46.7805001	
0.2914	-46.7801034	
0.2915	-46.7796974	
0.2916	-46.7792822	
0.2917	-46.778858	
0.2918	-46.7784249	
0.2919	-46.7779832	
0.2920	-46.7775329	
0.2921	-46.7770742	
0.2922	-46.7766073	
0.2923	-46.7761322	
0.2924	-46.7756491	
0.2925	-46.7751582	
0.2926	-46.7746596	
0.2927	-46.7741534	
0.2928	-46.7736396	
0.2929	-46.7731186	
0.2930	-46.7725903	
0.2931	-46.772055	
0.2932	-46.7715126	
0.2933	-46.7709634	
0.2934	-46.7704075	
0.2935	-46.7698449	
0.2936	-46.7692757	
0.2937	-46.7687002	
0.2938	-46.7681183	
0.2939	-46.7675302	
0.2940	-46.7669361	
0.2941	-46.7663359	
0.2942	-46.7657298	
0.2943	-46.7651179	
0.2944	-46.7645002	
0.2945	-46.763877	
0.2946	-46.7632482	
0.2947	-46.762614	
0.2948	-46.7619744	
0.2949	-46.7613296	
0.2950	-46.7606796	
0.2951	-46.7600245	
0.2952	-46.7593643	
0.2953	-46.7586993	
0.2954	-46.7580294	
0.2955	-46.7573547	
0.2956	-46.7566754	
0.2957	-46.7559914	
0.2958	-46.7553029	
0.2959	-46.7546099	
0.2960	-46.7539125	
0.2961	-46.7532108	
0.2962	-46.7525049	
0.2963	-46.7517947	
0.2964	-46.7510804	
0.2965	-46.7503621	
0.2966	-46.7496398	
0.2967	-46.7489136	
0.2968	-46.7481835	
0.2969	-46.7474496	
0.2970	-46.746712	
0.2971	-46.7459707	
0.2972	-46.7452257	
0.2973	-46.7444773	
0.2974	-46.7437253	
0.2975	-46.7429698	
0.2976	-46.742211	
0.2977	-46.7414488	
0.2978	-46.7406833	
0.2979	-46.7399147	
0.2980	-46.7391428	
0.2981	-46.7383678	
0.2982	-46.7375897	
0.2983	-46.7368085	
0.2984	-46.7360244	
0.2985	-46.7352374	
0.2986	-46.7344474	
0.2987	-46.7336546	
0.2988	-46.732859	
0.2989	-46.7320607	
0.2990	-46.7312596	
0.2991	-46.7304559	
0.2992	-46.7296495	
0.2993	-46.7288406	
0.2994	-46.7280291	
0.2995	-46.727215	
0.2996	-46.7263986	
0.2997	-46.7255797	
0.2998	-46.7247584	
0.2999	-46.7239347	
0.3000	-46.7231088	
0.3001	-46.7222805	
0.3002	-46.7214501	
0.3003	-46.7206174	
0.3004	-46.7197825	
0.3005	-46.7189455	
0.3006	-46.7181064	
0.3007	-46.7172652	
0.3008	-46.716422	
0.3009	-46.7155767	
0.3010	-46.7147295	
0.3011	-46.7138804	
0.3012	-46.7130293	
0.3013	-46.7121763	
0.3014	-46.7113215	
0.3015	-46.7104648	
0.3016	-46.7096064	
0.3017	-46.7087462	
0.3018	-46.7078842	
0.3019	-46.7070205	
0.3020	-46.7061552	
0.3021	-46.7052881	
0.3022	-46.7044195	
0.3023	-46.7035492	
0.3024	-46.7026773	
0.3025	-46.7018039	
0.3026	-46.7009289	
0.3027	-46.7000524	
0.3028	-46.6991744	
0.3029	-46.698295	
0.3030	-46.6974141	
0.3031	-46.6965318	
0.3032	-46.6956481	
0.3033	-46.694763	
0.3034	-46.6938766	
0.3035	-46.6929888	
0.3036	-46.6920997	
0.3037	-46.6912093	
0.3038	-46.6903176	
0.3039	-46.6894247	
0.3040	-46.6885306	
0.3041	-46.6876352	
0.3042	-46.6867386	
0.3043	-46.6858409	
0.3044	-46.684942	
0.3045	-46.684042	
0.3046	-46.6831408	
0.3047	-46.6822385	
0.3048	-46.6813352	
0.3049	-46.6804308	
0.3050	-46.6795253	
0.3051	-46.6786188	
0.3052	-46.6777112	
0.3053	-46.6768027	
0.3054	-46.6758931	
0.3055	-46.6749826	
0.3056	-46.6740712	
0.3057	-46.6731588	
0.3058	-46.6722454	
0.3059	-46.6713312	
0.3060	-46.670416	
0.3061	-46.6695	
0.3062	-46.6685831	
0.3063	-46.6676653	
0.3064	-46.6667467	
0.3065	-46.6658272	
0.3066	-46.664907	
0.3067	-46.6639859	
0.3068	-46.663064	
0.3069	-46.6621414	
0.3070	-46.661218	
0.3071	-46.6602938	
0.3072	-46.6593689	
0.3073	-46.6584433	
0.3074	-46.657517	
0.3075	-46.6565899	
0.3076	-46.6556621	
0.3077	-46.6547337	
0.3078	-46.6538046	
0.3079	-46.6528748	
0.3080	-46.6519444	
0.3081	-46.6510133	
0.3082	-46.6500816	
0.3083	-46.6491493	
0.3084	-46.6482164	
0.3085	-46.6472828	
0.3086	-46.6463487	
0.3087	-46.645414	
0.3088	-46.6444788	
0.3089	-46.6435429	
0.3090	-46.6426065	
0.3091	-46.6416696	
0.3092	-46.6407321	
0.3093	-46.6397942	
0.3094	-46.6388557	
0.3095	-46.6379166	
0.3096	-46.6369771	
0.3097	-46.6360371	
0.3098	-46.6350966	
0.3099	-46.6341557	
0.3100	-46.6332142	
0.3101	-46.6322724	
0.3102	-46.63133	
0.3103	-46.6303872	
0.3104	-46.629444	
0.3105	-46.6285004	
0.3106	-46.6275563	
0.3107	-46.6266119	
0.3108	-46.625667	
0.3109	-46.6247217	
0.3110	-46.623776	
0.3111	-46.62283	
0.3112	-46.6218835	
0.3113	-46.6209367	
0.3114	-46.6199896	
0.3115	-46.619042	
0.3116	-46.6180942	
0.3117	-46.617146	
0.3118	-46.6161974	
0.3119	-46.6152485	
0.3120	-46.6142993	
0.3121	-46.6133497	
0.3122	-46.6123999	
0.3123	-46.6114497	
0.3124	-46.6104993	
0.3125	-46.6095485	
0.3126	-46.6085975	
0.3127	-46.6076461	
0.3128	-46.6066945	
0.3129	-46.6057426	
0.3130	-46.6047905	
0.3131	-46.603838	
0.3132	-46.6028853	
0.3133	-46.6019324	
0.3134	-46.6009792	
0.3135	-46.6000258	
0.3136	-46.5990721	
0.3137	-46.5981182	
0.3138	-46.5971641	
0.3139	-46.5962097	
0.3140	-46.5952552	
0.3141	-46.5943004	
0.3142	-46.5933454	
0.3143	-46.5923902	
0.3144	-46.5914348	
0.3145	-46.5904792	
0.3146	-46.5895234	
0.3147	-46.5885674	
0.3148	-46.5876112	
0.3149	-46.5866549	
0.3150	-46.5856984	
0.3151	-46.5847417	
0.3152	-46.5837848	
0.3153	-46.5828278	
0.3154	-46.5818706	
0.3155	-46.5809133	
0.3156	-46.5799558	
0.3157	-46.5789981	
0.3158	-46.5780403	
0.3159	-46.5770824	
0.3160	-46.5761243	
0.3161	-46.5751661	
0.3162	-46.5742078	
0.3163	-46.5732494	
0.3164	-46.5722908	
0.3165	-46.5713321	
0.3166	-46.5703733	
0.3167	-46.5694144	
0.3168	-46.5684553	
0.3169	-46.5674962	
0.3170	-46.5665369	
0.3171	-46.5655776	
0.3172	-46.5646182	
0.3173	-46.5636586	
0.3174	-46.562699	
0.3175	-46.5617393	
0.3176	-46.5607795	
0.3177	-46.5598196	
0.3178	-46.5588596	
0.3179	-46.5578996	
0.3180	-46.5569395	
0.3181	-46.5559793	
0.3182	-46.5550191	
0.3183	-46.5540587	
0.3184	-46.5530984	
0.3185	-46.5521379	
0.3186	-46.5511774	
0.3187	-46.5502169	
0.3188	-46.5492563	
0.3189	-46.5482957	
0.3190	-46.547335	
0.3191	-46.5463742	
0.3192	-46.5454134	
0.3193	-46.5444526	
0.3194	-46.5434918	
0.3195	-46.5425309	
0.3196	-46.5415699	
0.3197	-46.540609	
0.3198	-46.539648	
0.3199	-46.538687	
0.3200	-46.537726	
0.3201	-46.5367649	
0.3202	-46.5358038	
0.3203	-46.5348428	
0.3204	-46.5338816	
0.3205	-46.5329205	
0.3206	-46.5319594	
0.3207	-46.5309983	
0.3208	-46.5300371	
0.3209	-46.529076	
0.3210	-46.5281148	
0.3211	-46.5271537	
0.3212	-46.5261925	
0.3213	-46.5252314	
0.3214	-46.5242703	
0.3215	-46.5233091	
0.3216	-46.522348	
0.3217	-46.5213869	
0.3218	-46.5204258	
0.3219	-46.5194647	
0.3220	-46.5185036	
0.3221	-46.5175426	
0.3222	-46.5165816	
0.3223	-46.5156205	
0.3224	-46.5146596	
0.3225	-46.5136986	
0.3226	-46.5127377	
0.3227	-46.5117768	
0.3228	-46.5108159	
0.3229	-46.509855	
0.3230	-46.5088942	
0.3231	-46.5079334	
0.3232	-46.5069727	
0.3233	-46.506012	
0.3234	-46.5050513	
0.3235	-46.5040907	
0.3236	-46.5031301	
0.3237	-46.5021695	
0.3238	-46.501209	
0.3239	-46.5002486	
0.3240	-46.4992882	
0.3241	-46.4983278	
0.3242	-46.4973675	
0.3243	-46.4964073	
0.3244	-46.4954471	
0.3245	-46.4944869	
0.3246	-46.4935268	
0.3247	-46.4925668	
0.3248	-46.4916068	
0.3249	-46.4906469	
0.3250	-46.489687	
0.3251	-46.4887272	
0.3252	-46.4877675	
0.3253	-46.4868078	
0.3254	-46.4858482	
0.3255	-46.4848887	
0.3256	-46.4839292	
0.3257	-46.4829698	
0.3258	-46.4820105	
0.3259	-46.4810513	
0.3260	-46.4800921	
0.3261	-46.479133	
0.3262	-46.4781739	
0.3263	-46.477215	
0.3264	-46.4762561	
0.3265	-46.4752973	
0.3266	-46.4743386	
0.3267	-46.4733799	
0.3268	-46.4724214	
0.3269	-46.4714629	
0.3270	-46.4705045	
0.3271	-46.4695462	
0.3272	-46.4685879	
0.3273	-46.4676298	
0.3274	-46.4666717	
0.3275	-46.4657138	
0.3276	-46.4647559	
0.3277	-46.4637981	
0.3278	-46.4628404	
0.3279	-46.4618828	
0.3280	-46.4609253	
0.3281	-46.4599679	
0.3282	-46.4590105	
0.3283	-46.4580533	
0.3284	-46.4570962	
0.3285	-46.4561391	
0.3286	-46.4551822	
0.3287	-46.4542254	
0.3288	-46.4532686	
0.3289	-46.452312	
0.3290	-46.4513554	
0.3291	-46.450399	
0.3292	-46.4494427	
0.3293	-46.4484864	
0.3294	-46.4475303	
0.3295	-46.4465743	
0.3296	-46.4456184	
0.3297	-46.4446626	
0.3298	-46.4437069	
0.3299	-46.4427513	
0.3300	-46.4417958	
0.3301	-46.4408404	
0.3302	-46.4398852	
0.3303	-46.43893	
0.3304	-46.437975	
0.3305	-46.4370201	
0.3306	-46.4360652	
0.3307	-46.4351105	
0.3308	-46.434156	
0.3309	-46.4332015	
0.3310	-46.4322471	
0.3311	-46.4312929	
0.3312	-46.4303388	
0.3313	-46.4293848	
0.3314	-46.4284309	
0.3315	-46.4274771	
0.3316	-46.4265235	
0.3317	-46.42557	
0.3318	-46.4246166	
0.3319	-46.4236633	
0.3320	-46.4227101	
0.3321	-46.4217571	
0.3322	-46.4208042	
0.3323	-46.4198514	
0.3324	-46.4188987	
0.3325	-46.4179462	
0.3326	-46.4169938	
0.3327	-46.4160415	
0.3328	-46.4150893	
0.3329	-46.4141373	
0.3330	-46.4131854	
0.3331	-46.4122336	
0.3332	-46.411282	
0.3333	-46.4103305	
0.3334	-46.4093791	
0.3335	-46.4084278	
0.3336	-46.4074767	
0.3337	-46.4065257	
0.3338	-46.4055749	
0.3339	-46.4046241	
0.3340	-46.4036735	
0.3341	-46.4027231	
0.3342	-46.4017727	
0.3343	-46.4008226	
0.3344	-46.3998725	
0.3345	-46.3989226	
0.3346	-46.3979728	
0.3347	-46.3970231	
0.3348	-46.3960736	
0.3349	-46.3951243	
0.3350	-46.394175	
0.3351	-46.3932259	
0.3352	-46.392277	
0.3353	-46.3913281	
0.3354	-46.3903795	
0.3355	-46.3894309	
0.3356	-46.3884825	
0.3357	-46.3875342	
0.3358	-46.3865861	
0.3359	-46.3856382	
0.3360	-46.3846903	
0.3361	-46.3837426	
0.3362	-46.3827951	
0.3363	-46.3818477	
0.3364	-46.3809004	
0.3365	-46.3799533	
0.3366	-46.3790063	
0.3367	-46.3780595	
0.3368	-46.3771128	
0.3369	-46.3761662	
0.3370	-46.3752198	
0.3371	-46.3742736	
0.3372	-46.3733275	
0.3373	-46.3723815	
0.3374	-46.3714357	
0.3375	-46.3704901	
0.3376	-46.3695446	
0.3377	-46.3685992	
0.3378	-46.367654	
0.3379	-46.3667089	
0.3380	-46.365764	
0.3381	-46.3648192	
0.3382	-46.3638746	
0.3383	-46.3629301	
0.3384	-46.3619858	
0.3385	-46.3610417	
0.3386	-46.3600976	
0.3387	-46.3591538	
0.3388	-46.3582101	
0.3389	-46.3572665	
0.3390	-46.3563231	
0.3391	-46.3553798	
0.3392	-46.3544367	
0.3393	-46.3534938	
0.3394	-46.352551	
0.3395	-46.3516083	
0.3396	-46.3506659	
0.3397	-46.3497235	
0.3398	-46.3487813	
0.3399	-46.3478393	
0.3400	-46.3468975	
0.3401	-46.3459557	
0.3402	-46.3450142	
0.3403	-46.3440728	
0.3404	-46.3431315	
0.3405	-46.3421905	
0.3406	-46.3412495	
0.3407	-46.3403088	
0.3408	-46.3393681	
0.3409	-46.3384277	
0.3410	-46.3374874	
0.3411	-46.3365472	
0.3412	-46.3356073	
0.3413	-46.3346674	
0.3414	-46.3337278	
0.3415	-46.3327883	
0.3416	-46.3318489	
0.3417	-46.3309097	
0.3418	-46.3299707	
0.3419	-46.3290318	
0.3420	-46.3280931	
0.3421	-46.3271546	
0.3422	-46.3262162	
0.3423	-46.325278	
0.3424	-46.3243399	
0.3425	-46.323402	
0.3426	-46.3224642	
0.3427	-46.3215267	
0.3428	-46.3205893	
0.3429	-46.319652	
0.3430	-46.3187149	
0.3431	-46.317778	
0.3432	-46.3168412	
0.3433	-46.3159046	
0.3434	-46.3149682	
0.3435	-46.3140319	
0.3436	-46.3130958	
0.3437	-46.3121598	
0.3438	-46.311224	
0.3439	-46.3102884	
0.3440	-46.309353	
0.3441	-46.3084177	
0.3442	-46.3074825	
0.3443	-46.3065476	
0.3444	-46.3056128	
0.3445	-46.3046781	
0.3446	-46.3037437	
0.3447	-46.3028094	
0.3448	-46.3018752	
0.3449	-46.3009413	
0.3450	-46.3000075	
0.3451	-46.2990738	
0.3452	-46.2981404	
0.3453	-46.2972071	
0.3454	-46.2962739	
0.3455	-46.295341	
0.3456	-46.2944082	
0.3457	-46.2934755	
0.3458	-46.2925431	
0.3459	-46.2916108	
0.3460	-46.2906786	
0.3461	-46.2897467	
0.3462	-46.2888149	
0.3463	-46.2878832	
0.3464	-46.2869518	
0.3465	-46.2860205	
0.3466	-46.2850894	
0.3467	-46.2841584	
0.3468	-46.2832276	
0.3469	-46.282297	
0.3470	-46.2813666	
0.3471	-46.2804363	
0.3472	-46.2795062	
0.3473	-46.2785763	
0.3474	-46.2776465	
0.3475	-46.2767169	
0.3476	-46.2757875	
0.3477	-46.2748583	
0.3478	-46.2739292	
0.3479	-46.2730003	
0.3480	-46.2720715	
0.3481	-46.271143	
0.3482	-46.2702146	
0.3483	-46.2692863	
0.3484	-46.2683583	
0.3485	-46.2674304	
0.3486	-46.2665027	
0.3487	-46.2655751	
0.3488	-46.2646478	
0.3489	-46.2637206	
0.3490	-46.2627936	
0.3491	-46.2618667	
0.3492	-46.26094	
0.3493	-46.2600135	
0.3494	-46.2590872	
0.3495	-46.258161	
0.3496	-46.257235	
0.3497	-46.2563092	
0.3498	-46.2553836	
0.3499	-46.2544581	
0.3500	-46.2535328	
0.3501	-46.2526077	
0.3502	-46.2516827	
0.3503	-46.250758	
0.3504	-46.2498334	
0.3505	-46.2489089	
0.3506	-46.2479847	
0.3507	-46.2470606	
0.3508	-46.2461367	
0.3509	-46.245213	
0.3510	-46.2442894	
0.3511	-46.243366	
0.3512	-46.2424428	
0.3513	-46.2415198	
0.3514	-46.240597	
0.3515	-46.2396743	
0.3516	-46.2387518	
0.3517	-46.2378294	
0.3518	-46.2369073	
0.3519	-46.2359853	
0.3520	-46.2350635	
0.3521	-46.2341419	
0.3522	-46.2332204	
0.3523	-46.2322991	
0.3524	-46.231378	
0.3525	-46.2304571	
0.3526	-46.2295364	
0.3527	-46.2286158	
0.3528	-46.2276954	
0.3529	-46.2267752	
0.3530	-46.2258551	
0.3531	-46.2249353	
0.3532	-46.2240156	
0.3533	-46.2230961	
0.3534	-46.2221767	
0.3535	-46.2212576	
0.3536	-46.2203386	
0.3537	-46.2194198	
0.3538	-46.2185011	
0.3539	-46.2175827	
0.3540	-46.2166644	
0.3541	-46.2157463	
0.3542	-46.2148284	
0.3543	-46.2139107	
0.3544	-46.2129931	
0.3545	-46.2120757	
0.3546	-46.2111585	
0.3547	-46.2102415	
0.3548	-46.2093246	
0.3549	-46.2084079	
0.3550	-46.2074914	
0.3551	-46.2065751	
0.3552	-46.205659	
0.3553	-46.204743	
0.3554	-46.2038272	
0.3555	-46.2029116	
0.3556	-46.2019962	
0.3557	-46.201081	
0.3558	-46.2001659	
0.3559	-46.199251	
0.3560	-46.1983363	
0.3561	-46.1974218	
0.3562	-46.1965074	
0.3563	-46.1955932	
0.3564	-46.1946792	
0.3565	-46.1937654	
0.3566	-46.1928518	
0.3567	-46.1919383	
0.3568	-46.1910251	
0.3569	-46.190112	
0.3570	-46.1891991	
0.3571	-46.1882863	
0.3572	-46.1873738	
0.3573	-46.1864614	
0.3574	-46.1855492	
0.3575	-46.1846372	
0.3576	-46.1837253	
0.3577	-46.1828137	
0.3578	-46.1819022	
0.3579	-46.1809909	
0.3580	-46.1800798	
0.3581	-46.1791688	
0.3582	-46.1782581	
0.3583	-46.1773475	
0.3584	-46.1764371	
0.3585	-46.1755269	
0.3586	-46.1746169	
0.3587	-46.173707	
0.3588	-46.1727973	
0.3589	-46.1718878	
0.3590	-46.1709785	
0.3591	-46.1700694	
0.3592	-46.1691605	
0.3593	-46.1682517	
0.3594	-46.1673431	
0.3595	-46.1664347	
0.3596	-46.1655265	
0.3597	-46.1646184	
0.3598	-46.1637106	
0.3599	-46.1628029	
0.3600	-46.1618954	
0.3601	-46.1609881	
0.3602	-46.1600809	
0.3603	-46.159174	
0.3604	-46.1582672	
0.3605	-46.1573606	
0.3606	-46.1564542	
0.3607	-46.155548	
0.3608	-46.1546419	
0.3609	-46.1537361	
0.3610	-46.1528304	
0.3611	-46.1519249	
0.3612	-46.1510196	
0.3613	-46.1501145	
0.3614	-46.1492095	
0.3615	-46.1483047	
0.3616	-46.1474002	
0.3617	-46.1464957	
0.3618	-46.1455915	
0.3619	-46.1446875	
0.3620	-46.1437836	
0.3621	-46.14288	
0.3622	-46.1419765	
0.3623	-46.1410732	
0.3624	-46.14017	
0.3625	-46.1392671	
0.3626	-46.1383643	
0.3627	-46.1374618	
0.3628	-46.1365594	
0.3629	-46.1356572	
0.3630	-46.1347551	
0.3631	-46.1338533	
0.3632	-46.1329516	
0.3633	-46.1320501	
0.3634	-46.1311488	
0.3635	-46.1302477	
0.3636	-46.1293468	
0.3637	-46.1284461	
0.3638	-46.1275455	
0.3639	-46.1266451	
0.3640	-46.1257449	
0.3641	-46.1248449	
0.3642	-46.1239451	
0.3643	-46.1230454	
0.3644	-46.122146	
0.3645	-46.1212467	
0.3646	-46.1203476	
0.3647	-46.1194487	
0.3648	-46.11855	
0.3649	-46.1176514	
0.3650	-46.1167531	
0.3651	-46.1158549	
0.3652	-46.1149569	
0.3653	-46.1140591	
0.3654	-46.1131615	
0.3655	-46.1122641	
0.3656	-46.1113668	
0.3657	-46.1104697	
0.3658	-46.1095729	
0.3659	-46.1086762	
0.3660	-46.1077796	
0.3661	-46.1068833	
0.3662	-46.1059872	
0.3663	-46.1050912	
0.3664	-46.1041954	
0.3665	-46.1032998	
0.3666	-46.1024044	
0.3667	-46.1015092	
0.3668	-46.1006142	
0.3669	-46.0997193	
0.3670	-46.0988247	
0.3671	-46.0979302	
0.3672	-46.0970359	
0.3673	-46.0961418	
0.3674	-46.0952478	
0.3675	-46.0943541	
0.3676	-46.0934605	
0.3677	-46.0925672	
0.3678	-46.091674	
0.3679	-46.090781	
0.3680	-46.0898881	
0.3681	-46.0889955	
0.3682	-46.0881031	
0.3683	-46.0872108	
0.3684	-46.0863187	
0.3685	-46.0854268	
0.3686	-46.0845351	
0.3687	-46.0836436	
0.3688	-46.0827523	
0.3689	-46.0818611	
0.3690	-46.0809702	
0.3691	-46.0800794	
0.3692	-46.0791888	
0.3693	-46.0782984	
0.3694	-46.0774081	
0.3695	-46.0765181	
0.3696	-46.0756283	
0.3697	-46.0747386	
0.3698	-46.0738491	
0.3699	-46.0729598	
0.3700	-46.0720707	
0.3701	-46.0711818	
0.3702	-46.0702931	
0.3703	-46.0694045	
0.3704	-46.0685161	
0.3705	-46.067628	
0.3706	-46.06674	
0.3707	-46.0658522	
0.3708	-46.0649646	
0.3709	-46.0640771	
0.3710	-46.0631899	
0.3711	-46.0623028	
0.3712	-46.0614159	
0.3713	-46.0605293	
0.3714	-46.0596428	
0.3715	-46.0587564	
0.3716	-46.0578703	
0.3717	-46.0569844	
0.3718	-46.0560986	
0.3719	-46.055213	
0.3720	-46.0543277	
0.3721	-46.0534425	
0.3722	-46.0525574	
0.3723	-46.0516726	
0.3724	-46.050788	
0.3725	-46.0499035	
0.3726	-46.0490193	
0.3727	-46.0481352	
0.3728	-46.0472513	
0.3729	-46.0463676	
0.3730	-46.0454841	
0.3731	-46.0446008	
0.3732	-46.0437176	
0.3733	-46.0428347	
0.3734	-46.0419519	
0.3735	-46.0410693	
0.3736	-46.0401869	
0.3737	-46.0393047	
0.3738	-46.0384227	
0.3739	-46.0375409	
0.3740	-46.0366592	
0.3741	-46.0357778	
0.3742	-46.0348965	
0.3743	-46.0340154	
0.3744	-46.0331345	
0.3745	-46.0322538	
0.3746	-46.0313733	
0.3747	-46.0304929	
0.3748	-46.0296128	
0.3749	-46.0287328	
0.3750	-46.0278531	
0.3751	-46.0269735	
0.3752	-46.0260941	
0.3753	-46.0252149	
0.3754	-46.0243358	
0.3755	-46.023457	
0.3756	-46.0225783	
0.3757	-46.0216999	
0.3758	-46.0208216	
0.3759	-46.0199435	
0.3760	-46.0190656	
0.3761	-46.0181879	
0.3762	-46.0173104	
0.3763	-46.0164331	
0.3764	-46.0155559	
0.3765	-46.014679	
0.3766	-46.0138022	
0.3767	-46.0129256	
0.3768	-46.0120492	
0.3769	-46.011173	
0.3770	-46.010297	
0.3771	-46.0094211	
0.3772	-46.0085455	
0.3773	-46.00767	
0.3774	-46.0067948	
0.3775	-46.0059197	
0.3776	-46.0050448	
0.3777	-46.0041701	
0.3778	-46.0032956	
0.3779	-46.0024213	
0.3780	-46.0015471	
0.3781	-46.0006732	
0.3782	-45.9997994	
0.3783	-45.9989258	
0.3784	-45.9980525	
0.3785	-45.9971793	
0.3786	-45.9963062	
0.3787	-45.9954334	
0.3788	-45.9945608	
0.3789	-45.9936883	
0.3790	-45.9928161	
0.3791	-45.991944	
0.3792	-45.9910721	
0.3793	-45.9902005	
0.3794	-45.989329	
0.3795	-45.9884576	
0.3796	-45.9875865	
0.3797	-45.9867156	
0.3798	-45.9858448	
0.3799	-45.9849743	
0.3800	-45.9841039	
0.3801	-45.9832337	
0.3802	-45.9823637	
0.3803	-45.9814939	
0.3804	-45.9806243	
0.3805	-45.9797549	
0.3806	-45.9788856	
0.3807	-45.9780166	
0.3808	-45.9771477	
0.3809	-45.9762791	
0.3810	-45.9754106	
0.3811	-45.9745423	
0.3812	-45.9736742	
0.3813	-45.9728063	
0.3814	-45.9719385	
0.3815	-45.971071	
0.3816	-45.9702036	
0.3817	-45.9693365	
0.3818	-45.9684695	
0.3819	-45.9676027	
0.3820	-45.9667361	
0.3821	-45.9658697	
0.3822	-45.9650035	
0.3823	-45.9641375	
0.3824	-45.9632717	
0.3825	-45.962406	
0.3826	-45.9615406	
0.3827	-45.9606753	
0.3828	-45.9598102	
0.3829	-45.9589453	
0.3830	-45.9580806	
0.3831	-45.9572161	
0.3832	-45.9563518	
0.3833	-45.9554877	
0.3834	-45.9546237	
0.3835	-45.95376	
0.3836	-45.9528964	
0.3837	-45.952033	
0.3838	-45.9511698	
0.3839	-45.9503068	
0.3840	-45.949444	
0.3841	-45.9485814	
0.3842	-45.947719	
0.3843	-45.9468568	
0.3844	-45.9459947	
0.3845	-45.9451329	
0.3846	-45.9442712	
0.3847	-45.9434097	
0.3848	-45.9425484	
0.3849	-45.9416873	
0.3850	-45.9408264	
0.3851	-45.9399657	
0.3852	-45.9391052	
0.3853	-45.9382448	
0.3854	-45.9373847	
0.3855	-45.9365247	
0.3856	-45.9356649	
0.3857	-45.9348054	
0.3858	-45.933946	
0.3859	-45.9330868	
0.3860	-45.9322278	
0.3861	-45.9313689	
0.3862	-45.9305103	
0.3863	-45.9296519	
0.3864	-45.9287936	
0.3865	-45.9279356	
0.3866	-45.9270777	
0.3867	-45.92622	
0.3868	-45.9253625	
0.3869	-45.9245052	
0.3870	-45.9236481	
0.3871	-45.9227912	
0.3872	-45.9219344	
0.3873	-45.9210779	
0.3874	-45.9202216	
0.3875	-45.9193654	
0.3876	-45.9185094	
0.3877	-45.9176536	
0.3878	-45.9167981	
0.3879	-45.9159427	
0.3880	-45.9150874	
0.3881	-45.9142324	
0.3882	-45.9133776	
0.3883	-45.912523	
0.3884	-45.9116685	
0.3885	-45.9108143	
0.3886	-45.9099602	
0.3887	-45.9091063	
0.3888	-45.9082526	
0.3889	-45.9073991	
0.3890	-45.9065458	
0.3891	-45.9056927	
0.3892	-45.9048398	
0.3893	-45.9039871	
0.3894	-45.9031345	
0.3895	-45.9022822	
0.3896	-45.90143	
0.3897	-45.900578	
0.3898	-45.8997262	
0.3899	-45.8988747	
0.3900	-45.8980233	
0.3901	-45.897172	
0.3902	-45.896321	
0.3903	-45.8954702	
0.3904	-45.8946196	
0.3905	-45.8937691	
0.3906	-45.8929189	
0.3907	-45.8920688	
0.3908	-45.8912189	
0.3909	-45.8903692	
0.3910	-45.8895198	
0.3911	-45.8886705	
0.3912	-45.8878213	
0.3913	-45.8869724	
0.3914	-45.8861237	
0.3915	-45.8852752	
0.3916	-45.8844268	
0.3917	-45.8835787	
0.3918	-45.8827307	
0.3919	-45.8818829	
0.3920	-45.8810353	
0.3921	-45.8801879	
0.3922	-45.8793407	
0.3923	-45.8784937	
0.3924	-45.8776469	
0.3925	-45.8768003	
0.3926	-45.8759538	
0.3927	-45.8751076	
0.3928	-45.8742615	
0.3929	-45.8734157	
0.3930	-45.87257	
0.3931	-45.8717245	
0.3932	-45.8708792	
0.3933	-45.8700341	
0.3934	-45.8691892	
0.3935	-45.8683445	
0.3936	-45.8675	
0.3937	-45.8666557	
0.3938	-45.8658115	
0.3939	-45.8649676	
0.3940	-45.8641238	
0.3941	-45.8632802	
0.3942	-45.8624368	
0.3943	-45.8615937	
0.3944	-45.8607507	
0.3945	-45.8599079	
0.3946	-45.8590653	
0.3947	-45.8582228	
0.3948	-45.8573806	
0.3949	-45.8565386	
0.3950	-45.8556967	
0.3951	-45.8548551	
0.3952	-45.8540136	
0.3953	-45.8531723	
0.3954	-45.8523312	
0.3955	-45.8514904	
0.3956	-45.8506497	
0.3957	-45.8498091	
0.3958	-45.8489688	
0.3959	-45.8481287	
0.3960	-45.8472888	
0.3961	-45.846449	
0.3962	-45.8456095	
0.3963	-45.8447701	
0.3964	-45.843931	
0.3965	-45.843092	
0.3966	-45.8422532	
0.3967	-45.8414146	
0.3968	-45.8405762	
0.3969	-45.839738	
0.3970	-45.8389	
0.3971	-45.8380622	
0.3972	-45.8372245	
0.3973	-45.8363871	
0.3974	-45.8355499	
0.3975	-45.8347128	
0.3976	-45.8338759	
0.3977	-45.8330393	
0.3978	-45.8322028	
0.3979	-45.8313665	
0.3980	-45.8305304	
0.3981	-45.8296945	
0.3982	-45.8288588	
0.3983	-45.8280232	
0.3984	-45.8271879	
0.3985	-45.8263528	
0.3986	-45.8255178	
0.3987	-45.8246831	
0.3988	-45.8238485	
0.3989	-45.8230141	
0.3990	-45.82218	
0.3991	-45.821346	
0.3992	-45.8205122	
0.3993	-45.8196786	
0.3994	-45.8188452	
0.3995	-45.818012	
0.3996	-45.8171789	
0.3997	-45.8163461	
0.3998	-45.8155134	
0.3999	-45.814681	
0.4000	-45.8138487	
0.4001	-45.8130167	
0.4002	-45.8121848	
0.4003	-45.8113531	
0.4004	-45.8105216	
0.4005	-45.8096903	
0.4006	-45.8088592	
0.4007	-45.8080283	
0.4008	-45.8071976	
0.4009	-45.8063671	
0.4010	-45.8055367	
0.4011	-45.8047066	
0.4012	-45.8038766	
0.4013	-45.8030469	
0.4014	-45.8022173	
0.4015	-45.8013879	
0.4016	-45.8005587	
0.4017	-45.7997298	
0.4018	-45.798901	
0.4019	-45.7980723	
0.4020	-45.7972439	
0.4021	-45.7964157	
0.4022	-45.7955877	
0.4023	-45.7947598	
0.4024	-45.7939322	
0.4025	-45.7931047	
0.4026	-45.7922775	
0.4027	-45.7914504	
0.4028	-45.7906235	
0.4029	-45.7897969	
0.4030	-45.7889704	
0.4031	-45.7881441	
0.4032	-45.787318	
0.4033	-45.7864921	
0.4034	-45.7856663	
0.4035	-45.7848408	
0.4036	-45.7840155	
0.4037	-45.7831903	
0.4038	-45.7823654	
0.4039	-45.7815406	
0.4040	-45.7807161	
0.4041	-45.7798917	
0.4042	-45.7790675	
0.4043	-45.7782435	
0.4044	-45.7774197	
0.4045	-45.7765961	
0.4046	-45.7757727	
0.4047	-45.7749495	
0.4048	-45.7741265	
0.4049	-45.7733036	
0.4050	-45.772481	
0.4051	-45.7716586	
0.4052	-45.7708363	
0.4053	-45.7700143	
0.4054	-45.7691924	
0.4055	-45.7683707	
0.4056	-45.7675492	
0.4057	-45.7667279	
0.4058	-45.7659068	
0.4059	-45.7650859	
0.4060	-45.7642652	
0.4061	-45.7634447	
0.4062	-45.7626244	
0.4063	-45.7618042	
0.4064	-45.7609843	
0.4065	-45.7601646	
0.4066	-45.759345	
0.4067	-45.7585256	
0.4068	-45.7577065	
0.4069	-45.7568875	
0.4070	-45.7560687	
0.4071	-45.7552501	
0.4072	-45.7544317	
0.4073	-45.7536135	
0.4074	-45.7527955	
0.4075	-45.7519777	
0.4076	-45.7511601	
0.4077	-45.7503426	
0.4078	-45.7495254	
0.4079	-45.7487083	
0.4080	-45.7478915	
0.4081	-45.7470748	
0.4082	-45.7462584	
0.4083	-45.7454421	
0.4084	-45.744626	
0.4085	-45.7438101	
0.4086	-45.7429944	
0.4087	-45.7421789	
0.4088	-45.7413636	
0.4089	-45.7405485	
0.4090	-45.7397336	
0.4091	-45.7389188	
0.4092	-45.7381043	
0.4093	-45.73729	
0.4094	-45.7364758	
0.4095	-45.7356618	
0.4096	-45.7348481	
0.4097	-45.7340345	
0.4098	-45.7332211	
0.4099	-45.7324079	
0.4100	-45.7315949	
0.4101	-45.7307821	
0.4102	-45.7299695	
0.4103	-45.7291571	
0.4104	-45.7283449	
0.4105	-45.7275329	
0.4106	-45.726721	
0.4107	-45.7259094	
0.4108	-45.725098	
0.4109	-45.7242867	
0.4110	-45.7234756	
0.4111	-45.7226648	
0.4112	-45.7218541	
0.4113	-45.7210436	
0.4114	-45.7202333	
0.4115	-45.7194232	
0.4116	-45.7186133	
0.4117	-45.7178036	
0.4118	-45.7169941	
0.4119	-45.7161848	
0.4120	-45.7153757	
0.4121	-45.7145667	
0.4122	-45.713758	
0.4123	-45.7129494	
0.4124	-45.7121411	
0.4125	-45.7113329	
0.4126	-45.7105249	
0.4127	-45.7097172	
0.4128	-45.7089096	
0.4129	-45.7081022	
0.4130	-45.707295	
0.4131	-45.706488	
0.4132	-45.7056812	
0.4133	-45.7048746	
0.4134	-45.7040682	
0.4135	-45.7032619	
0.4136	-45.7024559	
0.4137	-45.7016501	
0.4138	-45.7008444	
0.4139	-45.700039	
0.4140	-45.6992337	
0.4141	-45.6984286	
0.4142	-45.6976238	
0.4143	-45.6968191	
0.4144	-45.6960146	
0.4145	-45.6952103	
0.4146	-45.6944062	
0.4147	-45.6936023	
0.4148	-45.6927986	
0.4149	-45.691995	
0.4150	-45.6911917	
0.4151	-45.6903886	
0.4152	-45.6895857	
0.4153	-45.6887829	
0.4154	-45.6879804	
0.4155	-45.687178	
0.4156	-45.6863758	
0.4157	-45.6855739	
0.4158	-45.6847721	
0.4159	-45.6839705	
0.4160	-45.6831691	
0.4161	-45.6823679	
0.4162	-45.6815669	
0.4163	-45.6807661	
0.4164	-45.6799655	
0.4165	-45.6791651	
0.4166	-45.6783648	
0.4167	-45.6775648	
0.4168	-45.676765	
0.4169	-45.6759653	
0.4170	-45.6751658	
0.4171	-45.6743666	
0.4172	-45.6735675	
0.4173	-45.6727686	
0.4174	-45.67197	
0.4175	-45.6711715	
0.4176	-45.6703732	
0.4177	-45.6695751	
0.4178	-45.6687772	
0.4179	-45.6679795	
0.4180	-45.667182	
0.4181	-45.6663846	
0.4182	-45.6655875	
0.4183	-45.6647906	
0.4184	-45.6639938	
0.4185	-45.6631973	
0.4186	-45.6624009	
0.4187	-45.6616048	
0.4188	-45.6608088	
0.4189	-45.660013	
0.4190	-45.6592174	
0.4191	-45.658422	
0.4192	-45.6576269	
0.4193	-45.6568319	
0.4194	-45.6560371	
0.4195	-45.6552424	
0.4196	-45.654448	
0.4197	-45.6536538	
0.4198	-45.6528598	
0.4199	-45.6520659	
0.4200	-45.6512723	
0.4201	-45.6504788	
0.4202	-45.6496856	
0.4203	-45.6488925	
0.4204	-45.6480997	
0.4205	-45.647307	
0.4206	-45.6465145	
0.4207	-45.6457222	
0.4208	-45.6449301	
0.4209	-45.6441382	
0.4210	-45.6433465	
0.4211	-45.642555	
0.4212	-45.6417637	
0.4213	-45.6409726	
0.4214	-45.6401816	
0.4215	-45.6393909	
0.4216	-45.6386004	
0.4217	-45.63781	
0.4218	-45.6370199	
0.4219	-45.6362299	
0.4220	-45.6354401	
0.4221	-45.6346506	
0.4222	-45.6338612	
0.4223	-45.633072	
0.4224	-45.632283	
0.4225	-45.6314942	
0.4226	-45.6307056	
0.4227	-45.6299172	
0.4228	-45.629129	
0.4229	-45.628341	
0.4230	-45.6275532	
0.4231	-45.6267655	
0.4232	-45.6259781	
0.4233	-45.6251908	
0.4234	-45.6244038	
0.4235	-45.6236169	
0.4236	-45.6228303	
0.4237	-45.6220438	
0.4238	-45.6212575	
0.4239	-45.6204715	
0.4240	-45.6196856	
0.4241	-45.6188999	
0.4242	-45.6181144	
0.4243	-45.6173291	
0.4244	-45.616544	
0.4245	-45.615759	
0.4246	-45.6149743	
0.4247	-45.6141898	
0.4248	-45.6134055	
0.4249	-45.6126213	
0.4250	-45.6118374	
0.4251	-45.6110536	
0.4252	-45.6102701	
0.4253	-45.6094867	
0.4254	-45.6087035	
0.4255	-45.6079206	
0.4256	-45.6071378	
0.4257	-45.6063552	
0.4258	-45.6055728	
0.4259	-45.6047906	
0.4260	-45.6040086	
0.4261	-45.6032268	
0.4262	-45.6024452	
0.4263	-45.6016637	
0.4264	-45.6008825	
0.4265	-45.6001015	
0.4266	-45.5993206	
0.4267	-45.59854	
0.4268	-45.5977595	
0.4269	-45.5969793	
0.4270	-45.5961992	
0.4271	-45.5954193	
0.4272	-45.5946396	
0.4273	-45.5938602	
0.4274	-45.5930809	
0.4275	-45.5923018	
0.4276	-45.5915229	
0.4277	-45.5907442	
0.4278	-45.5899657	
0.4279	-45.5891873	
0.4280	-45.5884092	
0.4281	-45.5876313	
0.4282	-45.5868535	
0.4283	-45.586076	
0.4284	-45.5852987	
0.4285	-45.5845215	
0.4286	-45.5837445	
0.4287	-45.5829678	
0.4288	-45.5821912	
0.4289	-45.5814148	
0.4290	-45.5806386	
0.4291	-45.5798627	
0.4292	-45.5790869	
0.4293	-45.5783113	
0.4294	-45.5775359	
0.4295	-45.5767606	
0.4296	-45.5759856	
0.4297	-45.5752108	
0.4298	-45.5744362	
0.4299	-45.5736617	
0.4300	-45.5728875	
0.4301	-45.5721134	
0.4302	-45.5713396	
0.4303	-45.5705659	
0.4304	-45.5697925	
0.4305	-45.5690192	
0.4306	-45.5682461	
0.4307	-45.5674732	
0.4308	-45.5667005	
0.4309	-45.565928	
0.4310	-45.5651557	
0.4311	-45.5643836	
0.4312	-45.5636117	
0.4313	-45.56284	
0.4314	-45.5620685	
0.4315	-45.5612972	
0.4316	-45.560526	
0.4317	-45.5597551	
0.4318	-45.5589843	
0.4319	-45.5582138	
0.4320	-45.5574434	
0.4321	-45.5566733	
0.4322	-45.5559033	
0.4323	-45.5551335	
0.4324	-45.5543639	
0.4325	-45.5535945	
0.4326	-45.5528253	
0.4327	-45.5520563	
0.4328	-45.5512875	
0.4329	-45.5505189	
0.4330	-45.5497505	
0.4331	-45.5489823	
0.4332	-45.5482143	
0.4333	-45.5474464	
0.4334	-45.5466788	
0.4335	-45.5459113	
0.4336	-45.5451441	
0.4337	-45.544377	
0.4338	-45.5436102	
0.4339	-45.5428435	
0.4340	-45.542077	
0.4341	-45.5413107	
0.4342	-45.5405446	
0.4343	-45.5397787	
0.4344	-45.539013	
0.4345	-45.5382475	
0.4346	-45.5374822	
0.4347	-45.5367171	
0.4348	-45.5359522	
0.4349	-45.5351875	
0.4350	-45.5344229	
0.4351	-45.5336586	
0.4352	-45.5328944	
0.4353	-45.5321305	
0.4354	-45.5313667	
0.4355	-45.5306032	
0.4356	-45.5298398	
0.4357	-45.5290766	
0.4358	-45.5283137	
0.4359	-45.5275509	
0.4360	-45.5267883	
0.4361	-45.5260259	
0.4362	-45.5252637	
0.4363	-45.5245017	
0.4364	-45.5237398	
0.4365	-45.5229782	
0.4366	-45.5222168	
0.4367	-45.5214556	
0.4368	-45.5206945	
0.4369	-45.5199337	
0.4370	-45.519173	
0.4371	-45.5184126	
0.4372	-45.5176523	
0.4373	-45.5168922	
0.4374	-45.5161324	
0.4375	-45.5153727	
0.4376	-45.5146132	
0.4377	-45.5138539	
0.4378	-45.5130948	
0.4379	-45.5123359	
0.4380	-45.5115772	
0.4381	-45.5108187	
0.4382	-45.5100604	
0.4383	-45.5093023	
0.4384	-45.5085443	
0.4385	-45.5077866	
0.4386	-45.507029	
0.4387	-45.5062717	
0.4388	-45.5055145	
0.4389	-45.5047576	
0.4390	-45.5040008	
0.4391	-45.5032442	
0.4392	-45.5024879	
0.4393	-45.5017317	
0.4394	-45.5009757	
0.4395	-45.5002199	
0.4396	-45.4994643	
0.4397	-45.4987089	
0.4398	-45.4979537	
0.4399	-45.4971986	
0.4400	-45.4964438	
0.4401	-45.4956892	
0.4402	-45.4949347	
0.4403	-45.4941805	
0.4404	-45.4934265	
0.4405	-45.4926726	
0.4406	-45.4919189	
0.4407	-45.4911655	
0.4408	-45.4904122	
0.4409	-45.4896591	
0.4410	-45.4889062	
0.4411	-45.4881535	
0.4412	-45.4874011	
0.4413	-45.4866487	
0.4414	-45.4858966	
0.4415	-45.4851447	
0.4416	-45.484393	
0.4417	-45.4836415	
0.4418	-45.4828902	
0.4419	-45.482139	
0.4420	-45.4813881	
0.4421	-45.4806373	
0.4422	-45.4798868	
0.4423	-45.4791364	
0.4424	-45.4783862	
0.4425	-45.4776363	
0.4426	-45.4768865	
0.4427	-45.4761369	
0.4428	-45.4753875	
0.4429	-45.4746383	
0.4430	-45.4738893	
0.4431	-45.4731405	
0.4432	-45.4723919	
0.4433	-45.4716435	
0.4434	-45.4708952	
0.4435	-45.4701472	
0.4436	-45.4693994	
0.4437	-45.4686517	
0.4438	-45.4679043	
0.4439	-45.467157	
0.4440	-45.46641	
0.4441	-45.4656631	
0.4442	-45.4649164	
0.4443	-45.4641699	
0.4444	-45.4634237	
0.4445	-45.4626776	
0.4446	-45.4619317	
0.4447	-45.461186	
0.4448	-45.4604405	
0.4449	-45.4596951	
0.4450	-45.45895	
0.4451	-45.4582051	
0.4452	-45.4574604	
0.4453	-45.4567158	
0.4454	-45.4559715	
0.4455	-45.4552273	
0.4456	-45.4544834	
0.4457	-45.4537396	
0.4458	-45.452996	
0.4459	-45.4522527	
0.4460	-45.4515095	
0.4461	-45.4507665	
0.4462	-45.4500237	
0.4463	-45.4492811	
0.4464	-45.4485387	
0.4465	-45.4477965	
0.4466	-45.4470545	
0.4467	-45.4463127	
0.4468	-45.445571	
0.4469	-45.4448296	
0.4470	-45.4440883	
0.4471	-45.4433473	
0.4472	-45.4426064	
0.4473	-45.4418658	
0.4474	-45.4411253	
0.4475	-45.4403851	
0.4476	-45.439645	
0.4477	-45.4389051	
0.4478	-45.4381654	
0.4479	-45.4374259	
0.4480	-45.4366866	
0.4481	-45.4359475	
0.4482	-45.4352086	
0.4483	-45.4344699	
0.4484	-45.4337313	
0.4485	-45.432993	
0.4486	-45.4322549	
0.4487	-45.4315169	
0.4488	-45.4307792	
0.4489	-45.4300416	
0.4490	-45.4293043	
0.4491	-45.4285671	
0.4492	-45.4278301	
0.4493	-45.4270933	
0.4494	-45.4263567	
0.4495	-45.4256203	
0.4496	-45.4248841	
0.4497	-45.4241481	
0.4498	-45.4234123	
0.4499	-45.4226767	
0.4500	-45.4219413	
0.4501	-45.4212061	
0.4502	-45.420471	
0.4503	-45.4197362	
0.4504	-45.4190015	
0.4505	-45.4182671	
0.4506	-45.4175328	
0.4507	-45.4167987	
0.4508	-45.4160649	
0.4509	-45.4153312	
0.4510	-45.4145977	
0.4511	-45.4138644	
0.4512	-45.4131313	
0.4513	-45.4123984	
0.4514	-45.4116657	
0.4515	-45.4109332	
0.4516	-45.4102009	
0.4517	-45.4094687	
0.4518	-45.4087368	
0.4519	-45.4080051	
0.4520	-45.4072735	
0.4521	-45.4065421	
0.4522	-45.405811	
0.4523	-45.40508	
0.4524	-45.4043492	
0.4525	-45.4036187	
0.4526	-45.4028883	
0.4527	-45.4021581	
0.4528	-45.4014281	
0.4529	-45.4006983	
0.4530	-45.3999687	
0.4531	-45.3992393	
0.4532	-45.39851	
0.4533	-45.397781	
0.4534	-45.3970522	
0.4535	-45.3963235	
0.4536	-45.3955951	
0.4537	-45.3948668	
0.4538	-45.3941388	
0.4539	-45.3934109	
0.4540	-45.3926832	
0.4541	-45.3919557	
0.4542	-45.3912284	
0.4543	-45.3905013	
0.4544	-45.3897744	
0.4545	-45.3890477	
0.4546	-45.3883212	
0.4547	-45.3875949	
0.4548	-45.3868688	
0.4549	-45.3861428	
0.4550	-45.3854171	
0.4551	-45.3846916	
0.4552	-45.3839662	
0.4553	-45.3832411	
0.4554	-45.3825161	
0.4555	-45.3817913	
0.4556	-45.3810667	
0.4557	-45.3803424	
0.4558	-45.3796182	
0.4559	-45.3788942	
0.4560	-45.3781704	
0.4561	-45.3774468	
0.4562	-45.3767233	
0.4563	-45.3760001	
0.4564	-45.3752771	
0.4565	-45.3745542	
0.4566	-45.3738316	
0.4567	-45.3731092	
0.4568	-45.3723869	
0.4569	-45.3716648	
0.4570	-45.370943	
0.4571	-45.3702213	
0.4572	-45.3694998	
0.4573	-45.3687785	
0.4574	-45.3680574	
0.4575	-45.3673365	
0.4576	-45.3666158	
0.4577	-45.3658953	
0.4578	-45.365175	
0.4579	-45.3644549	
0.4580	-45.3637349	
0.4581	-45.3630152	
0.4582	-45.3622956	
0.4583	-45.3615763	
0.4584	-45.3608571	
0.4585	-45.3601381	
0.4586	-45.3594194	
0.4587	-45.3587008	
0.4588	-45.3579824	
0.4589	-45.3572642	
0.4590	-45.3565462	
0.4591	-45.3558284	
0.4592	-45.3551108	
0.4593	-45.3543934	
0.4594	-45.3536761	
0.4595	-45.3529591	
0.4596	-45.3522423	
0.4597	-45.3515256	
0.4598	-45.3508092	
0.4599	-45.3500929	
0.4600	-45.3493768	
0.4601	-45.348661	
0.4602	-45.3479453	
0.4603	-45.3472298	
0.4604	-45.3465145	
0.4605	-45.3457994	
0.4606	-45.3450845	
0.4607	-45.3443698	
0.4608	-45.3436552	
0.4609	-45.3429409	
0.4610	-45.3422268	
0.4611	-45.3415128	
0.4612	-45.3407991	
0.4613	-45.3400855	
0.4614	-45.3393722	
0.4615	-45.338659	
0.4616	-45.337946	
0.4617	-45.3372332	
0.4618	-45.3365206	
0.4619	-45.3358082	
0.4620	-45.335096	
0.4621	-45.334384	
0.4622	-45.3336722	
0.4623	-45.3329606	
0.4624	-45.3322491	
0.4625	-45.3315379	
0.4626	-45.3308268	
0.4627	-45.330116	
0.4628	-45.3294053	
0.4629	-45.3286949	
0.4630	-45.3279846	
0.4631	-45.3272745	
0.4632	-45.3265646	
0.4633	-45.3258549	
0.4634	-45.3251454	
0.4635	-45.3244361	
0.4636	-45.323727	
0.4637	-45.3230181	
0.4638	-45.3223093	
0.4639	-45.3216008	
0.4640	-45.3208924	
0.4641	-45.3201843	
0.4642	-45.3194763	
0.4643	-45.3187686	
0.4644	-45.318061	
0.4645	-45.3173536	
0.4646	-45.3166464	
0.4647	-45.3159394	
0.4648	-45.3152326	
0.4649	-45.314526	
0.4650	-45.3138196	
0.4651	-45.3131134	
0.4652	-45.3124073	
0.4653	-45.3117015	
0.4654	-45.3109959	
0.4655	-45.3102904	
0.4656	-45.3095851	
0.4657	-45.3088801	
0.4658	-45.3081752	
0.4659	-45.3074705	
0.4660	-45.306766	
0.4661	-45.3060617	
0.4662	-45.3053576	
0.4663	-45.3046537	
0.4664	-45.30395	
0.4665	-45.3032465	
0.4666	-45.3025431	
0.4667	-45.30184	
0.4668	-45.301137	
0.4669	-45.3004343	
0.4670	-45.2997317	
0.4671	-45.2990294	
0.4672	-45.2983272	
0.4673	-45.2976252	
0.4674	-45.2969234	
0.4675	-45.2962218	
0.4676	-45.2955204	
0.4677	-45.2948192	
0.4678	-45.2941182	
0.4679	-45.2934173	
0.4680	-45.2927167	
0.4681	-45.2920163	
0.4682	-45.291316	
0.4683	-45.2906159	
0.4684	-45.2899161	
0.4685	-45.2892164	
0.4686	-45.2885169	
0.4687	-45.2878176	
0.4688	-45.2871185	
0.4689	-45.2864196	
0.4690	-45.2857209	
0.4691	-45.2850224	
0.4692	-45.2843241	
0.4693	-45.2836259	
0.4694	-45.282928	
0.4695	-45.2822303	
0.4696	-45.2815327	
0.4697	-45.2808353	
0.4698	-45.2801382	
0.4699	-45.2794412	
0.4700	-45.2787444	
0.4701	-45.2780478	
0.4702	-45.2773514	
0.4703	-45.2766552	
0.4704	-45.2759592	
0.4705	-45.2752633	
0.4706	-45.2745677	
0.4707	-45.2738723	
0.4708	-45.273177	
0.4709	-45.272482	
0.4710	-45.2717871	
0.4711	-45.2710924	
0.4712	-45.2703979	
0.4713	-45.2697036	
0.4714	-45.2690096	
0.4715	-45.2683156	
0.4716	-45.2676219	
0.4717	-45.2669284	
0.4718	-45.2662351	
0.4719	-45.265542	
0.4720	-45.264849	
0.4721	-45.2641563	
0.4722	-45.2634637	
0.4723	-45.2627713	
0.4724	-45.2620792	
0.4725	-45.2613872	
0.4726	-45.2606954	
0.4727	-45.2600038	
0.4728	-45.2593124	
0.4729	-45.2586212	
0.4730	-45.2579301	
0.4731	-45.2572393	
0.4732	-45.2565487	
0.4733	-45.2558582	
0.4734	-45.255168	
0.4735	-45.2544779	
0.4736	-45.253788	
0.4737	-45.2530984	
0.4738	-45.2524089	
0.4739	-45.2517196	
0.4740	-45.2510305	
0.4741	-45.2503416	
0.4742	-45.2496529	
0.4743	-45.2489643	
0.4744	-45.248276	
0.4745	-45.2475879	
0.4746	-45.2468999	
0.4747	-45.2462121	
0.4748	-45.2455246	
0.4749	-45.2448372	
0.4750	-45.24415	
0.4751	-45.243463	
0.4752	-45.2427762	
0.4753	-45.2420896	
0.4754	-45.2414032	
0.4755	-45.240717	
0.4756	-45.2400309	
0.4757	-45.2393451	
0.4758	-45.2386595	
0.4759	-45.237974	
0.4760	-45.2372887	
0.4761	-45.2366037	
0.4762	-45.2359188	
0.4763	-45.2352341	
0.4764	-45.2345496	
0.4765	-45.2338653	
0.4766	-45.2331812	
0.4767	-45.2324972	
0.4768	-45.2318135	
0.4769	-45.23113	
0.4770	-45.2304466	
0.4771	-45.2297634	
0.4772	-45.2290805	
0.4773	-45.2283977	
0.4774	-45.2277151	
0.4775	-45.2270327	
0.4776	-45.2263505	
0.4777	-45.2256685	
0.4778	-45.2249867	
0.4779	-45.2243051	
0.4780	-45.2236236	
0.4781	-45.2229424	
0.4782	-45.2222613	
0.4783	-45.2215805	
0.4784	-45.2208998	
0.4785	-45.2202193	
0.4786	-45.219539	
0.4787	-45.218859	
0.4788	-45.218179	
0.4789	-45.2174993	
0.4790	-45.2168198	
0.4791	-45.2161405	
0.4792	-45.2154613	
0.4793	-45.2147824	
0.4794	-45.2141036	
0.4795	-45.2134251	
0.4796	-45.2127467	
0.4797	-45.2120685	
0.4798	-45.2113905	
0.4799	-45.2107127	
0.4800	-45.2100351	
0.4801	-45.2093577	
0.4802	-45.2086805	
0.4803	-45.2080034	
0.4804	-45.2073266	
0.4805	-45.2066499	
0.4806	-45.2059735	
0.4807	-45.2052972	
0.4808	-45.2046211	
0.4809	-45.2039452	
0.4810	-45.2032695	
0.4811	-45.202594	
0.4812	-45.2019187	
0.4813	-45.2012436	
0.4814	-45.2005687	
0.4815	-45.1998939	
0.4816	-45.1992194	
0.4817	-45.198545	
0.4818	-45.1978708	
0.4819	-45.1971969	
0.4820	-45.1965231	
0.4821	-45.1958495	
0.4822	-45.1951761	
0.4823	-45.1945029	
0.4824	-45.1938298	
0.4825	-45.193157	
0.4826	-45.1924844	
0.4827	-45.1918119	
0.4828	-45.1911397	
0.4829	-45.1904676	
0.4830	-45.1897957	
0.4831	-45.189124	
0.4832	-45.1884525	
0.4833	-45.1877812	
0.4834	-45.1871101	
0.4835	-45.1864392	
0.4836	-45.1857684	
0.4837	-45.1850979	
0.4838	-45.1844275	
0.4839	-45.1837574	
0.4840	-45.1830874	
0.4841	-45.1824176	
0.4842	-45.181748	
0.4843	-45.1810786	
0.4844	-45.1804094	
0.4845	-45.1797404	
0.4846	-45.1790716	
0.4847	-45.1784029	
0.4848	-45.1777345	
0.4849	-45.1770662	
0.4850	-45.1763982	
0.4851	-45.1757303	
0.4852	-45.1750626	
0.4853	-45.1743951	
0.4854	-45.1737278	
0.4855	-45.1730607	
0.4856	-45.1723938	
0.4857	-45.171727	
0.4858	-45.1710605	
0.4859	-45.1703942	
0.4860	-45.169728	
0.4861	-45.169062	
0.4862	-45.1683962	
0.4863	-45.1677307	
0.4864	-45.1670653	
0.4865	-45.1664	
0.4866	-45.165735	
0.4867	-45.1650702	
0.4868	-45.1644056	
0.4869	-45.1637411	
0.4870	-45.1630768	
0.4871	-45.1624128	
0.4872	-45.1617489	
0.4873	-45.1610852	
0.4874	-45.1604217	
0.4875	-45.1597584	
0.4876	-45.1590953	
0.4877	-45.1584324	
0.4878	-45.1577696	
0.4879	-45.1571071	
0.4880	-45.1564447	
0.4881	-45.1557826	
0.4882	-45.1551206	
0.4883	-45.1544588	
0.4884	-45.1537972	
0.4885	-45.1531358	
0.4886	-45.1524746	
0.4887	-45.1518136	
0.4888	-45.1511527	
0.4889	-45.1504921	
0.4890	-45.1498316	
0.4891	-45.1491713	
0.4892	-45.1485113	
0.4893	-45.1478514	
0.4894	-45.1471917	
0.4895	-45.1465322	
0.4896	-45.1458729	
0.4897	-45.1452137	
0.4898	-45.1445548	
0.4899	-45.1438961	
0.4900	-45.1432375	
0.4901	-45.1425791	
0.4902	-45.1419209	
0.4903	-45.141263	
0.4904	-45.1406052	
0.4905	-45.1399476	
0.4906	-45.1392901	
0.4907	-45.1386329	
0.4908	-45.1379759	
0.4909	-45.137319	
0.4910	-45.1366624	
0.4911	-45.1360059	
0.4912	-45.1353496	
0.4913	-45.1346935	
0.4914	-45.1340376	
0.4915	-45.1333819	
0.4916	-45.1327264	
0.4917	-45.132071	
0.4918	-45.1314159	
0.4919	-45.1307609	
0.4920	-45.1301062	
0.4921	-45.1294516	
0.4922	-45.1287972	
0.4923	-45.128143	
0.4924	-45.127489	
0.4925	-45.1268352	
0.4926	-45.1261816	
0.4927	-45.1255281	
0.4928	-45.1248749	
0.4929	-45.1242218	
0.4930	-45.1235689	
0.4931	-45.1229163	
0.4932	-45.1222638	
0.4933	-45.1216115	
0.4934	-45.1209594	
0.4935	-45.1203074	
0.4936	-45.1196557	
0.4937	-45.1190041	
0.4938	-45.1183528	
0.4939	-45.1177016	
0.4940	-45.1170506	
0.4941	-45.1163999	
0.4942	-45.1157492	
0.4943	-45.1150988	
0.4944	-45.1144486	
0.4945	-45.1137986	
0.4946	-45.1131487	
0.4947	-45.1124991	
0.4948	-45.1118496	
0.4949	-45.1112003	
0.4950	-45.1105513	
0.4951	-45.1099024	
0.4952	-45.1092536	
0.4953	-45.1086051	
0.4954	-45.1079568	
0.4955	-45.1073086	
0.4956	-45.1066607	
0.4957	-45.1060129	
0.4958	-45.1053654	
0.4959	-45.104718	
0.4960	-45.1040708	
0.4961	-45.1034238	
0.4962	-45.1027769	
0.4963	-45.1021303	
0.4964	-45.1014839	
0.4965	-45.1008376	
0.4966	-45.1001915	
0.4967	-45.0995457	
0.4968	-45.0989	
0.4969	-45.0982545	
0.4970	-45.0976092	
0.4971	-45.096964	
0.4972	-45.0963191	
0.4973	-45.0956744	
0.4974	-45.0950298	
0.4975	-45.0943854	
0.4976	-45.0937413	
0.4977	-45.0930973	
0.4978	-45.0924535	
0.4979	-45.0918098	
0.4980	-45.0911664	
0.4981	-45.0905232	
0.4982	-45.0898801	
0.4983	-45.0892373	
0.4984	-45.0885946	
0.4985	-45.0879521	
0.4986	-45.0873098	
0.4987	-45.0866677	
0.4988	-45.0860258	
0.4989	-45.0853841	
0.4990	-45.0847425	
0.4991	-45.0841012	
0.4992	-45.08346	
0.4993	-45.082819	
0.4994	-45.0821782	
0.4995	-45.0815376	
0.4996	-45.0808972	
0.4997	-45.080257	
0.4998	-45.079617	
0.4999	-45.0789771	
0.5000	-45.0783375	
