0.0001	-47.8535378	
0.0002	-47.7284277	
0.0003	-47.6213487	
0.0004	-47.5292443	
0.0005	-47.4493412	
0.0006	-47.3792119	
0.0007	-47.3168149	
0.0008	-47.2604944	
0.0009	-47.2089482	
0.0010	-47.1611768	
0.0011	-47.116427	
0.0012	-47.074138	
0.0013	-47.0338948	
0.0014	-46.9953894	
0.0015	-46.9583908	
0.0016	-46.9227228	
0.0017	-46.8882471	
0.0018	-46.8548514	
0.0019	-46.8224417	
0.0020	-46.7909366	
0.0021	-46.7602635	
0.0022	-46.7303567	
0.0023	-46.7011555	
0.0024	-46.6726034	
0.0025	-46.6446479	
0.0026	-46.6172398	
0.0027	-46.5903333	
0.0028	-46.5638857	
0.0029	-46.5378573	
0.0030	-46.5122115	
0.0031	-46.4869142	
0.0032	-46.4619344	
0.0033	-46.4372435	
0.0034	-46.4128151	
0.0035	-46.3886256	
0.0036	-46.3646531	
0.0037	-46.3408778	
0.0038	-46.3172818	
0.0039	-46.2938488	
0.0040	-46.2705641	
0.0041	-46.2474144	
0.0042	-46.2243876	
0.0043	-46.2014729	
0.0044	-46.1786604	
0.0045	-46.1559414	
0.0046	-46.1333077	
0.0047	-46.1107523	
0.0048	-46.0882686	
0.0049	-46.0658508	
0.0050	-46.0434935	
0.0051	-46.0211921	
0.0052	-45.9989421	
0.0053	-45.9767397	
0.0054	-45.9545814	
0.0055	-45.9324641	
0.0056	-45.9103848	
0.0057	-45.888341	
0.0058	-45.8663303	
0.0059	-45.8443507	
0.0060	-45.8224003	
0.0061	-45.8004772	
0.0062	-45.77858	
0.0063	-45.7567073	
0.0064	-45.7348577	
0.0065	-45.7130302	
0.0066	-45.6912238	
0.0067	-45.6694374	
0.0068	-45.6476702	
0.0069	-45.6259216	
0.0070	-45.6041907	
0.0071	-45.5824771	
0.0072	-45.5607802	
0.0073	-45.5390995	
0.0074	-45.5174345	
0.0075	-45.4957849	
0.0076	-45.4741504	
0.0077	-45.4525307	
0.0078	-45.4309254	
0.0079	-45.4093345	
0.0080	-45.3877577	
0.0081	-45.3661948	
0.0082	-45.3446457	
0.0083	-45.3231104	
0.0084	-45.3015887	
0.0085	-45.2800806	
0.0086	-45.258586	
0.0087	-45.237105	
0.0088	-45.2156375	
0.0089	-45.1941835	
0.0090	-45.1727432	
0.0091	-45.1513164	
0.0092	-45.1299034	
0.0093	-45.1085041	
0.0094	-45.0871187	
0.0095	-45.0657472	
0.0096	-45.0443899	
0.0097	-45.0230467	
0.0098	-45.0017178	
0.0099	-44.9804034	
0.0100	-44.9591037	
0.0101	-44.9378187	
0.0102	-44.9165487	
0.0103	-44.8952938	
0.0104	-44.8740542	
0.0105	-44.8528302	
0.0106	-44.8316218	
0.0107	-44.8104294	
0.0108	-44.7892532	
0.0109	-44.7680934	
0.0110	-44.7469501	
0.0111	-44.7258237	
0.0112	-44.7047145	
0.0113	-44.6836225	
0.0114	-44.6625482	
0.0115	-44.6414918	
0.0116	-44.6204536	
0.0117	-44.5994338	
0.0118	-44.5784328	
0.0119	-44.5574508	
0.0120	-44.5364881	
0.0121	-44.5155451	
0.0122	-44.4946221	
0.0123	-44.4737194	
0.0124	-44.4528374	
0.0125	-44.4319763	
0.0126	-44.4111365	
0.0127	-44.3903185	
0.0128	-44.3695225	
0.0129	-44.3487489	
0.0130	-44.3279981	
0.0131	-44.3072706	
0.0132	-44.2865666	
0.0133	-44.2658866	
0.0134	-44.245231	
0.0135	-44.2246003	
0.0136	-44.2039948	
0.0137	-44.183415	
0.0138	-44.1628614	
0.0139	-44.1423344	
0.0140	-44.1218344	
0.0141	-44.1013621	
0.0142	-44.0809178	
0.0143	-44.060502	
0.0144	-44.0401153	
0.0145	-44.0197581	
0.0146	-43.9994311	
0.0147	-43.9791347	
0.0148	-43.9588696	
0.0149	-43.9386362	
0.0150	-43.9184351	
0.0151	-43.898267	
0.0152	-43.8781325	
0.0153	-43.8580321	
0.0154	-43.8379665	
0.0155	-43.8179364	
0.0156	-43.7979423	
0.0157	-43.777985	
0.0158	-43.7580652	
0.0159	-43.7381836	
0.0160	-43.7183408	
0.0161	-43.6985377	
0.0162	-43.6787749	
0.0163	-43.6590533	
0.0164	-43.6393737	
0.0165	-43.6197368	
0.0166	-43.6001434	
0.0167	-43.5805945	
0.0168	-43.5610908	
0.0169	-43.5416333	
0.0170	-43.5222229	
0.0171	-43.5028605	
0.0172	-43.483547	
0.0173	-43.4642834	
0.0174	-43.4450708	
0.0175	-43.4259101	
0.0176	-43.4068023	
0.0177	-43.3877487	
0.0178	-43.3687501	
0.0179	-43.3498079	
0.0180	-43.330923	
0.0181	-43.3120968	
0.0182	-43.2933304	
0.0183	-43.274625	
0.0184	-43.255982	
0.0185	-43.2374026	
0.0186	-43.2188881	
0.0187	-43.20044	
0.0188	-43.1820596	
0.0189	-43.1637484	
0.0190	-43.1455079	
0.0191	-43.1273395	
0.0192	-43.1092448	
0.0193	-43.0912255	
0.0194	-43.0732831	
0.0195	-43.0554194	
0.0196	-43.037636	
0.0197	-43.0199348	
0.0198	-43.0023174	
0.0199	-42.9847859	
0.0200	-42.9673421	
0.0201	-42.949988	
0.0202	-42.9327256	
0.0203	-42.9155569	
0.0204	-42.8984841	
0.0205	-42.8815093	
0.0206	-42.8646349	
0.0207	-42.8478629	
0.0208	-42.831196	
0.0209	-42.8146363	
0.0210	-42.7981865	
0.0211	-42.7818491	
0.0212	-42.7656266	
0.0213	-42.7495218	
0.0214	-42.7335374	
0.0215	-42.7176763	
0.0216	-42.7019412	
0.0217	-42.6863353	
0.0218	-42.6708616	
0.0219	-42.6555232	
0.0220	-42.6403233	
0.0221	-42.6252651	
0.0222	-42.6103522	
0.0223	-42.595588	
0.0224	-42.580976	
0.0225	-42.5665198	
0.0226	-42.5522233	
0.0227	-42.5380902	
0.0228	-42.5241245	
0.0229	-42.5103303	
0.0230	-42.4967116	
0.0231	-42.4832726	
0.0232	-42.4700179	
0.0233	-42.4569516	
0.0234	-42.4440785	
0.0235	-42.4314032	
0.0236	-42.4189304	
0.0237	-42.4066651	
0.0238	-42.3946121	
0.0239	-42.3827767	
0.0240	-42.3711639	
0.0241	-42.3597792	
0.0242	-42.348628	
0.0243	-42.3377159	
0.0244	-42.3270485	
0.0245	-42.3166316	
0.0246	-42.3064711	
0.0247	-42.2965731	
0.0248	-42.2869437	
0.0249	-42.2775891	
0.0250	-42.2685156	
0.0251	-42.2597299	
0.0252	-42.2512384	
0.0253	-42.2430478	
0.0254	-42.2351649	
0.0255	-42.2275966	
0.0256	-42.2203499	
0.0257	-42.2134319	
0.0258	-42.2068497	
0.0259	-42.2006106	
0.0260	-42.1947219	
0.0261	-42.189191	
0.0262	-42.1840254	
0.0263	-42.1792325	
0.0264	-42.1748199	
0.0265	-42.1707953	
0.0266	-42.1671662	
0.0267	-42.1639403	
0.0268	-42.1611252	
0.0269	-42.1587287	
0.0270	-42.1567582	
0.0271	-42.1552215	
0.0272	-42.154126	
0.0273	-42.1534793	
0.0274	-42.1532888	
0.0275	-42.1535617	
0.0276	-42.1543053	
0.0277	-42.1555266	
0.0278	-42.1572325	
0.0279	-42.1594299	
0.0280	-42.1621251	
0.0281	-42.1653246	
0.0282	-42.1690345	
0.0283	-42.1732605	
0.0284	-42.1780081	
0.0285	-42.1832826	
0.0286	-42.1890889	
0.0287	-42.1954314	
0.0288	-42.2023143	
0.0289	-42.2097411	
0.0290	-42.2177152	
0.0291	-42.2262393	
0.0292	-42.2353156	
0.0293	-42.2449459	
0.0294	-42.2551311	
0.0295	-42.265872	
0.0296	-42.2771684	
0.0297	-42.2890196	
0.0298	-42.3014242	
0.0299	-42.31438	
0.0300	-42.3278845	
0.0301	-42.3419338	
0.0302	-42.3565238	
0.0303	-42.3716494	
0.0304	-42.3873046	
0.0305	-42.4034828	
0.0306	-42.4201764	
0.0307	-42.4373771	
0.0308	-42.4550756	
0.0309	-42.473262	
0.0310	-42.4919252	
0.0311	-42.5110535	
0.0312	-42.5306343	
0.0313	-42.5506542	
0.0314	-42.5710989	
0.0315	-42.5919533	
0.0316	-42.6132015	
0.0317	-42.6348268	
0.0318	-42.6568119	
0.0319	-42.6791385	
0.0320	-42.701788	
0.0321	-42.7247406	
0.0322	-42.7479765	
0.0323	-42.7714748	
0.0324	-42.7952144	
0.0325	-42.8191736	
0.0326	-42.8433301	
0.0327	-42.8676615	
0.0328	-42.8921449	
0.0329	-42.9167571	
0.0330	-42.9414748	
0.0331	-42.9662744	
0.0332	-42.9911323	
0.0333	-43.0160248	
0.0334	-43.0409282	
0.0335	-43.0658189	
0.0336	-43.0906734	
0.0337	-43.1154685	
0.0338	-43.140181	
0.0339	-43.1647883	
0.0340	-43.1892679	
0.0341	-43.2135979	
0.0342	-43.2377568	
0.0343	-43.2617235	
0.0344	-43.2854776	
0.0345	-43.3089991	
0.0346	-43.3322689	
0.0347	-43.3552682	
0.0348	-43.3779794	
0.0349	-43.400385	
0.0350	-43.4224689	
0.0351	-43.4442152	
0.0352	-43.4656092	
0.0353	-43.4866368	
0.0354	-43.5072848	
0.0355	-43.5275407	
0.0356	-43.547393	
0.0357	-43.566831	
0.0358	-43.5858448	
0.0359	-43.6044252	
0.0360	-43.6225641	
0.0361	-43.6402539	
0.0362	-43.6574881	
0.0363	-43.6742607	
0.0364	-43.6905668	
0.0365	-43.7064019	
0.0366	-43.7217624	
0.0367	-43.7366455	
0.0368	-43.751049	
0.0369	-43.7649713	
0.0370	-43.7784115	
0.0371	-43.7913694	
0.0372	-43.8038452	
0.0373	-43.8158398	
0.0374	-43.8273546	
0.0375	-43.8383916	
0.0376	-43.8489531	
0.0377	-43.8590421	
0.0378	-43.8686616	
0.0379	-43.8778156	
0.0380	-43.8865079	
0.0381	-43.894743	
0.0382	-43.9025257	
0.0383	-43.9098609	
0.0384	-43.916754	
0.0385	-43.9232105	
0.0386	-43.9292362	
0.0387	-43.9348371	
0.0388	-43.9400194	
0.0389	-43.9447894	
0.0390	-43.9491537	
0.0391	-43.9531188	
0.0392	-43.9566914	
0.0393	-43.9598785	
0.0394	-43.962687	
0.0395	-43.9651238	
0.0396	-43.9671959	
0.0397	-43.9689104	
0.0398	-43.9702745	
0.0399	-43.9712952	
0.0400	-43.9719796	
0.0401	-43.972335	
0.0402	-43.9723682	
0.0403	-43.9720865	
0.0404	-43.9714968	
0.0405	-43.9706062	
0.0406	-43.9694216	
0.0407	-43.9679499	
0.0408	-43.966198	
0.0409	-43.9641725	
0.0410	-43.9618803	
0.0411	-43.9593279	
0.0412	-43.956522	
0.0413	-43.953469	
0.0414	-43.9501753	
0.0415	-43.9466472	
0.0416	-43.942891	
0.0417	-43.9389128	
0.0418	-43.9347187	
0.0419	-43.9303146	
0.0420	-43.9257064	
0.0421	-43.9208999	
0.0422	-43.9159008	
0.0423	-43.9107147	
0.0424	-43.9053471	
0.0425	-43.8998034	
0.0426	-43.8940889	
0.0427	-43.8882089	
0.0428	-43.8821686	
0.0429	-43.8759729	
0.0430	-43.8696269	
0.0431	-43.8631354	
0.0432	-43.8565033	
0.0433	-43.8497352	
0.0434	-43.8428357	
0.0435	-43.8358095	
0.0436	-43.828661	
0.0437	-43.8213945	
0.0438	-43.8140144	
0.0439	-43.8065249	
0.0440	-43.7989301	
0.0441	-43.7912343	
0.0442	-43.7834412	
0.0443	-43.775555	
0.0444	-43.7675794	
0.0445	-43.7595183	
0.0446	-43.7513755	
0.0447	-43.7431545	
0.0448	-43.7348591	
0.0449	-43.7264927	
0.0450	-43.718059	
0.0451	-43.7095612	
0.0452	-43.7010029	
0.0453	-43.6923873	
0.0454	-43.6837177	
0.0455	-43.6749975	
0.0456	-43.6662296	
0.0457	-43.6574173	
0.0458	-43.6485638	
0.0459	-43.6396719	
0.0460	-43.6307447	
0.0461	-43.6217853	
0.0462	-43.6127964	
0.0463	-43.6037811	
0.0464	-43.594742	
0.0465	-43.5856822	
0.0466	-43.5766042	
0.0467	-43.5675109	
0.0468	-43.558405	
0.0469	-43.5492892	
0.0470	-43.540166	
0.0471	-43.5310382	
0.0472	-43.5219083	
0.0473	-43.5127789	
0.0474	-43.5036524	
0.0475	-43.4945316	
0.0476	-43.4854188	
0.0477	-43.4763164	
0.0478	-43.4672271	
0.0479	-43.4581531	
0.0480	-43.4490969	
0.0481	-43.4400609	
0.0482	-43.4310475	
0.0483	-43.4220589	
0.0484	-43.4130977	
0.0485	-43.404166	
0.0486	-43.3952661	
0.0487	-43.3864005	
0.0488	-43.3775713	
0.0489	-43.3687809	
0.0490	-43.3600314	
0.0491	-43.3513252	
0.0492	-43.3426644	
0.0493	-43.3340513	
0.0494	-43.3254881	
0.0495	-43.316977	
0.0496	-43.3085201	
0.0497	-43.3001198	
0.0498	-43.291778	
0.0499	-43.2834971	
0.0500	-43.2752791	
0.0501	-43.2671263	
0.0502	-43.2590407	
0.0503	-43.2510244	
0.0504	-43.2430797	
0.0505	-43.2352086	
0.0506	-43.2274132	
0.0507	-43.2196957	
0.0508	-43.2120581	
0.0509	-43.2045025	
0.0510	-43.197031	
0.0511	-43.1896456	
0.0512	-43.1823485	
0.0513	-43.1751417	
0.0514	-43.1680272	
0.0515	-43.1610071	
0.0516	-43.1540834	
0.0517	-43.1472581	
0.0518	-43.1405332	
0.0519	-43.1339108	
0.0520	-43.1273928	
0.0521	-43.1209811	
0.0522	-43.1146779	
0.0523	-43.1084849	
0.0524	-43.1024042	
0.0525	-43.0964377	
0.0526	-43.0905872	
0.0527	-43.0848547	
0.0528	-43.0792421	
0.0529	-43.0737512	
0.0530	-43.0683839	
0.0531	-43.0631419	
0.0532	-43.0580271	
0.0533	-43.0530413	
0.0534	-43.0481861	
0.0535	-43.0434635	
0.0536	-43.0388749	
0.0537	-43.0344223	
0.0538	-43.0301071	
0.0539	-43.025931	
0.0540	-43.0218956	
0.0541	-43.0180025	
0.0542	-43.0142532	
0.0543	-43.0106491	
0.0544	-43.0071918	
0.0545	-43.0038827	
0.0546	-43.000723	
0.0547	-42.9977143	
0.0548	-42.9948577	
0.0549	-42.9921544	
0.0550	-42.9896058	
0.0551	-42.987213	
0.0552	-42.9849769	
0.0553	-42.9828988	
0.0554	-42.9809795	
0.0555	-42.97922	
0.0556	-42.9776212	
0.0557	-42.9761839	
0.0558	-42.9749089	
0.0559	-42.9737968	
0.0560	-42.9728482	
0.0561	-42.9720638	
0.0562	-42.971444	
0.0563	-42.9709891	
0.0564	-42.9706996	
0.0565	-42.9705757	
0.0566	-42.9706176	
0.0567	-42.9708254	
0.0568	-42.971199	
0.0569	-42.9717386	
0.0570	-42.9724438	
0.0571	-42.9733145	
0.0572	-42.9743503	
0.0573	-42.9755509	
0.0574	-42.9769157	
0.0575	-42.9784441	
0.0576	-42.9801355	
0.0577	-42.9819891	
0.0578	-42.984004	
0.0579	-42.9861792	
0.0580	-42.9885136	
0.0581	-42.9910061	
0.0582	-42.9936554	
0.0583	-42.9964601	
0.0584	-42.9994188	
0.0585	-43.0025298	
0.0586	-43.0057916	
0.0587	-43.0092023	
0.0588	-43.01276	
0.0589	-43.0164628	
0.0590	-43.0203085	
0.0591	-43.0242951	
0.0592	-43.0284202	
0.0593	-43.0326815	
0.0594	-43.0370764	
0.0595	-43.0416025	
0.0596	-43.0462569	
0.0597	-43.0510371	
0.0598	-43.05594	
0.0599	-43.0609628	
0.0600	-43.0661025	
0.0601	-43.0713559	
0.0602	-43.0767197	
0.0603	-43.0821908	
0.0604	-43.0877658	
0.0605	-43.0934411	
0.0606	-43.0992134	
0.0607	-43.105079	
0.0608	-43.1110342	
0.0609	-43.1170753	
0.0610	-43.1231986	
0.0611	-43.1294002	
0.0612	-43.1356763	
0.0613	-43.1420228	
0.0614	-43.1484357	
0.0615	-43.1549112	
0.0616	-43.161445	
0.0617	-43.1680331	
0.0618	-43.1746713	
0.0619	-43.1813555	
0.0620	-43.1880815	
0.0621	-43.1948451	
0.0622	-43.201642	
0.0623	-43.2084682	
0.0624	-43.2153192	
0.0625	-43.222191	
0.0626	-43.2290792	
0.0627	-43.2359797	
0.0628	-43.2428882	
0.0629	-43.2498006	
0.0630	-43.2567127	
0.0631	-43.2636204	
0.0632	-43.2705196	
0.0633	-43.2774061	
0.0634	-43.284276	
0.0635	-43.2911253	
0.0636	-43.29795	
0.0637	-43.3047462	
0.0638	-43.31151	
0.0639	-43.3182378	
0.0640	-43.3249256	
0.0641	-43.33157	
0.0642	-43.3381672	
0.0643	-43.3447138	
0.0644	-43.3512063	
0.0645	-43.3576413	
0.0646	-43.3640154	
0.0647	-43.3703256	
0.0648	-43.3765685	
0.0649	-43.3827412	
0.0650	-43.3888407	
0.0651	-43.394864	
0.0652	-43.4008084	
0.0653	-43.4066712	
0.0654	-43.4124498	
0.0655	-43.4181416	
0.0656	-43.4237442	
0.0657	-43.4292552	
0.0658	-43.4346724	
0.0659	-43.4399938	
0.0660	-43.4452171	
0.0661	-43.4503405	
0.0662	-43.4553621	
0.0663	-43.4602801	
0.0664	-43.465093	
0.0665	-43.469799	
0.0666	-43.4743968	
0.0667	-43.478885	
0.0668	-43.4832623	
0.0669	-43.4875274	
0.0670	-43.4916794	
0.0671	-43.4957172	
0.0672	-43.4996398	
0.0673	-43.5034465	
0.0674	-43.5071366	
0.0675	-43.5107093	
0.0676	-43.5141641	
0.0677	-43.5175007	
0.0678	-43.5207184	
0.0679	-43.5238171	
0.0680	-43.5267965	
0.0681	-43.5296565	
0.0682	-43.5323969	
0.0683	-43.5350178	
0.0684	-43.5375193	
0.0685	-43.5399014	
0.0686	-43.5421644	
0.0687	-43.5443087	
0.0688	-43.5463344	
0.0689	-43.548242	
0.0690	-43.5500321	
0.0691	-43.551705	
0.0692	-43.5532615	
0.0693	-43.5547021	
0.0694	-43.5560276	
0.0695	-43.5572386	
0.0696	-43.5583361	
0.0697	-43.5593208	
0.0698	-43.5601937	
0.0699	-43.5609556	
0.0700	-43.5616076	
0.0701	-43.5621507	
0.0702	-43.562586	
0.0703	-43.5629146	
0.0704	-43.5631375	
0.0705	-43.5632561	
0.0706	-43.5632715	
0.0707	-43.5631849	
0.0708	-43.5629976	
0.0709	-43.5627109	
0.0710	-43.5623262	
0.0711	-43.5618448	
0.0712	-43.561268	
0.0713	-43.5605973	
0.0714	-43.5598341	
0.0715	-43.5589799	
0.0716	-43.558036	
0.0717	-43.5570041	
0.0718	-43.5558855	
0.0719	-43.5546818	
0.0720	-43.5533945	
0.0721	-43.5520251	
0.0722	-43.5505752	
0.0723	-43.5490464	
0.0724	-43.5474403	
0.0725	-43.5457583	
0.0726	-43.5440021	
0.0727	-43.5421734	
0.0728	-43.5402736	
0.0729	-43.5383045	
0.0730	-43.5362675	
0.0731	-43.5341644	
0.0732	-43.5319968	
0.0733	-43.5297662	
0.0734	-43.5274743	
0.0735	-43.5251228	
0.0736	-43.5227132	
0.0737	-43.5202472	
0.0738	-43.5177264	
0.0739	-43.5151525	
0.0740	-43.512527	
0.0741	-43.5098516	
0.0742	-43.5071279	
0.0743	-43.5043574	
0.0744	-43.501542	
0.0745	-43.498683	
0.0746	-43.4957822	
0.0747	-43.4928411	
0.0748	-43.4898613	
0.0749	-43.4868445	
0.0750	-43.4837921	
0.0751	-43.4807059	
0.0752	-43.4775873	
0.0753	-43.4744378	
0.0754	-43.4712592	
0.0755	-43.4680529	
0.0756	-43.4648204	
0.0757	-43.4615633	
0.0758	-43.4582831	
0.0759	-43.4549814	
0.0760	-43.4516596	
0.0761	-43.4483192	
0.0762	-43.4449618	
0.0763	-43.4415888	
0.0764	-43.4382017	
0.0765	-43.4348019	
0.0766	-43.4313909	
0.0767	-43.4279702	
0.0768	-43.4245412	
0.0769	-43.4211052	
0.0770	-43.4176638	
0.0771	-43.4142184	
0.0772	-43.4107702	
0.0773	-43.4073208	
0.0774	-43.4038714	
0.0775	-43.4004234	
0.0776	-43.3969783	
0.0777	-43.3935372	
0.0778	-43.3901016	
0.0779	-43.3866728	
0.0780	-43.383252	
0.0781	-43.3798406	
0.0782	-43.3764398	
0.0783	-43.3730509	
0.0784	-43.3696752	
0.0785	-43.3663138	
0.0786	-43.3629681	
0.0787	-43.3596393	
0.0788	-43.3563285	
0.0789	-43.3530369	
0.0790	-43.3497657	
0.0791	-43.3465161	
0.0792	-43.3432892	
0.0793	-43.3400862	
0.0794	-43.3369082	
0.0795	-43.3337563	
0.0796	-43.3306316	
0.0797	-43.3275351	
0.0798	-43.324468	
0.0799	-43.3214312	
0.0800	-43.3184259	
0.0801	-43.315453	
0.0802	-43.3125135	
0.0803	-43.3096085	
0.0804	-43.3067389	
0.0805	-43.3039056	
0.0806	-43.3011097	
0.0807	-43.298352	
0.0808	-43.2956334	
0.0809	-43.2929548	
0.0810	-43.2903171	
0.0811	-43.2877212	
0.0812	-43.2851678	
0.0813	-43.2826579	
0.0814	-43.2801922	
0.0815	-43.2777714	
0.0816	-43.2753965	
0.0817	-43.273068	
0.0818	-43.2707868	
0.0819	-43.2685535	
0.0820	-43.2663688	
0.0821	-43.2642335	
0.0822	-43.2621481	
0.0823	-43.2601133	
0.0824	-43.2581296	
0.0825	-43.2561978	
0.0826	-43.2543183	
0.0827	-43.2524916	
0.0828	-43.2507184	
0.0829	-43.2489991	
0.0830	-43.2473342	
0.0831	-43.2457241	
0.0832	-43.2441693	
0.0833	-43.2426702	
0.0834	-43.2412272	
0.0835	-43.2398406	
0.0836	-43.2385108	
0.0837	-43.2372382	
0.0838	-43.2360229	
0.0839	-43.2348654	
0.0840	-43.2337657	
0.0841	-43.2327242	
0.0842	-43.2317411	
0.0843	-43.2308164	
0.0844	-43.2299505	
0.0845	-43.2291433	
0.0846	-43.228395	
0.0847	-43.2277057	
0.0848	-43.2270754	
0.0849	-43.2265041	
0.0850	-43.2259919	
0.0851	-43.2255387	
0.0852	-43.2251443	
0.0853	-43.2248089	
0.0854	-43.2245322	
0.0855	-43.2243142	
0.0856	-43.2241545	
0.0857	-43.2240532	
0.0858	-43.2240099	
0.0859	-43.2240245	
0.0860	-43.2240966	
0.0861	-43.224226	
0.0862	-43.2244123	
0.0863	-43.2246552	
0.0864	-43.2249544	
0.0865	-43.2253094	
0.0866	-43.2257198	
0.0867	-43.2261852	
0.0868	-43.2267052	
0.0869	-43.2272791	
0.0870	-43.2279065	
0.0871	-43.2285869	
0.0872	-43.2293197	
0.0873	-43.2301042	
0.0874	-43.2309399	
0.0875	-43.2318261	
0.0876	-43.2327622	
0.0877	-43.2337475	
0.0878	-43.2347812	
0.0879	-43.2358626	
0.0880	-43.236991	
0.0881	-43.2381656	
0.0882	-43.2393856	
0.0883	-43.2406502	
0.0884	-43.2419585	
0.0885	-43.2433097	
0.0886	-43.2447029	
0.0887	-43.2461373	
0.0888	-43.2476118	
0.0889	-43.2491255	
0.0890	-43.2506776	
0.0891	-43.252267	
0.0892	-43.2538928	
0.0893	-43.2555539	
0.0894	-43.2572494	
0.0895	-43.2589783	
0.0896	-43.2607394	
0.0897	-43.2625317	
0.0898	-43.2643543	
0.0899	-43.2662059	
0.0900	-43.2680855	
0.0901	-43.269992	
0.0902	-43.2719244	
0.0903	-43.2738814	
0.0904	-43.275862	
0.0905	-43.277865	
0.0906	-43.2798893	
0.0907	-43.2819338	
0.0908	-43.2839973	
0.0909	-43.2860786	
0.0910	-43.2881766	
0.0911	-43.2902902	
0.0912	-43.2924181	
0.0913	-43.2945593	
0.0914	-43.2967125	
0.0915	-43.2988766	
0.0916	-43.3010504	
0.0917	-43.3032329	
0.0918	-43.3054227	
0.0919	-43.3076188	
0.0920	-43.3098199	
0.0921	-43.3120251	
0.0922	-43.3142331	
0.0923	-43.3164427	
0.0924	-43.3186529	
0.0925	-43.3208626	
0.0926	-43.3230706	
0.0927	-43.3252758	
0.0928	-43.3274771	
0.0929	-43.3296735	
0.0930	-43.3318638	
0.0931	-43.3340471	
0.0932	-43.3362222	
0.0933	-43.3383881	
0.0934	-43.3405438	
0.0935	-43.3426883	
0.0936	-43.3448206	
0.0937	-43.3469397	
0.0938	-43.3490446	
0.0939	-43.3511344	
0.0940	-43.3532081	
0.0941	-43.3552649	
0.0942	-43.3573038	
0.0943	-43.3593239	
0.0944	-43.3613244	
0.0945	-43.3633044	
0.0946	-43.3652631	
0.0947	-43.3671997	
0.0948	-43.3691133	
0.0949	-43.3710033	
0.0950	-43.3728688	
0.0951	-43.3747092	
0.0952	-43.3765236	
0.0953	-43.3783115	
0.0954	-43.3800721	
0.0955	-43.3818048	
0.0956	-43.383509	
0.0957	-43.3851841	
0.0958	-43.3868294	
0.0959	-43.3884444	
0.0960	-43.3900286	
0.0961	-43.3915815	
0.0962	-43.3931024	
0.0963	-43.3945911	
0.0964	-43.3960469	
0.0965	-43.3974695	
0.0966	-43.3988585	
0.0967	-43.4002134	
0.0968	-43.401534	
0.0969	-43.4028198	
0.0970	-43.4040705	
0.0971	-43.4052858	
0.0972	-43.4064655	
0.0973	-43.4076092	
0.0974	-43.4087168	
0.0975	-43.409788	
0.0976	-43.4108226	
0.0977	-43.4118205	
0.0978	-43.4127814	
0.0979	-43.4137053	
0.0980	-43.4145921	
0.0981	-43.4154415	
0.0982	-43.4162537	
0.0983	-43.4170284	
0.0984	-43.4177657	
0.0985	-43.4184656	
0.0986	-43.419128	
0.0987	-43.419753	
0.0988	-43.4203405	
0.0989	-43.4208908	
0.0990	-43.4214038	
0.0991	-43.4218797	
0.0992	-43.4223184	
0.0993	-43.4227203	
0.0994	-43.4230854	
0.0995	-43.4234138	
0.0996	-43.4237058	
0.0997	-43.4239615	
0.0998	-43.4241812	
0.0999	-43.4243651	
0.1000	-43.4245133	
0.1001	-43.4246262	
0.1002	-43.4247041	
0.1003	-43.4247471	
0.1004	-43.4247556	
0.1005	-43.42473	
0.1006	-43.4246704	
0.1007	-43.4245773	
0.1008	-43.424451	
0.1009	-43.4242919	
0.1010	-43.4241002	
0.1011	-43.4238765	
0.1012	-43.4236211	
0.1013	-43.4233343	
0.1014	-43.4230166	
0.1015	-43.4226685	
0.1016	-43.4222903	
0.1017	-43.4218825	
0.1018	-43.4214455	
0.1019	-43.4209798	
0.1020	-43.4204859	
0.1021	-43.4199642	
0.1022	-43.4194152	
0.1023	-43.4188395	
0.1024	-43.4182374	
0.1025	-43.4176095	
0.1026	-43.4169563	
0.1027	-43.4162784	
0.1028	-43.4155761	
0.1029	-43.4148502	
0.1030	-43.4141011	
0.1031	-43.4133292	
0.1032	-43.4125353	
0.1033	-43.4117198	
0.1034	-43.4108833	
0.1035	-43.4100263	
0.1036	-43.4091494	
0.1037	-43.4082531	
0.1038	-43.4073381	
0.1039	-43.4064048	
0.1040	-43.4054539	
0.1041	-43.4044859	
0.1042	-43.4035015	
0.1043	-43.402501	
0.1044	-43.4014853	
0.1045	-43.4004547	
0.1046	-43.39941	
0.1047	-43.3983516	
0.1048	-43.3972803	
0.1049	-43.3961965	
0.1050	-43.3951008	
0.1051	-43.3939938	
0.1052	-43.3928761	
0.1053	-43.3917484	
0.1054	-43.390611	
0.1055	-43.3894647	
0.1056	-43.3883101	
0.1057	-43.3871476	
0.1058	-43.3859779	
0.1059	-43.3848016	
0.1060	-43.3836191	
0.1061	-43.3824312	
0.1062	-43.3812383	
0.1063	-43.380041	
0.1064	-43.3788399	
0.1065	-43.3776356	
0.1066	-43.3764285	
0.1067	-43.3752193	
0.1068	-43.3740085	
0.1069	-43.3727967	
0.1070	-43.3715843	
0.1071	-43.370372	
0.1072	-43.3691602	
0.1073	-43.3679496	
0.1074	-43.3667405	
0.1075	-43.3655336	
0.1076	-43.3643294	
0.1077	-43.3631283	
0.1078	-43.3619309	
0.1079	-43.3607377	
0.1080	-43.3595491	
0.1081	-43.3583658	
0.1082	-43.357188	
0.1083	-43.3560164	
0.1084	-43.3548515	
0.1085	-43.3536935	
0.1086	-43.3525432	
0.1087	-43.3514008	
0.1088	-43.3502668	
0.1089	-43.3491417	
0.1090	-43.348026	
0.1091	-43.34692	
0.1092	-43.3458241	
0.1093	-43.3447389	
0.1094	-43.3436646	
0.1095	-43.3426018	
0.1096	-43.3415507	
0.1097	-43.3405118	
0.1098	-43.3394854	
0.1099	-43.338472	
0.1100	-43.3374718	
0.1101	-43.3364853	
0.1102	-43.3355128	
0.1103	-43.3345546	
0.1104	-43.3336111	
0.1105	-43.3326825	
0.1106	-43.3317693	
0.1107	-43.3308716	
0.1108	-43.3299899	
0.1109	-43.3291243	
0.1110	-43.3282752	
0.1111	-43.3274429	
0.1112	-43.3266276	
0.1113	-43.3258295	
0.1114	-43.325049	
0.1115	-43.3242861	
0.1116	-43.3235413	
0.1117	-43.3228147	
0.1118	-43.3221064	
0.1119	-43.3214168	
0.1120	-43.320746	
0.1121	-43.3200941	
0.1122	-43.3194614	
0.1123	-43.318848	
0.1124	-43.3182541	
0.1125	-43.3176798	
0.1126	-43.3171253	
0.1127	-43.3165906	
0.1128	-43.3160759	
0.1129	-43.3155813	
0.1130	-43.315107	
0.1131	-43.3146529	
0.1132	-43.3142192	
0.1133	-43.3138059	
0.1134	-43.3134131	
0.1135	-43.3130409	
0.1136	-43.3126892	
0.1137	-43.3123582	
0.1138	-43.3120479	
0.1139	-43.3117582	
0.1140	-43.3114891	
0.1141	-43.3112407	
0.1142	-43.311013	
0.1143	-43.3108059	
0.1144	-43.3106194	
0.1145	-43.3104534	
0.1146	-43.3103079	
0.1147	-43.3101829	
0.1148	-43.3100782	
0.1149	-43.3099938	
0.1150	-43.3099296	
0.1151	-43.3098855	
0.1152	-43.3098615	
0.1153	-43.3098573	
0.1154	-43.3098728	
0.1155	-43.3099081	
0.1156	-43.3099628	
0.1157	-43.3100368	
0.1158	-43.3101301	
0.1159	-43.3102424	
0.1160	-43.3103736	
0.1161	-43.3105234	
0.1162	-43.3106918	
0.1163	-43.3108784	
0.1164	-43.3110832	
0.1165	-43.3113058	
0.1166	-43.3115462	
0.1167	-43.311804	
0.1168	-43.312079	
0.1169	-43.312371	
0.1170	-43.3126798	
0.1171	-43.313005	
0.1172	-43.3133465	
0.1173	-43.313704	
0.1174	-43.3140772	
0.1175	-43.3144658	
0.1176	-43.3148696	
0.1177	-43.3152882	
0.1178	-43.3157215	
0.1179	-43.316169	
0.1180	-43.3166304	
0.1181	-43.3171056	
0.1182	-43.3175941	
0.1183	-43.3180956	
0.1184	-43.3186099	
0.1185	-43.3191366	
0.1186	-43.3196753	
0.1187	-43.3202258	
0.1188	-43.3207877	
0.1189	-43.3213606	
0.1190	-43.3219443	
0.1191	-43.3225383	
0.1192	-43.3231424	
0.1193	-43.3237561	
0.1194	-43.3243791	
0.1195	-43.3250111	
0.1196	-43.3256518	
0.1197	-43.3263006	
0.1198	-43.3269574	
0.1199	-43.3276216	
0.1200	-43.328293	
0.1201	-43.3289712	
0.1202	-43.3296558	
0.1203	-43.3303465	
0.1204	-43.3310429	
0.1205	-43.3317445	
0.1206	-43.3324512	
0.1207	-43.3331624	
0.1208	-43.3338778	
0.1209	-43.334597	
0.1210	-43.3353197	
0.1211	-43.3360456	
0.1212	-43.3367741	
0.1213	-43.3375051	
0.1214	-43.3382381	
0.1215	-43.3389727	
0.1216	-43.3397086	
0.1217	-43.3404455	
0.1218	-43.3411829	
0.1219	-43.3419206	
0.1220	-43.3426581	
0.1221	-43.3433952	
0.1222	-43.3441314	
0.1223	-43.3448665	
0.1224	-43.3456001	
0.1225	-43.3463319	
0.1226	-43.3470614	
0.1227	-43.3477885	
0.1228	-43.3485127	
0.1229	-43.3492338	
0.1230	-43.3499515	
0.1231	-43.3506653	
0.1232	-43.3513751	
0.1233	-43.3520804	
0.1234	-43.3527811	
0.1235	-43.3534767	
0.1236	-43.3541671	
0.1237	-43.3548519	
0.1238	-43.3555308	
0.1239	-43.3562036	
0.1240	-43.35687	
0.1241	-43.3575298	
0.1242	-43.3581826	
0.1243	-43.3588282	
0.1244	-43.3594663	
0.1245	-43.3600968	
0.1246	-43.3607193	
0.1247	-43.3613337	
0.1248	-43.3619397	
0.1249	-43.3625371	
0.1250	-43.3631257	
0.1251	-43.3637052	
0.1252	-43.3642755	
0.1253	-43.3648364	
0.1254	-43.3653876	
0.1255	-43.3659291	
0.1256	-43.3664605	
0.1257	-43.3669818	
0.1258	-43.3674927	
0.1259	-43.3679932	
0.1260	-43.368483	
0.1261	-43.3689621	
0.1262	-43.3694302	
0.1263	-43.3698873	
0.1264	-43.3703331	
0.1265	-43.3707677	
0.1266	-43.3711908	
0.1267	-43.3716024	
0.1268	-43.3720024	
0.1269	-43.3723906	
0.1270	-43.3727671	
0.1271	-43.3731316	
0.1272	-43.3734841	
0.1273	-43.3738246	
0.1274	-43.374153	
0.1275	-43.3744692	
0.1276	-43.3747732	
0.1277	-43.375065	
0.1278	-43.3753444	
0.1279	-43.3756115	
0.1280	-43.3758663	
0.1281	-43.3761086	
0.1282	-43.3763386	
0.1283	-43.3765562	
0.1284	-43.3767614	
0.1285	-43.3769542	
0.1286	-43.3771346	
0.1287	-43.3773026	
0.1288	-43.3774583	
0.1289	-43.3776016	
0.1290	-43.3777327	
0.1291	-43.3778515	
0.1292	-43.3779581	
0.1293	-43.3780526	
0.1294	-43.3781349	
0.1295	-43.3782052	
0.1296	-43.3782635	
0.1297	-43.37831	
0.1298	-43.3783445	
0.1299	-43.3783674	
0.1300	-43.3783785	
0.1301	-43.3783781	
0.1302	-43.3783661	
0.1303	-43.3783428	
0.1304	-43.3783082	
0.1305	-43.3782624	
0.1306	-43.3782056	
0.1307	-43.3781378	
0.1308	-43.3780592	
0.1309	-43.3779698	
0.1310	-43.3778699	
0.1311	-43.3777595	
0.1312	-43.3776388	
0.1313	-43.3775079	
0.1314	-43.377367	
0.1315	-43.3772163	
0.1316	-43.3770557	
0.1317	-43.3768856	
0.1318	-43.3767061	
0.1319	-43.3765172	
0.1320	-43.3763193	
0.1321	-43.3761124	
0.1322	-43.3758968	
0.1323	-43.3756725	
0.1324	-43.3754398	
0.1325	-43.3751989	
0.1326	-43.3749498	
0.1327	-43.3746929	
0.1328	-43.3744282	
0.1329	-43.374156	
0.1330	-43.3738764	
0.1331	-43.3735897	
0.1332	-43.3732959	
0.1333	-43.3729954	
0.1334	-43.3726883	
0.1335	-43.3723748	
0.1336	-43.3720551	
0.1337	-43.3717294	
0.1338	-43.3713978	
0.1339	-43.3710607	
0.1340	-43.3707181	
0.1341	-43.3703703	
0.1342	-43.3700175	
0.1343	-43.3696599	
0.1344	-43.3692976	
0.1345	-43.368931	
0.1346	-43.3685601	
0.1347	-43.3681853	
0.1348	-43.3678066	
0.1349	-43.3674244	
0.1350	-43.3670388	
0.1351	-43.36665	
0.1352	-43.3662582	
0.1353	-43.3658636	
0.1354	-43.3654664	
0.1355	-43.3650669	
0.1356	-43.3646652	
0.1357	-43.3642615	
0.1358	-43.3638561	
0.1359	-43.3634491	
0.1360	-43.3630407	
0.1361	-43.3626312	
0.1362	-43.3622207	
0.1363	-43.3618094	
0.1364	-43.3613975	
0.1365	-43.3609852	
0.1366	-43.3605728	
0.1367	-43.3601603	
0.1368	-43.3597481	
0.1369	-43.3593362	
0.1370	-43.3589249	
0.1371	-43.3585143	
0.1372	-43.3581046	
0.1373	-43.3576961	
0.1374	-43.3572889	
0.1375	-43.3568832	
0.1376	-43.3564791	
0.1377	-43.3560768	
0.1378	-43.3556765	
0.1379	-43.3552784	
0.1380	-43.3548826	
0.1381	-43.3544894	
0.1382	-43.3540988	
0.1383	-43.353711	
0.1384	-43.3533262	
0.1385	-43.3529446	
0.1386	-43.3525662	
0.1387	-43.3521913	
0.1388	-43.35182	
0.1389	-43.3514525	
0.1390	-43.3510888	
0.1391	-43.3507291	
0.1392	-43.3503736	
0.1393	-43.3500224	
0.1394	-43.3496757	
0.1395	-43.3493335	
0.1396	-43.348996	
0.1397	-43.3486632	
0.1398	-43.3483355	
0.1399	-43.3480127	
0.1400	-43.3476951	
0.1401	-43.3473828	
0.1402	-43.3470759	
0.1403	-43.3467744	
0.1404	-43.3464786	
0.1405	-43.3461884	
0.1406	-43.345904	
0.1407	-43.3456254	
0.1408	-43.3453529	
0.1409	-43.3450863	
0.1410	-43.3448259	
0.1411	-43.3445717	
0.1412	-43.3443238	
0.1413	-43.3440822	
0.1414	-43.343847	
0.1415	-43.3436183	
0.1416	-43.3433962	
0.1417	-43.3431807	
0.1418	-43.3429718	
0.1419	-43.3427696	
0.1420	-43.3425742	
0.1421	-43.3423856	
0.1422	-43.3422039	
0.1423	-43.342029	
0.1424	-43.341861	
0.1425	-43.3417	
0.1426	-43.341546	
0.1427	-43.341399	
0.1428	-43.341259	
0.1429	-43.341126	
0.1430	-43.3410001	
0.1431	-43.3408813	
0.1432	-43.3407695	
0.1433	-43.3406648	
0.1434	-43.3405672	
0.1435	-43.3404766	
0.1436	-43.3403932	
0.1437	-43.3403168	
0.1438	-43.3402474	
0.1439	-43.3401851	
0.1440	-43.3401298	
0.1441	-43.3400815	
0.1442	-43.3400402	
0.1443	-43.3400059	
0.1444	-43.3399784	
0.1445	-43.3399579	
0.1446	-43.3399441	
0.1447	-43.3399372	
0.1448	-43.3399371	
0.1449	-43.3399437	
0.1450	-43.3399569	
0.1451	-43.3399768	
0.1452	-43.3400033	
0.1453	-43.3400362	
0.1454	-43.3400757	
0.1455	-43.3401215	
0.1456	-43.3401736	
0.1457	-43.3402321	
0.1458	-43.3402967	
0.1459	-43.3403674	
0.1460	-43.3404442	
0.1461	-43.340527	
0.1462	-43.3406157	
0.1463	-43.3407102	
0.1464	-43.3408104	
0.1465	-43.3409163	
0.1466	-43.3410278	
0.1467	-43.3411447	
0.1468	-43.3412671	
0.1469	-43.3413947	
0.1470	-43.3415275	
0.1471	-43.3416655	
0.1472	-43.3418084	
0.1473	-43.3419562	
0.1474	-43.3421089	
0.1475	-43.3422662	
0.1476	-43.3424282	
0.1477	-43.3425947	
0.1478	-43.3427655	
0.1479	-43.3429406	
0.1480	-43.3431199	
0.1481	-43.3433033	
0.1482	-43.3434906	
0.1483	-43.3436817	
0.1484	-43.3438765	
0.1485	-43.344075	
0.1486	-43.3442769	
0.1487	-43.3444823	
0.1488	-43.3446908	
0.1489	-43.3449025	
0.1490	-43.3451173	
0.1491	-43.3453349	
0.1492	-43.3455553	
0.1493	-43.3457784	
0.1494	-43.346004	
0.1495	-43.346232	
0.1496	-43.3464623	
0.1497	-43.3466948	
0.1498	-43.3469293	
0.1499	-43.3471658	
0.1500	-43.3474041	
0.1501	-43.347644	
0.1502	-43.3478855	
0.1503	-43.3481285	
0.1504	-43.3483728	
0.1505	-43.3486183	
0.1506	-43.3488648	
0.1507	-43.3491123	
0.1508	-43.3493607	
0.1509	-43.3496097	
0.1510	-43.3498594	
0.1511	-43.3501095	
0.1512	-43.35036	
0.1513	-43.3506108	
0.1514	-43.3508616	
0.1515	-43.3511125	
0.1516	-43.3513633	
0.1517	-43.3516138	
0.1518	-43.351864	
0.1519	-43.3521138	
0.1520	-43.352363	
0.1521	-43.3526116	
0.1522	-43.3528594	
0.1523	-43.3531062	
0.1524	-43.3533521	
0.1525	-43.3535969	
0.1526	-43.3538405	
0.1527	-43.3540828	
0.1528	-43.3543237	
0.1529	-43.3545631	
0.1530	-43.3548009	
0.1531	-43.355037	
0.1532	-43.3552713	
0.1533	-43.3555037	
0.1534	-43.3557341	
0.1535	-43.3559625	
0.1536	-43.3561886	
0.1537	-43.3564126	
0.1538	-43.3566342	
0.1539	-43.3568534	
0.1540	-43.3570701	
0.1541	-43.3572842	
0.1542	-43.3574956	
0.1543	-43.3577043	
0.1544	-43.3579102	
0.1545	-43.3581132	
0.1546	-43.3583132	
0.1547	-43.3585103	
0.1548	-43.3587042	
0.1549	-43.358895	
0.1550	-43.3590825	
0.1551	-43.3592668	
0.1552	-43.3594478	
0.1553	-43.3596253	
0.1554	-43.3597994	
0.1555	-43.3599699	
0.1556	-43.360137	
0.1557	-43.3603004	
0.1558	-43.3604601	
0.1559	-43.3606162	
0.1560	-43.3607685	
0.1561	-43.360917	
0.1562	-43.3610618	
0.1563	-43.3612026	
0.1564	-43.3613396	
0.1565	-43.3614726	
0.1566	-43.3616017	
0.1567	-43.3617268	
0.1568	-43.3618479	
0.1569	-43.361965	
0.1570	-43.362078	
0.1571	-43.3621869	
0.1572	-43.3622918	
0.1573	-43.3623925	
0.1574	-43.3624891	
0.1575	-43.3625816	
0.1576	-43.36267	
0.1577	-43.3627542	
0.1578	-43.3628342	
0.1579	-43.3629101	
0.1580	-43.3629818	
0.1581	-43.3630493	
0.1582	-43.3631127	
0.1583	-43.363172	
0.1584	-43.363227	
0.1585	-43.363278	
0.1586	-43.3633248	
0.1587	-43.3633675	
0.1588	-43.3634061	
0.1589	-43.3634406	
0.1590	-43.363471	
0.1591	-43.3634974	
0.1592	-43.3635197	
0.1593	-43.3635381	
0.1594	-43.3635524	
0.1595	-43.3635628	
0.1596	-43.3635692	
0.1597	-43.3635717	
0.1598	-43.3635704	
0.1599	-43.3635652	
0.1600	-43.3635562	
0.1601	-43.3635435	
0.1602	-43.3635269	
0.1603	-43.3635067	
0.1604	-43.3634829	
0.1605	-43.3634554	
0.1606	-43.3634243	
0.1607	-43.3633897	
0.1608	-43.3633516	
0.1609	-43.3633101	
0.1610	-43.3632651	
0.1611	-43.3632169	
0.1612	-43.3631653	
0.1613	-43.3631105	
0.1614	-43.3630524	
0.1615	-43.3629913	
0.1616	-43.362927	
0.1617	-43.3628597	
0.1618	-43.3627895	
0.1619	-43.3627163	
0.1620	-43.3626403	
0.1621	-43.3625614	
0.1622	-43.3624798	
0.1623	-43.3623955	
0.1624	-43.3623087	
0.1625	-43.3622192	
0.1626	-43.3621273	
0.1627	-43.3620329	
0.1628	-43.3619361	
0.1629	-43.3618371	
0.1630	-43.3617358	
0.1631	-43.3616323	
0.1632	-43.3615267	
0.1633	-43.3614191	
0.1634	-43.3613095	
0.1635	-43.361198	
0.1636	-43.3610847	
0.1637	-43.3609695	
0.1638	-43.3608527	
0.1639	-43.3607343	
0.1640	-43.3606143	
0.1641	-43.3604928	
0.1642	-43.3603698	
0.1643	-43.3602455	
0.1644	-43.36012	
0.1645	-43.3599932	
0.1646	-43.3598652	
0.1647	-43.3597362	
0.1648	-43.3596062	
0.1649	-43.3594753	
0.1650	-43.3593434	
0.1651	-43.3592108	
0.1652	-43.3590774	
0.1653	-43.3589434	
0.1654	-43.3588088	
0.1655	-43.3586737	
0.1656	-43.3585381	
0.1657	-43.3584021	
0.1658	-43.3582658	
0.1659	-43.3581293	
0.1660	-43.3579925	
0.1661	-43.3578557	
0.1662	-43.3577188	
0.1663	-43.3575819	
0.1664	-43.3574451	
0.1665	-43.3573084	
0.1666	-43.357172	
0.1667	-43.3570358	
0.1668	-43.3568999	
0.1669	-43.3567645	
0.1670	-43.3566295	
0.1671	-43.356495	
0.1672	-43.3563611	
0.1673	-43.3562279	
0.1674	-43.3560953	
0.1675	-43.3559635	
0.1676	-43.3558325	
0.1677	-43.3557024	
0.1678	-43.3555732	
0.1679	-43.355445	
0.1680	-43.3553178	
0.1681	-43.3551918	
0.1682	-43.3550668	
0.1683	-43.3549431	
0.1684	-43.3548206	
0.1685	-43.3546994	
0.1686	-43.3545795	
0.1687	-43.354461	
0.1688	-43.354344	
0.1689	-43.3542284	
0.1690	-43.3541144	
0.1691	-43.3540019	
0.1692	-43.3538911	
0.1693	-43.3537819	
0.1694	-43.3536744	
0.1695	-43.3535686	
0.1696	-43.3534646	
0.1697	-43.3533624	
0.1698	-43.3532621	
0.1699	-43.3531637	
0.1700	-43.3530671	
0.1701	-43.3529725	
0.1702	-43.3528799	
0.1703	-43.3527893	
0.1704	-43.3527008	
0.1705	-43.3526143	
0.1706	-43.3525299	
0.1707	-43.3524476	
0.1708	-43.3523675	
0.1709	-43.3522895	
0.1710	-43.3522138	
0.1711	-43.3521402	
0.1712	-43.3520689	
0.1713	-43.3519999	
0.1714	-43.3519331	
0.1715	-43.3518686	
0.1716	-43.3518064	
0.1717	-43.3517465	
0.1718	-43.351689	
0.1719	-43.3516337	
0.1720	-43.3515809	
0.1721	-43.3515304	
0.1722	-43.3514823	
0.1723	-43.3514365	
0.1724	-43.3513932	
0.1725	-43.3513522	
0.1726	-43.3513136	
0.1727	-43.3512775	
0.1728	-43.3512437	
0.1729	-43.3512123	
0.1730	-43.3511833	
0.1731	-43.3511567	
0.1732	-43.3511325	
0.1733	-43.3511107	
0.1734	-43.3510913	
0.1735	-43.3510743	
0.1736	-43.3510596	
0.1737	-43.3510473	
0.1738	-43.3510374	
0.1739	-43.3510297	
0.1740	-43.3510245	
0.1741	-43.3510215	
0.1742	-43.3510209	
0.1743	-43.3510225	
0.1744	-43.3510264	
0.1745	-43.3510326	
0.1746	-43.351041	
0.1747	-43.3510517	
0.1748	-43.3510646	
0.1749	-43.3510796	
0.1750	-43.3510968	
0.1751	-43.3511162	
0.1752	-43.3511377	
0.1753	-43.3511613	
0.1754	-43.3511869	
0.1755	-43.3512146	
0.1756	-43.3512444	
0.1757	-43.3512761	
0.1758	-43.3513098	
0.1759	-43.3513455	
0.1760	-43.3513831	
0.1761	-43.3514225	
0.1762	-43.3514639	
0.1763	-43.351507	
0.1764	-43.3515519	
0.1765	-43.3515986	
0.1766	-43.3516471	
0.1767	-43.3516972	
0.1768	-43.351749	
0.1769	-43.3518025	
0.1770	-43.3518575	
0.1771	-43.3519141	
0.1772	-43.3519722	
0.1773	-43.3520318	
0.1774	-43.3520929	
0.1775	-43.3521554	
0.1776	-43.3522192	
0.1777	-43.3522844	
0.1778	-43.3523509	
0.1779	-43.3524187	
0.1780	-43.3524877	
0.1781	-43.3525579	
0.1782	-43.3526293	
0.1783	-43.3527017	
0.1784	-43.3527753	
0.1785	-43.3528498	
0.1786	-43.3529254	
0.1787	-43.3530019	
0.1788	-43.3530793	
0.1789	-43.3531575	
0.1790	-43.3532367	
0.1791	-43.3533166	
0.1792	-43.3533972	
0.1793	-43.3534786	
0.1794	-43.3535606	
0.1795	-43.3536432	
0.1796	-43.3537265	
0.1797	-43.3538102	
0.1798	-43.3538945	
0.1799	-43.3539792	
0.1800	-43.3540644	
0.1801	-43.3541499	
0.1802	-43.3542358	
0.1803	-43.354322	
0.1804	-43.3544084	
0.1805	-43.3544951	
0.1806	-43.3545819	
0.1807	-43.3546689	
0.1808	-43.354756	
0.1809	-43.3548432	
0.1810	-43.3549303	
0.1811	-43.3550175	
0.1812	-43.3551046	
0.1813	-43.3551916	
0.1814	-43.3552784	
0.1815	-43.3553652	
0.1816	-43.3554517	
0.1817	-43.3555379	
0.1818	-43.3556239	
0.1819	-43.3557096	
0.1820	-43.3557949	
0.1821	-43.3558799	
0.1822	-43.3559644	
0.1823	-43.3560485	
0.1824	-43.356132	
0.1825	-43.3562151	
0.1826	-43.3562976	
0.1827	-43.3563796	
0.1828	-43.3564609	
0.1829	-43.3565415	
0.1830	-43.3566215	
0.1831	-43.3567008	
0.1832	-43.3567794	
0.1833	-43.3568572	
0.1834	-43.3569341	
0.1835	-43.3570103	
0.1836	-43.3570856	
0.1837	-43.3571601	
0.1838	-43.3572336	
0.1839	-43.3573062	
0.1840	-43.3573778	
0.1841	-43.3574485	
0.1842	-43.3575182	
0.1843	-43.3575868	
0.1844	-43.3576544	
0.1845	-43.357721	
0.1846	-43.3577864	
0.1847	-43.3578508	
0.1848	-43.357914	
0.1849	-43.357976	
0.1850	-43.3580369	
0.1851	-43.3580967	
0.1852	-43.3581552	
0.1853	-43.3582125	
0.1854	-43.3582685	
0.1855	-43.3583233	
0.1856	-43.3583769	
0.1857	-43.3584292	
0.1858	-43.3584802	
0.1859	-43.3585299	
0.1860	-43.3585782	
0.1861	-43.3586253	
0.1862	-43.358671	
0.1863	-43.3587154	
0.1864	-43.3587585	
0.1865	-43.3588001	
0.1866	-43.3588404	
0.1867	-43.3588794	
0.1868	-43.3589169	
0.1869	-43.3589531	
0.1870	-43.3589879	
0.1871	-43.3590213	
0.1872	-43.3590533	
0.1873	-43.3590839	
0.1874	-43.3591131	
0.1875	-43.359141	
0.1876	-43.3591674	
0.1877	-43.3591924	
0.1878	-43.359216	
0.1879	-43.3592382	
0.1880	-43.359259	
0.1881	-43.3592784	
0.1882	-43.3592965	
0.1883	-43.3593131	
0.1884	-43.3593284	
0.1885	-43.3593423	
0.1886	-43.3593548	
0.1887	-43.3593659	
0.1888	-43.3593757	
0.1889	-43.3593842	
0.1890	-43.3593913	
0.1891	-43.3593971	
0.1892	-43.3594015	
0.1893	-43.3594046	
0.1894	-43.3594065	
0.1895	-43.359407	
0.1896	-43.3594063	
0.1897	-43.3594042	
0.1898	-43.359401	
0.1899	-43.3593965	
0.1900	-43.3593907	
0.1901	-43.3593837	
0.1902	-43.3593756	
0.1903	-43.3593662	
0.1904	-43.3593557	
0.1905	-43.359344	
0.1906	-43.3593312	
0.1907	-43.3593172	
0.1908	-43.3593022	
0.1909	-43.359286	
0.1910	-43.3592688	
0.1911	-43.3592505	
0.1912	-43.3592312	
0.1913	-43.3592108	
0.1914	-43.3591895	
0.1915	-43.3591671	
0.1916	-43.3591439	
0.1917	-43.3591196	
0.1918	-43.3590945	
0.1919	-43.3590684	
0.1920	-43.3590415	
0.1921	-43.3590137	
0.1922	-43.3589851	
0.1923	-43.3589556	
0.1924	-43.3589254	
0.1925	-43.3588944	
0.1926	-43.3588626	
0.1927	-43.3588301	
0.1928	-43.358797	
0.1929	-43.3587631	
0.1930	-43.3587285	
0.1931	-43.3586933	
0.1932	-43.3586575	
0.1933	-43.3586212	
0.1934	-43.3585842	
0.1935	-43.3585467	
0.1936	-43.3585087	
0.1937	-43.3584701	
0.1938	-43.3584311	
0.1939	-43.3583917	
0.1940	-43.3583518	
0.1941	-43.3583115	
0.1942	-43.3582709	
0.1943	-43.3582298	
0.1944	-43.3581885	
0.1945	-43.3581468	
0.1946	-43.3581048	
0.1947	-43.3580626	
0.1948	-43.3580202	
0.1949	-43.3579775	
0.1950	-43.3579346	
0.1951	-43.3578916	
0.1952	-43.3578484	
0.1953	-43.3578051	
0.1954	-43.3577617	
0.1955	-43.3577182	
0.1956	-43.3576746	
0.1957	-43.357631	
0.1958	-43.3575874	
0.1959	-43.3575439	
0.1960	-43.3575003	
0.1961	-43.3574568	
0.1962	-43.3574134	
0.1963	-43.3573701	
0.1964	-43.3573269	
0.1965	-43.3572838	
0.1966	-43.3572409	
0.1967	-43.3571982	
0.1968	-43.3571557	
0.1969	-43.3571134	
0.1970	-43.3570714	
0.1971	-43.3570296	
0.1972	-43.3569881	
0.1973	-43.3569469	
0.1974	-43.356906	
0.1975	-43.3568654	
0.1976	-43.3568252	
0.1977	-43.3567854	
0.1978	-43.356746	
0.1979	-43.356707	
0.1980	-43.3566684	
0.1981	-43.3566302	
0.1982	-43.3565926	
0.1983	-43.3565553	
0.1984	-43.3565186	
0.1985	-43.3564824	
0.1986	-43.3564467	
0.1987	-43.3564115	
0.1988	-43.3563769	
0.1989	-43.3563429	
0.1990	-43.3563094	
0.1991	-43.3562765	
0.1992	-43.3562442	
0.1993	-43.3562126	
0.1994	-43.3561815	
0.1995	-43.3561511	
0.1996	-43.3561214	
0.1997	-43.3560923	
0.1998	-43.3560639	
0.1999	-43.3560361	
0.2000	-43.3560091	
0.2001	-42.3514413	
0.2002	-41.4717893	
0.2003	-40.6766049	
0.2004	-39.9344471	
0.2005	-39.2194766	
0.2006	-38.5092931	
0.2007	-37.7833326	
0.2008	-37.0214775	
0.2009	-36.2026706	
0.2010	-35.3033626	
0.2011	-34.2956151	
0.2012	-33.1446302	
0.2013	-31.8053938	
0.2014	-30.2179995	
0.2015	-28.3011049	
0.2016	-25.9429452	
0.2017	-22.9897397	
0.2018	-19.2329609	
0.2019	-14.401736	
0.2020	-8.1787714	
0.2021	-0.285678	
0.2022	9.2743552	
0.2023	19.7696117	
0.2024	29.4516087	
0.2025	36.4214309	
0.2026	40.318828	
0.2027	42.1523477	
0.2028	42.8882966	
0.2029	42.9943271	
0.2030	42.6442043	
0.2031	41.8991577	
0.2032	40.7823168	
0.2033	39.3074989	
0.2034	37.491868	
0.2035	35.3612231	
0.2036	32.9507755	
0.2037	30.3029826	
0.2038	27.463796	
0.2039	24.4785824	
0.2040	21.3887147	
0.2041	18.2294243	
0.2042	15.0290877	
0.2043	11.809789	
0.2044	8.5888137	
0.2045	5.3806747	
0.2046	2.1992818	
0.2047	-0.9401067	
0.2048	-4.0195211	
0.2049	-7.0178934	
0.2050	-9.9119977	
0.2051	-12.6788636	
0.2052	-15.299383	
0.2053	-17.7622796	
0.2054	-20.0672467	
0.2055	-22.2261909	
0.2056	-24.2621905	
0.2057	-26.2066186	
0.2058	-28.0953953	
0.2059	-29.965272	
0.2060	-31.8505651	
0.2061	-33.7801722	
0.2062	-35.7743219	
0.2063	-37.8404722	
0.2064	-39.9682484	
0.2065	-42.124423	
0.2066	-44.2506162	
0.2067	-46.2676435	
0.2068	-48.0891894	
0.2069	-49.642283	
0.2070	-50.8857199	
0.2071	-51.8168805	
0.2072	-52.4648098	
0.2073	-52.8759019	
0.2074	-53.1003617	
0.2075	-53.1836876	
0.2076	-53.1631679	
0.2077	-53.0675797	
0.2078	-52.9183517	
0.2079	-52.7311186	
0.2080	-52.5171682	
0.2081	-52.2846165	
0.2082	-52.0392984	
0.2083	-51.7854202	
0.2084	-51.5260276	
0.2085	-51.2633373	
0.2086	-50.998972	
0.2087	-50.7341257	
0.2088	-50.4696809	
0.2089	-50.2062911	
0.2090	-49.94444	
0.2091	-49.6844836	
0.2092	-49.42668	
0.2093	-49.1712118	
0.2094	-48.9182015	
0.2095	-48.6677233	
0.2096	-48.4198118	
0.2097	-48.1744683	
0.2098	-47.9316655	
0.2099	-47.6913515	
0.2100	-47.4534521	
0.2101	-47.2178735	
0.2102	-46.9845033	
0.2103	-46.7532125	
0.2104	-46.5238555	
0.2105	-46.2962716	
0.2106	-46.0702849	
0.2107	-45.8457046	
0.2108	-45.6223247	
0.2109	-45.399924	
0.2110	-45.1782654	
0.2111	-44.9570952	
0.2112	-44.7361418	
0.2113	-44.5151145	
0.2114	-44.2937016	
0.2115	-44.0715685	
0.2116	-43.8483546	
0.2117	-43.623671	
0.2118	-43.3970957	
0.2119	-43.1681701	
0.2120	-42.9363932	
0.2121	-42.701215	
0.2122	-42.4620296	
0.2123	-42.2181653	
0.2124	-41.9688743	
0.2125	-41.7133192	
0.2126	-41.4505573	
0.2127	-41.1795208	
0.2128	-40.8989938	
0.2129	-40.6075823	
0.2130	-40.3036789	
0.2131	-39.9854176	
0.2132	-39.6506175	
0.2133	-39.2967116	
0.2134	-38.9206564	
0.2135	-38.5188158	
0.2136	-38.0868097	
0.2137	-37.619318	
0.2138	-37.1098204	
0.2139	-36.5502505	
0.2140	-35.9305301	
0.2141	-35.237937	
0.2142	-34.4562378	
0.2143	-33.5644882	
0.2144	-32.5353649	
0.2145	-31.332835	
0.2146	-29.9089134	
0.2147	-28.1992087	
0.2148	-26.1170037	
0.2149	-23.5459389	
0.2150	-20.3324016	
0.2151	-16.2813646	
0.2152	-11.1653541	
0.2153	-4.7682918	
0.2154	2.9948667	
0.2155	11.8416124	
0.2156	20.8492267	
0.2157	28.5357781	
0.2158	33.7208781	
0.2159	36.3876342	
0.2160	37.2792732	
0.2161	37.079219	
0.2162	36.173362	
0.2163	34.7563506	
0.2164	32.9400733	
0.2165	30.8041043	
0.2166	28.4141511	
0.2167	25.8276308	
0.2168	23.0945251	
0.2169	20.2569255	
0.2170	17.3487431	
0.2171	14.3961092	
0.2172	11.4184932	
0.2173	8.4303454	
0.2174	5.443006	
0.2175	2.4666455	
0.2176	-0.4879815	
0.2177	-3.4081832	
0.2178	-6.2786273	
0.2179	-9.0815507	
0.2180	-11.7980831	
0.2181	-14.4106719	
0.2182	-16.906237	
0.2183	-19.2793141	
0.2184	-21.5342885	
0.2185	-23.6860374	
0.2186	-25.7588201	
0.2187	-27.7837894	
0.2188	-29.7957347	
0.2189	-31.8295046	
0.2190	-33.9161224	
0.2191	-36.0781731	
0.2192	-38.3238911	
0.2193	-40.6398978	
0.2194	-42.9840813	
0.2195	-45.282627	
0.2196	-47.4370277	
0.2197	-49.3444083	
0.2198	-50.9256876	
0.2199	-52.1471069	
0.2200	-53.0229055	
0.2201	-53.6006066	
0.2202	-53.9408637	
0.2203	-54.1022026	
0.2204	-54.1335649	
0.2205	-54.0726507	
0.2206	-53.9471472	
0.2207	-53.7768518	
0.2208	-53.5757284	
0.2209	-53.3535744	
0.2210	-53.1172639	
0.2211	-52.8716367	
0.2212	-52.6201206	
0.2213	-52.3651613	
0.2214	-52.1085184	
0.2215	-51.8514696	
0.2216	-51.5949504	
0.2217	-51.3396517	
0.2218	-51.086087	
0.2219	-50.8346394	
0.2220	-50.5855947	
0.2221	-50.339165	
0.2222	-50.095505	
0.2223	-49.8547242	
0.2224	-49.6168957	
0.2225	-49.3820626	
0.2226	-49.1502427	
0.2227	-48.9214322	
0.2228	-48.6956085	
0.2229	-48.4727327	
0.2230	-48.2527507	
0.2231	-48.0355955	
0.2232	-47.8211878	
0.2233	-47.6094372	
0.2234	-47.4002428	
0.2235	-47.1934945	
0.2236	-46.9890729	
0.2237	-46.7868502	
0.2238	-46.5866904	
0.2239	-46.3884496	
0.2240	-46.1919761	
0.2241	-45.9971107	
0.2242	-45.8036864	
0.2243	-45.6115281	
0.2244	-45.4204528	
0.2245	-45.2302688	
0.2246	-45.0407751	
0.2247	-44.8517609	
0.2248	-44.6630046	
0.2249	-44.4742727	
0.2250	-44.2853187	
0.2251	-44.0958811	
0.2252	-43.9056819	
0.2253	-43.7144247	
0.2254	-43.5217915	
0.2255	-43.3274405	
0.2256	-43.1310021	
0.2257	-42.932075	
0.2258	-42.7302217	
0.2259	-42.5249625	
0.2260	-42.3157691	
0.2261	-42.1020566	
0.2262	-41.8831742	
0.2263	-41.6583938	
0.2264	-41.4268967	
0.2265	-41.1877569	
0.2266	-40.9399214	
0.2267	-40.6821862	
0.2268	-40.4131656	
0.2269	-40.1312558	
0.2270	-39.8345884	
0.2271	-39.5209722	
0.2272	-39.1878202	
0.2273	-38.832055	
0.2274	-38.4499888	
0.2275	-38.0371661	
0.2276	-37.5881583	
0.2277	-37.0962917	
0.2278	-36.5532836	
0.2279	-35.948751	
0.2280	-35.2695402	
0.2281	-34.4988026	
0.2282	-33.6147106	
0.2283	-32.5886583	
0.2284	-31.3827343	
0.2285	-29.9461777	
0.2286	-28.2104738	
0.2287	-26.0827891	
0.2288	-23.4378106	
0.2289	-20.1092685	
0.2290	-15.8855819	
0.2291	-10.5212748	
0.2292	-3.7906804	
0.2293	4.3665919	
0.2294	13.5663898	
0.2295	22.6979015	
0.2296	30.1440098	
0.2297	34.8605848	
0.2298	37.0934913	
0.2299	37.6773736	
0.2300	37.2507668	
0.2301	36.1495043	
0.2302	34.5475653	
0.2303	32.5544303	
0.2304	30.2543677	
0.2305	27.7191528	
0.2306	25.0109193	
0.2307	22.1819321	
0.2308	19.2740846	
0.2309	16.3191517	
0.2310	13.3399497	
0.2311	10.3521661	
0.2312	7.3665249	
0.2313	4.3909978	
0.2314	1.4328529	
0.2315	-1.499627	
0.2316	-4.3959247	
0.2317	-7.2427769	
0.2318	-10.0245947	
0.2319	-12.7249695	
0.2320	-15.3291954	
0.2321	-17.8273952	
0.2322	-20.2175084	
0.2323	-22.5073048	
0.2324	-24.714829	
0.2325	-26.8671667	
0.2326	-28.9978555	
0.2327	-31.1433829	
0.2328	-33.3389538	
0.2329	-35.6132389	
0.2330	-37.9814629	
0.2331	-40.4364699	
0.2332	-42.9389648	
0.2333	-45.4113391	
0.2334	-47.742804	
0.2335	-49.8120398	
0.2336	-51.5225838	
0.2337	-52.832131	
0.2338	-53.7574902	
0.2339	-54.3558659	
0.2340	-54.6989669	
0.2341	-54.8541811	
0.2342	-54.876218	
0.2343	-54.8059776	
0.2344	-54.6726462	
0.2345	-54.4965384	
0.2346	-54.2916313	
0.2347	-54.0675096	
0.2348	-53.8307603	
0.2349	-53.585935	
0.2350	-53.3362051	
0.2351	-53.0838021	
0.2352	-52.8303141	
0.2353	-52.5768849	
0.2354	-52.3243492	
0.2355	-52.0733232	
0.2356	-51.8242671	
0.2357	-51.5775279	
0.2358	-51.3333688	
0.2359	-51.0919894	
0.2360	-50.8535407	
0.2361	-50.618135	
0.2362	-50.3858533	
0.2363	-50.1567508	
0.2364	-49.9308608	
0.2365	-49.7081979	
0.2366	-49.4887601	
0.2367	-49.272531	
0.2368	-49.0594811	
0.2369	-48.8495692	
0.2370	-48.6427436	
0.2371	-48.4389427	
0.2372	-48.2380963	
0.2373	-48.0401261	
0.2374	-47.8449464	
0.2375	-47.6524648	
0.2376	-47.4625827	
0.2377	-47.2751956	
0.2378	-47.0901938	
0.2379	-46.9074627	
0.2380	-46.726883	
0.2381	-46.5483309	
0.2382	-46.3716783	
0.2383	-46.1967931	
0.2384	-46.0235391	
0.2385	-45.8517756	
0.2386	-45.6813581	
0.2387	-45.5121373	
0.2388	-45.3439593	
0.2389	-45.1766652	
0.2390	-45.0100906	
0.2391	-44.8440648	
0.2392	-44.6784108	
0.2393	-44.5129439	
0.2394	-44.347471	
0.2395	-44.1817897	
0.2396	-44.0156869	
0.2397	-43.8489376	
0.2398	-43.6813029	
0.2399	-43.5125286	
0.2400	-43.3423426	
0.2401	-43.1704528	
0.2402	-42.9965439	
0.2403	-42.8202739	
0.2404	-42.6412707	
0.2405	-42.459127	
0.2406	-42.2733948	
0.2407	-42.0835796	
0.2408	-41.8891323	
0.2409	-41.6894403	
0.2410	-41.483817	
0.2411	-41.2714887	
0.2412	-41.051579	
0.2413	-40.8230899	
0.2414	-40.5848789	
0.2415	-40.3356304	
0.2416	-40.0738208	
0.2417	-39.7976744	
0.2418	-39.5051092	
0.2419	-39.1936669	
0.2420	-38.8604251	
0.2421	-38.5018834	
0.2422	-38.1138167	
0.2423	-37.6910817	
0.2424	-37.227363	
0.2425	-36.7148324	
0.2426	-36.1436902	
0.2427	-35.5015396	
0.2428	-34.7725247	
0.2429	-33.9361316	
0.2430	-32.9655077	
0.2431	-31.8250924	
0.2432	-30.4672755	
0.2433	-28.8277269	
0.2434	-26.8190276	
0.2435	-24.322476	
0.2436	-21.1788698	
0.2437	-17.181677	
0.2438	-12.0822288	
0.2439	-5.6299973	
0.2440	2.3051164	
0.2441	11.4710148	
0.2442	20.9011118	
0.2443	28.9639593	
0.2444	34.3459653	
0.2445	37.055621	
0.2446	37.9197779	
0.2447	37.6528375	
0.2448	36.641659	
0.2449	35.0845227	
0.2450	33.1042569	
0.2451	30.7949078	
0.2452	28.2365415	
0.2453	25.4982962	
0.2454	22.6379119	
0.2455	19.7010836	
0.2456	16.7217974	
0.2457	13.7237431	
0.2458	10.7224576	
0.2459	7.7277772	
0.2460	4.7462708	
0.2461	1.7834431	
0.2462	-1.1544306	
0.2463	-4.058971	
0.2464	-6.9190353	
0.2465	-9.7209389	
0.2466	-12.4497274	
0.2467	-15.0914908	
0.2468	-17.6363945	
0.2469	-20.0817663	
0.2470	-22.4344124	
0.2471	-24.7114905	
0.2472	-26.9396865	
0.2473	-29.152868	
0.2474	-31.3885453	
0.2475	-33.6832389	
0.2476	-36.0663704	
0.2477	-38.5519425	
0.2478	-41.1277143	
0.2479	-43.7437324	
0.2480	-46.3063239	
0.2481	-48.687446	
0.2482	-50.7554995	
0.2483	-52.4176411	
0.2484	-53.6479861	
0.2485	-54.4837741	
0.2486	-54.9979756	
0.2487	-55.2703858	
0.2488	-55.3703762	
0.2489	-55.3513317	
0.2490	-55.2516259	
0.2491	-55.0978368	
0.2492	-54.9080363	
0.2493	-54.694427	
0.2494	-54.4652497	
0.2495	-54.226097	
0.2496	-53.980795	
0.2497	-53.731989	
0.2498	-53.4815308	
0.2499	-53.230735	
0.2500	-52.9805488	
0.2501	-52.7316655	
0.2502	-52.4846005	
0.2503	-52.2397423	
0.2504	-51.9973871	
0.2505	-51.7577632	
0.2506	-51.5210469	
0.2507	-51.2873742	
0.2508	-51.0568491	
0.2509	-50.8295489	
0.2510	-50.6055289	
0.2511	-50.3848257	
0.2512	-50.167459	
0.2513	-49.9534342	
0.2514	-49.7427435	
0.2515	-49.5353675	
0.2516	-49.3312762	
0.2517	-49.1304299	
0.2518	-48.93278	
0.2519	-48.7382702	
0.2520	-48.5468369	
0.2521	-48.3584098	
0.2522	-48.1729129	
0.2523	-47.9902647	
0.2524	-47.8103788	
0.2525	-47.6331646	
0.2526	-47.4585276	
0.2527	-47.2863697	
0.2528	-47.1165895	
0.2529	-46.9490831	
0.2530	-46.7837435	
0.2531	-46.6204617	
0.2532	-46.4591262	
0.2533	-46.2996234	
0.2534	-46.1418378	
0.2535	-45.9856515	
0.2536	-45.8309448	
0.2537	-45.6775957	
0.2538	-45.5254799	
0.2539	-45.3744706	
0.2540	-45.2244385	
0.2541	-45.0752509	
0.2542	-44.9267719	
0.2543	-44.7788619	
0.2544	-44.631377	
0.2545	-44.4841682	
0.2546	-44.3370814	
0.2547	-44.1899559	
0.2548	-44.0426242	
0.2549	-43.8949105	
0.2550	-43.74663	
0.2551	-43.5975876	
0.2552	-43.447576	
0.2553	-43.2963748	
0.2554	-43.1437481	
0.2555	-42.9894425	
0.2556	-42.8331846	
0.2557	-42.6746782	
0.2558	-42.5136009	
0.2559	-42.3496004	
0.2560	-42.1822897	
0.2561	-42.011242	
0.2562	-41.8359846	
0.2563	-41.6559912	
0.2564	-41.4706733	
0.2565	-41.2793699	
0.2566	-41.0813347	
0.2567	-40.8757213	
0.2568	-40.6615645	
0.2569	-40.4377581	
0.2570	-40.2030272	
0.2571	-39.9558948	
0.2572	-39.6946386	
0.2573	-39.417239	
0.2574	-39.1213114	
0.2575	-38.8040216	
0.2576	-38.4619762	
0.2577	-38.0910809	
0.2578	-37.6863556	
0.2579	-37.2416898	
0.2580	-36.7495165	
0.2581	-36.2003731	
0.2582	-35.582303	
0.2583	-34.8800319	
0.2584	-34.0738234	
0.2585	-33.1378749	
0.2586	-32.0380546	
0.2587	-30.7287054	
0.2588	-29.1481604	
0.2589	-27.212582	
0.2590	-24.807917	
0.2591	-21.7805359	
0.2592	-17.929408	
0.2593	-13.0082299	
0.2594	-6.7581649	
0.2595	0.9851782	
0.2596	10.0490681	
0.2597	19.5794129	
0.2598	27.9903391	
0.2599	33.8275883	
0.2600	36.9064775	
0.2601	38.0057438	
0.2602	37.8794799	
0.2603	36.9507384	
0.2604	35.4365521	
0.2605	33.4703926	
0.2606	31.1544371	
0.2607	28.5759569	
0.2608	25.810375	
0.2609	22.9204551	
0.2610	19.9554543	
0.2611	16.9515115	
0.2612	13.9332955	
0.2613	10.9164504	
0.2614	7.9103295	
0.2615	4.9206434	
0.2616	1.9518111	
0.2617	-0.9911103	
0.2618	-3.9010203	
0.2619	-6.7680431	
0.2620	-9.5796588	
0.2621	-12.3218682	
0.2622	-14.9814043	
0.2623	-17.5487076	
0.2624	-20.0210429	
0.2625	-22.404946	
0.2626	-24.7172991	
0.2627	-26.984715	
0.2628	-29.2413253	
0.2629	-31.5252312	
0.2630	-33.8736535	
0.2631	-36.3163283	
0.2632	-38.8663458	
0.2633	-41.5081938	
0.2634	-44.1853259	
0.2635	-46.7944854	
0.2636	-49.1979848	
0.2637	-51.2595927	
0.2638	-52.8903654	
0.2639	-54.0750031	
0.2640	-54.8622442	
0.2641	-55.3329365	
0.2642	-55.5702697	
0.2643	-55.6439137	
0.2644	-55.6060945	
0.2645	-55.4936301	
0.2646	-55.3316433	
0.2647	-55.1370164	
0.2648	-54.9210399	
0.2649	-54.6912789	
0.2650	-54.4528338	
0.2651	-54.2091761	
0.2652	-53.9626967	
0.2653	-53.7150648	
0.2654	-53.4674646	
0.2655	-53.2207498	
0.2656	-52.9755466	
0.2657	-52.7323225	
0.2658	-52.4914318	
0.2659	-52.2531468	
0.2660	-52.017679	
0.2661	-51.7851934	
0.2662	-51.5558188	
0.2663	-51.3296547	
0.2664	-51.106777	
0.2665	-50.8872408	
0.2666	-50.6710842	
0.2667	-50.4583296	
0.2668	-50.248986	
0.2669	-50.0430502	
0.2670	-49.8405081	
0.2671	-49.6413354	
0.2672	-49.4454989	
0.2673	-49.2529573	
0.2674	-49.0636615	
0.2675	-48.8775561	
0.2676	-48.6945794	
0.2677	-48.5146643	
0.2678	-48.3377388	
0.2679	-48.1637267	
0.2680	-47.9925478	
0.2681	-47.8241188	
0.2682	-47.6583531	
0.2683	-47.495162	
0.2684	-47.3344541	
0.2685	-47.1761367	
0.2686	-47.0201149	
0.2687	-46.8662927	
0.2688	-46.714573	
0.2689	-46.5648574	
0.2690	-46.4170468	
0.2691	-46.2710411	
0.2692	-46.1267397	
0.2693	-45.9840409	
0.2694	-45.8428425	
0.2695	-45.7030413	
0.2696	-45.5645333	
0.2697	-45.4272135	
0.2698	-45.2909755	
0.2699	-45.1557119	
0.2700	-45.0213135	
0.2701	-44.8876692	
0.2702	-44.754666	
0.2703	-44.6221881	
0.2704	-44.4901172	
0.2705	-44.3583313	
0.2706	-44.226705	
0.2707	-44.0951081	
0.2708	-43.9634058	
0.2709	-43.8314575	
0.2710	-43.6991159	
0.2711	-43.5662267	
0.2712	-43.4326269	
0.2713	-43.2981441	
0.2714	-43.1625952	
0.2715	-43.0257848	
0.2716	-42.8875034	
0.2717	-42.7475258	
0.2718	-42.6056087	
0.2719	-42.4614885	
0.2720	-42.3148776	
0.2721	-42.1654621	
0.2722	-42.0128971	
0.2723	-41.8568023	
0.2724	-41.6967568	
0.2725	-41.5322925	
0.2726	-41.3628868	
0.2727	-41.1879537	
0.2728	-41.006833	
0.2729	-40.8187776	
0.2730	-40.6229382	
0.2731	-40.4183442	
0.2732	-40.2038814	
0.2733	-39.9782634	
0.2734	-39.7399973	
0.2735	-39.4873403	
0.2736	-39.2182455	
0.2737	-38.9302934	
0.2738	-38.6206048	
0.2739	-38.285729	
0.2740	-37.9214981	
0.2741	-37.5228375	
0.2742	-37.0835151	
0.2743	-36.5958061	
0.2744	-36.0500424	
0.2745	-35.4339966	
0.2746	-34.732036	
0.2747	-33.9239455	
0.2748	-32.9832776	
0.2749	-31.8750273	
0.2750	-30.552352	
0.2751	-28.9519817	
0.2752	-26.9879467	
0.2753	-24.543466	
0.2754	-21.4617141	
0.2755	-17.538656	
0.2756	-12.5270693	
0.2757	-6.1736881	
0.2758	1.6654307	
0.2759	10.773088	
0.2760	20.2376718	
0.2761	28.462289	
0.2762	34.0835899	
0.2763	37.0157301	
0.2764	38.0387365	
0.2765	37.8645696	
0.2766	36.8894215	
0.2767	35.3219479	
0.2768	33.2961941	
0.2769	30.9182782	
0.2770	28.2800365	
0.2771	25.4606281	
0.2772	22.5251017	
0.2773	19.5235349	
0.2774	16.4917632	
0.2775	13.4534864	
0.2776	10.4231259	
0.2777	7.408852	
0.2778	4.4154019	
0.2779	1.4464979	
0.2780	-1.4932324	
0.2781	-4.3969204	
0.2782	-7.2548443	
0.2783	-10.0547189	
0.2784	-12.7830327	
0.2785	-15.427402	
0.2786	-17.9796044	
0.2787	-20.4386307	
0.2788	-22.812949	
0.2789	-25.1213317	
0.2790	-27.3919947	
0.2791	-29.660175	
0.2792	-31.9643741	
0.2793	-34.3412007	
0.2794	-36.8182481	
0.2795	-39.4041838	
0.2796	-42.0761108	
0.2797	-44.7673897	
0.2798	-47.3644462	
0.2799	-49.7241018	
0.2800	-51.7142679	
0.2801	-53.259323	
0.2802	-54.3597374	
0.2803	-55.0752713	
0.2804	-55.4908073	
0.2805	-55.6886045	
0.2806	-55.7353137	
0.2807	-55.6799144	
0.2808	-55.5565168	
0.2809	-55.3882219	
0.2810	-55.1904814	
0.2811	-54.9736006	
0.2812	-54.7444735	
0.2813	-54.5077454	
0.2814	-54.2665778	
0.2815	-54.0231494	
0.2816	-53.7789837	
0.2817	-53.5351627	
0.2818	-53.2924684	
0.2819	-53.0514761	
0.2820	-52.8126161	
0.2821	-52.5762156	
0.2822	-52.3425268	
0.2823	-52.1117457	
0.2824	-51.8840257	
0.2825	-51.6594866	
0.2826	-51.4382212	
0.2827	-51.2202997	
0.2828	-51.0057734	
0.2829	-50.7946772	
0.2830	-50.5870316	
0.2831	-50.3828442	
0.2832	-50.1821113	
0.2833	-49.9848188	
0.2834	-49.7909433	
0.2835	-49.600453	
0.2836	-49.4133082	
0.2837	-49.2294626	
0.2838	-49.0488636	
0.2839	-48.8714531	
0.2840	-48.6971679	
0.2841	-48.5259406	
0.2842	-48.3576999	
0.2843	-48.1923712	
0.2844	-48.029877	
0.2845	-47.8701374	
0.2846	-47.7130703	
0.2847	-47.558592	
0.2848	-47.4066176	
0.2849	-47.2570607	
0.2850	-47.1098345	
0.2851	-46.9648511	
0.2852	-46.8220226	
0.2853	-46.6812606	
0.2854	-46.5424766	
0.2855	-46.405582	
0.2856	-46.2704884	
0.2857	-46.1371072	
0.2858	-46.0053501	
0.2859	-45.8751288	
0.2860	-45.7463551	
0.2861	-45.6189409	
0.2862	-45.4927979	
0.2863	-45.3678378	
0.2864	-45.2439719	
0.2865	-45.1211111	
0.2866	-44.9991661	
0.2867	-44.8780464	
0.2868	-44.7576608	
0.2869	-44.637917	
0.2870	-44.5187213	
0.2871	-44.399978	
0.2872	-44.2815899	
0.2873	-44.1634569	
0.2874	-44.0454766	
0.2875	-43.9275432	
0.2876	-43.8095474	
0.2877	-43.6913756	
0.2878	-43.5729095	
0.2879	-43.4540254	
0.2880	-43.3345936	
0.2881	-43.2144772	
0.2882	-43.0935317	
0.2883	-42.9716036	
0.2884	-42.8485293	
0.2885	-42.7241338	
0.2886	-42.5982294	
0.2887	-42.4706137	
0.2888	-42.3410676	
0.2889	-42.2093535	
0.2890	-42.0752123	
0.2891	-41.9383603	
0.2892	-41.7984864	
0.2893	-41.6552473	
0.2894	-41.5082632	
0.2895	-41.3571122	
0.2896	-41.2013236	
0.2897	-41.0403704	
0.2898	-40.8736601	
0.2899	-40.7005233	
0.2900	-40.520201	
0.2901	-40.3318283	
0.2902	-40.1344151	
0.2903	-39.9268227	
0.2904	-39.707734	
0.2905	-39.4756182	
0.2906	-39.2286854	
0.2907	-38.9648305	
0.2908	-38.6815619	
0.2909	-38.3759108	
0.2910	-38.0443142	
0.2911	-37.6824637	
0.2912	-37.2851073	
0.2913	-36.8457871	
0.2914	-36.3564896	
0.2915	-35.8071736	
0.2916	-35.1851265	
0.2917	-34.4740789	
0.2918	-33.6529732	
0.2919	-32.6942408	
0.2920	-31.5613779	
0.2921	-30.205541	
0.2922	-28.5608139	
0.2923	-26.5378168	
0.2924	-24.0156233	
0.2925	-20.8329958	
0.2926	-16.7827626	
0.2927	-11.6196465	
0.2928	-5.1054247	
0.2929	2.8621618	
0.2930	11.9876672	
0.2931	21.2757913	
0.2932	29.1434448	
0.2933	34.3949059	
0.2934	37.0850238	
0.2935	37.9793442	
0.2936	37.7250771	
0.2937	36.6807936	
0.2938	35.0430372	
0.2939	32.9452327	
0.2940	30.4969577	
0.2941	27.7941465	
0.2942	24.9190406	
0.2943	21.9381854	
0.2944	18.9016985	
0.2945	15.8444723	
0.2946	12.7888134	
0.2947	9.7477311	
0.2948	6.7282422	
0.2949	3.7343272	
0.2950	0.7693761	
0.2951	-2.161945	
0.2952	-5.0524839	
0.2953	-7.8921818	
0.2954	-10.668607	
0.2955	-13.3685479	
0.2956	-15.9805618	
0.2957	-18.4980575	
0.2958	-20.9221992	
0.2959	-23.2638463	
0.2960	-25.5439746	
0.2961	-27.7924434	
0.2962	-30.0453083	
0.2963	-32.3408906	
0.2964	-34.7144642	
0.2965	-37.1909227	
0.2966	-39.7746593	
0.2967	-42.4370274	
0.2968	-45.1051821	
0.2969	-47.6613326	
0.2970	-49.9632284	
0.2971	-51.8861033	
0.2972	-53.3651025	
0.2973	-54.4095642	
0.2974	-55.0830456	
0.2975	-55.4697921	
0.2976	-55.6493255	
0.2977	-55.685299	
0.2978	-55.6242479	
0.2979	-55.4985374	
0.2980	-55.3301044	
0.2981	-55.1336505	
0.2982	-54.9190052	
0.2983	-54.6927623	
0.2984	-54.4593767	
0.2985	-54.2218882	
0.2986	-53.9823961	
0.2987	-53.742371	
0.2988	-53.5028587	
0.2989	-53.2646154	
0.2990	-53.0281969	
0.2991	-52.7940187	
0.2992	-52.5623959	
0.2993	-52.3335703	
0.2994	-52.1077292	
0.2995	-51.8850183	
0.2996	-51.6655503	
0.2997	-51.4494117	
0.2998	-51.2366672	
0.2999	-51.0273629	
0.3000	-50.8215293	
0.3001	-50.619183	
0.3002	-50.4203284	
0.3003	-50.2249588	
0.3004	-50.0330581	
0.3005	-49.844601	
0.3006	-49.6595547	
0.3007	-49.477879	
0.3008	-49.2995275	
0.3009	-49.124448	
0.3010	-48.9525834	
0.3011	-48.7838721	
0.3012	-48.6182486	
0.3013	-48.455644	
0.3014	-48.2959868	
0.3015	-48.1392026	
0.3016	-47.9852155	
0.3017	-47.8339476	
0.3018	-47.6853198	
0.3019	-47.5392521	
0.3020	-47.3956639	
0.3021	-47.2544739	
0.3022	-47.1156009	
0.3023	-46.9789634	
0.3024	-46.8444802	
0.3025	-46.7120703	
0.3026	-46.5816533	
0.3027	-46.453149	
0.3028	-46.326478	
0.3029	-46.2015614	
0.3030	-46.0783209	
0.3031	-45.956679	
0.3032	-45.8365588	
0.3033	-45.717884	
0.3034	-45.6005788	
0.3035	-45.4845683	
0.3036	-45.3697776	
0.3037	-45.2561326	
0.3038	-45.1435592	
0.3039	-45.0319839	
0.3040	-44.921333	
0.3041	-44.8115327	
0.3042	-44.7025094	
0.3043	-44.5941887	
0.3044	-44.4864961	
0.3045	-44.3793562	
0.3046	-44.2726928	
0.3047	-44.1664283	
0.3048	-44.0604843	
0.3049	-43.9547802	
0.3050	-43.8492338	
0.3051	-43.7437606	
0.3052	-43.6382737	
0.3053	-43.5326828	
0.3054	-43.4268948	
0.3055	-43.3208123	
0.3056	-43.2143339	
0.3057	-43.107353	
0.3058	-42.9997576	
0.3059	-42.8914295	
0.3060	-42.7822435	
0.3061	-42.6720663	
0.3062	-42.5607558	
0.3063	-42.4481599	
0.3064	-42.3341152	
0.3065	-42.2184454	
0.3066	-42.1009599	
0.3067	-41.9814518	
0.3068	-41.8596959	
0.3069	-41.7354459	
0.3070	-41.6084316	
0.3071	-41.4783559	
0.3072	-41.3448906	
0.3073	-41.2076719	
0.3074	-41.0662954	
0.3075	-40.9203094	
0.3076	-40.7692078	
0.3077	-40.6124216	
0.3078	-40.4493076	
0.3079	-40.279137	
0.3080	-40.1010793	
0.3081	-39.9141844	
0.3082	-39.7173606	
0.3083	-39.5093464	
0.3084	-39.2886775	
0.3085	-39.0536443	
0.3086	-38.8022397	
0.3087	-38.5320926	
0.3088	-38.240384	
0.3089	-37.923739	
0.3090	-37.5780878	
0.3091	-37.1984841	
0.3092	-36.7788659	
0.3093	-36.3117387	
0.3094	-35.7877483	
0.3095	-35.1951039	
0.3096	-34.518786	
0.3097	-33.7394538	
0.3098	-32.8319223	
0.3099	-31.7630327	
0.3100	-30.4886712	
0.3101	-28.9496321	
0.3102	-27.0660127	
0.3103	-24.7300156	
0.3104	-21.79778	
0.3105	-18.0828924	
0.3106	-13.3590091	
0.3107	-7.3890675	
0.3108	-0.0166976	
0.3109	8.6306244	
0.3110	17.8481829	
0.3111	26.2655819	
0.3112	32.4750706	
0.3113	36.0641379	
0.3114	37.5962174	
0.3115	37.7695146	
0.3116	37.0239769	
0.3117	35.599687	
0.3118	33.6498431	
0.3119	31.2960681	
0.3120	28.6451227	
0.3121	25.7901329	
0.3122	22.8079354	
0.3123	19.7574264	
0.3124	16.6802418	
0.3125	13.603357	
0.3126	10.5426567	
0.3127	7.5066419	
0.3128	4.4997765	
0.3129	1.525257	
0.3130	-1.4128649	
0.3131	-4.3082553	
0.3132	-7.1516629	
0.3133	-9.931222	
0.3134	-12.6338049	
0.3135	-15.2473663	
0.3136	-17.7639273	
0.3137	-20.1825413	
0.3138	-22.5114612	
0.3139	-24.7688971	
0.3140	-26.9821583	
0.3141	-29.1853571	
0.3142	-31.4159723	
0.3143	-33.7103184	
0.3144	-36.097492	
0.3145	-38.5910295	
0.3146	-41.1779802	
0.3147	-43.8073	
0.3148	-46.3838013	
0.3149	-48.7777445	
0.3150	-50.8562339	
0.3151	-52.5261198	
0.3152	-53.7622578	
0.3153	-54.6031188	
0.3154	-55.1227553	
0.3155	-55.4016074	
0.3156	-55.5092963	
0.3157	-55.4992156	
0.3158	-55.4096375	
0.3159	-55.2670043	
0.3160	-55.0892536	
0.3161	-54.8884687	
0.3162	-54.6727891	
0.3163	-54.4477228	
0.3164	-54.2170258	
0.3165	-53.983285	
0.3166	-53.7483035	
0.3167	-53.5133548	
0.3168	-53.2793514	
0.3169	-53.0469569	
0.3170	-52.816661	
0.3171	-52.5888304	
0.3172	-52.3637423	
0.3173	-52.1416089	
0.3174	-51.9225927	
0.3175	-51.7068184	
0.3176	-51.4943804	
0.3177	-51.2853489	
0.3178	-51.0797741	
0.3179	-50.877689	
0.3180	-50.6791122	
0.3181	-50.4840493	
0.3182	-50.292495	
0.3183	-50.104434	
0.3184	-49.9198424	
0.3185	-49.7386881	
0.3186	-49.5609323	
0.3187	-49.38653	
0.3188	-49.2154304	
0.3189	-49.0475783	
0.3190	-48.882914	
0.3191	-48.7213741	
0.3192	-48.5628923	
0.3193	-48.4073994	
0.3194	-48.2548241	
0.3195	-48.1050934	
0.3196	-47.9581328	
0.3197	-47.8138666	
0.3198	-47.6722187	
0.3199	-47.5331122	
0.3200	-47.3964701	
0.3201	-47.2622155	
0.3202	-47.1302717	
0.3203	-47.0005622	
0.3204	-46.8730113	
0.3205	-46.7475438	
0.3206	-46.6240852	
0.3207	-46.5025621	
0.3208	-46.3829017	
0.3209	-46.2650323	
0.3210	-46.1488834	
0.3211	-46.0343853	
0.3212	-45.9214692	
0.3213	-45.8100676	
0.3214	-45.7001139	
0.3215	-45.5915424	
0.3216	-45.4842885	
0.3217	-45.3782882	
0.3218	-45.2734787	
0.3219	-45.1697977	
0.3220	-45.0671838	
0.3221	-44.965576	
0.3222	-44.8649141	
0.3223	-44.7651382	
0.3224	-44.6661888	
0.3225	-44.5680066	
0.3226	-44.4705326	
0.3227	-44.3737076	
0.3228	-44.2774726	
0.3229	-44.1817679	
0.3230	-44.0865339	
0.3231	-43.9917101	
0.3232	-43.8972355	
0.3233	-43.8030482	
0.3234	-43.7090851	
0.3235	-43.6152818	
0.3236	-43.5215726	
0.3237	-43.4278899	
0.3238	-43.334164	
0.3239	-43.2403229	
0.3240	-43.1462922	
0.3241	-43.0519942	
0.3242	-42.9573481	
0.3243	-42.8622692	
0.3244	-42.7666686	
0.3245	-42.6704526	
0.3246	-42.5735222	
0.3247	-42.4757725	
0.3248	-42.3770917	
0.3249	-42.2773607	
0.3250	-42.1764521	
0.3251	-42.0742289	
0.3252	-41.9705436	
0.3253	-41.865237	
0.3254	-41.7581364	
0.3255	-41.6490543	
0.3256	-41.537786	
0.3257	-41.4241078	
0.3258	-41.3077745	
0.3259	-41.1885158	
0.3260	-41.0660336	
0.3261	-40.9399979	
0.3262	-40.8100417	
0.3263	-40.675756	
0.3264	-40.5366832	
0.3265	-40.3923095	
0.3266	-40.2420561	
0.3267	-40.0852681	
0.3268	-39.9212016	
0.3269	-39.7490086	
0.3270	-39.5677174	
0.3271	-39.3762102	
0.3272	-39.1731946	
0.3273	-38.9571687	
0.3274	-38.7263781	
0.3275	-38.4787613	
0.3276	-38.2118819	
0.3277	-37.9228417	
0.3278	-37.6081695	
0.3279	-37.2636781	
0.3280	-36.884277	
0.3281	-36.4637274	
0.3282	-35.9943149	
0.3283	-35.4664132	
0.3284	-34.8678914	
0.3285	-34.1833056	
0.3286	-33.392785	
0.3287	-32.4704868	
0.3288	-31.3824473	
0.3289	-30.0835971	
0.3290	-28.5136654	
0.3291	-26.5917229	
0.3292	-24.2093663	
0.3293	-21.2233896	
0.3294	-17.4509545	
0.3295	-12.6751007	
0.3296	-6.6781612	
0.3297	0.6631746	
0.3298	9.18044	
0.3299	18.1531633	
0.3300	26.2738753	
0.3301	32.2624146	
0.3302	35.7672259	
0.3303	37.3015404	
0.3304	37.4986537	
0.3305	36.7675956	
0.3306	35.3401276	
0.3307	33.3702873	
0.3308	30.9843313	
0.3309	28.2949355	
0.3310	25.4007176	
0.3311	22.3825819	
0.3312	19.3018021	
0.3313	16.2009715	
0.3314	13.1071084	
0.3315	10.0357277	
0.3316	6.9949275	
0.3317	3.9889682	
0.3318	1.021143	
0.3319	-1.9041029	
0.3320	-4.7798367	
0.3321	-7.5961723	
0.3322	-10.3407942	
0.3323	-13.0005385	
0.3324	-15.5638984	
0.3325	-18.0240183	
0.3326	-20.3814784	
0.3327	-22.6461171	
0.3328	-24.8373861	
0.3329	-26.9831665	
0.3330	-29.1173312	
0.3331	-31.2764057	
0.3332	-33.4954025	
0.3333	-35.8024467	
0.3334	-38.2114935	
0.3335	-40.7127985	
0.3336	-43.2625809	
0.3337	-45.7768714	
0.3338	-48.1380367	
0.3339	-50.2202471	
0.3340	-51.9274496	
0.3341	-53.2226067	
0.3342	-54.1297264	
0.3343	-54.7119187	
0.3344	-55.0441472	
0.3345	-55.1947846	
0.3346	-55.2182137	
0.3347	-55.1544791	
0.3348	-55.0318221	
0.3349	-54.8697121	
0.3350	-54.6814341	
0.3351	-54.4760304	
0.3352	-54.2596707	
0.3353	-54.0365887	
0.3354	-53.8097129	
0.3355	-53.5810891	
0.3356	-53.3521621	
0.3357	-53.1239646	
0.3358	-52.8972436	
0.3359	-52.6725466	
0.3360	-52.4502788	
0.3361	-52.2307434	
0.3362	-52.0141685	
0.3363	-51.8007264	
0.3364	-51.5905465	
0.3365	-51.3837248	
0.3366	-51.180331	
0.3367	-50.980413	
0.3368	-50.7840009	
0.3369	-50.5911097	
0.3370	-50.4017414	
0.3371	-50.215887	
0.3372	-50.0335275	
0.3373	-49.8546355	
0.3374	-49.6791763	
0.3375	-49.5071083	
0.3376	-49.3383843	
0.3377	-49.172952	
0.3378	-49.0107549	
0.3379	-48.8517324	
0.3380	-48.695821	
0.3381	-48.5429544	
0.3382	-48.3930639	
0.3383	-48.2460793	
0.3384	-48.1019289	
0.3385	-47.9605398	
0.3386	-47.8218387	
0.3387	-47.6857515	
0.3388	-47.5522043	
0.3389	-47.4211231	
0.3390	-47.2924343	
0.3391	-47.1660647	
0.3392	-47.0419418	
0.3393	-46.9199937	
0.3394	-46.8001497	
0.3395	-46.6823399	
0.3396	-46.5664955	
0.3397	-46.4525488	
0.3398	-46.3404334	
0.3399	-46.230084	
0.3400	-46.1214366	
0.3401	-46.0144285	
0.3402	-45.9089981	
0.3403	-45.8050853	
0.3404	-45.702631	
0.3405	-45.6015774	
0.3406	-45.501868	
0.3407	-45.4034473	
0.3408	-45.306261	
0.3409	-45.2102558	
0.3410	-45.1153795	
0.3411	-45.0215807	
0.3412	-44.9288092	
0.3413	-44.8370154	
0.3414	-44.7461506	
0.3415	-44.6561668	
0.3416	-44.5670167	
0.3417	-44.4786534	
0.3418	-44.3910308	
0.3419	-44.304103	
0.3420	-44.2178246	
0.3421	-44.1321503	
0.3422	-44.0470351	
0.3423	-43.9624342	
0.3424	-43.8783025	
0.3425	-43.794595	
0.3426	-43.7112663	
0.3427	-43.628271	
0.3428	-43.5455629	
0.3429	-43.4630954	
0.3430	-43.3808212	
0.3431	-43.298692	
0.3432	-43.2166586	
0.3433	-43.1346707	
0.3434	-43.0526765	
0.3435	-42.9706227	
0.3436	-42.8884543	
0.3437	-42.8061142	
0.3438	-42.7235433	
0.3439	-42.6406799	
0.3440	-42.5574593	
0.3441	-42.4738139	
0.3442	-42.3896727	
0.3443	-42.3049606	
0.3444	-42.2195985	
0.3445	-42.1335022	
0.3446	-42.0465823	
0.3447	-41.9587436	
0.3448	-41.8698842	
0.3449	-41.7798947	
0.3450	-41.6886579	
0.3451	-41.596047	
0.3452	-41.5019253	
0.3453	-41.4061445	
0.3454	-41.3085435	
0.3455	-41.2089467	
0.3456	-41.1071626	
0.3457	-41.002981	
0.3458	-40.8961713	
0.3459	-40.7864794	
0.3460	-40.6736245	
0.3461	-40.5572958	
0.3462	-40.4371478	
0.3463	-40.3127952	
0.3464	-40.1838074	
0.3465	-40.0497014	
0.3466	-39.9099334	
0.3467	-39.7638889	
0.3468	-39.6108714	
0.3469	-39.4500878	
0.3470	-39.280632	
0.3471	-39.1014635	
0.3472	-38.9113828	
0.3473	-38.7090	
0.3474	-38.492697	
0.3475	-38.2605792	
0.3476	-38.0104164	
0.3477	-37.7395669	
0.3478	-37.4448819	
0.3479	-37.1225825	
0.3480	-36.7681004	
0.3481	-36.3758702	
0.3482	-35.9390566	
0.3483	-35.4491906	
0.3484	-34.8956831	
0.3485	-34.2651658	
0.3486	-33.540593	
0.3487	-32.700008	
0.3488	-31.7148421	
0.3489	-30.5475697	
0.3490	-29.1485006	
0.3491	-27.4514843	
0.3492	-25.3684191	
0.3493	-22.7829113	
0.3494	-19.5446492	
0.3495	-15.4688519	
0.3496	-10.35085	
0.3497	-4.0162195	
0.3498	3.5604094	
0.3499	12.049735	
0.3500	20.579282	
0.3501	27.8792734	
0.3502	32.9885098	
0.3503	35.8568954	
0.3504	37.0150046	
0.3505	36.9801503	
0.3506	36.0761836	
0.3507	34.4997289	
0.3508	32.3961708	
0.3509	29.8930999	
0.3510	27.1064914	
0.3511	24.1367422	
0.3512	21.0641275	
0.3513	17.9474214	
0.3514	14.8258888	
0.3515	11.7233476	
0.3516	8.6528667	
0.3517	5.6211467	
0.3518	2.632142	
0.3519	-0.3101929	
0.3520	-3.2000379	
0.3521	-6.0287477	
0.3522	-8.7848744	
0.3523	-11.4552492	
0.3524	-14.0270694	
0.3525	-16.4906883	
0.3526	-18.8425079	
0.3527	-21.0872303	
0.3528	-23.2388426	
0.3529	-25.320094	
0.3530	-27.3606621	
0.3531	-29.3944446	
0.3532	-31.4563332	
0.3533	-33.5784748	
0.3534	-35.7856047	
0.3535	-38.0888261	
0.3536	-40.477613	
0.3537	-42.9113427	
0.3538	-45.3144952	
0.3539	-47.5822642	
0.3540	-49.6015271	
0.3541	-51.2824634	
0.3542	-52.5844917	
0.3543	-53.5209896	
0.3544	-54.1431747	
0.3545	-54.5170544	
0.3546	-54.7059924	
0.3547	-54.7624126	
0.3548	-54.7261761	
0.3549	-54.6261558	
0.3550	-54.48271	
0.3551	-54.3100002	
0.3552	-54.1178259	
0.3553	-53.9129681	
0.3554	-53.7001352	
0.3555	-53.4826155	
0.3556	-53.2627222	
0.3557	-53.0420963	
0.3558	-52.8219124	
0.3559	-52.603019	
0.3560	-52.3860345	
0.3561	-52.171413	
0.3562	-51.9594903	
0.3563	-51.7505151	
0.3564	-51.5446714	
0.3565	-51.3420944	
0.3566	-51.1428817	
0.3567	-50.947101	
0.3568	-50.7547967	
0.3569	-50.565994	
0.3570	-50.3807019	
0.3571	-50.1989167	
0.3572	-50.020623	
0.3573	-49.8457961	
0.3574	-49.6744033	
0.3575	-49.5064044	
0.3576	-49.3417536	
0.3577	-49.1803996	
0.3578	-49.0222869	
0.3579	-48.8673562	
0.3580	-48.7155449	
0.3581	-48.5667879	
0.3582	-48.421018	
0.3583	-48.2781663	
0.3584	-48.1381627	
0.3585	-48.0009361	
0.3586	-47.8664149	
0.3587	-47.7345274	
0.3588	-47.6052014	
0.3589	-47.4783655	
0.3590	-47.3539484	
0.3591	-47.2318795	
0.3592	-47.1120888	
0.3593	-46.9945076	
0.3594	-46.8790679	
0.3595	-46.7657029	
0.3596	-46.654347	
0.3597	-46.5449359	
0.3598	-46.4374065	
0.3599	-46.3316973	
0.3600	-46.2277479	
0.3601	-46.1254994	
0.3602	-46.0248945	
0.3603	-45.9258769	
0.3604	-45.8283921	
0.3605	-45.7323867	
0.3606	-45.6378088	
0.3607	-45.5446079	
0.3608	-45.4527347	
0.3609	-45.3621411	
0.3610	-45.2727805	
0.3611	-45.1846073	
0.3612	-45.0975772	
0.3613	-45.0116469	
0.3614	-44.9267744	
0.3615	-44.8429185	
0.3616	-44.7600391	
0.3617	-44.6780972	
0.3618	-44.5970544	
0.3619	-44.5168735	
0.3620	-44.437518	
0.3621	-44.3589519	
0.3622	-44.2811404	
0.3623	-44.2040489	
0.3624	-44.1276438	
0.3625	-44.0518918	
0.3626	-43.9767603	
0.3627	-43.9022169	
0.3628	-43.82823	
0.3629	-43.7547681	
0.3630	-43.6817999	
0.3631	-43.6092948	
0.3632	-43.5372218	
0.3633	-43.4655505	
0.3634	-43.3942503	
0.3635	-43.3232908	
0.3636	-43.2526414	
0.3637	-43.1822713	
0.3638	-43.1121498	
0.3639	-43.0422457	
0.3640	-42.9725275	
0.3641	-42.9029632	
0.3642	-42.8335203	
0.3643	-42.7641658	
0.3644	-42.6948659	
0.3645	-42.625586	
0.3646	-42.5562905	
0.3647	-42.4869429	
0.3648	-42.4175053	
0.3649	-42.3479386	
0.3650	-42.2782022	
0.3651	-42.2082539	
0.3652	-42.1380497	
0.3653	-42.0675433	
0.3654	-41.9966865	
0.3655	-41.9254285	
0.3656	-41.8537157	
0.3657	-41.7814917	
0.3658	-41.7086964	
0.3659	-41.6352663	
0.3660	-41.5611339	
0.3661	-41.486227	
0.3662	-41.4104687	
0.3663	-41.3337763	
0.3664	-41.2560613	
0.3665	-41.1772285	
0.3666	-41.097175	
0.3667	-41.0157899	
0.3668	-40.9329528	
0.3669	-40.8485334	
0.3670	-40.7623895	
0.3671	-40.6743666	
0.3672	-40.5842954	
0.3673	-40.4919908	
0.3674	-40.3972493	
0.3675	-40.2998472	
0.3676	-40.1995377	
0.3677	-40.0960478	
0.3678	-39.9890745	
0.3679	-39.8782814	
0.3680	-39.7632929	
0.3681	-39.6436894	
0.3682	-39.5189999	
0.3683	-39.3886946	
0.3684	-39.2521753	
0.3685	-39.1087643	
0.3686	-38.957691	
0.3687	-38.7980759	
0.3688	-38.628911	
0.3689	-38.449036	
0.3690	-38.2571097	
0.3691	-38.051574	
0.3692	-37.8306095	
0.3693	-37.5920807	
0.3694	-37.3334667	
0.3695	-37.0517729	
0.3696	-36.7434202	
0.3697	-36.4041002	
0.3698	-36.0285901	
0.3699	-35.6105089	
0.3700	-35.141997	
0.3701	-34.6132908	
0.3702	-34.0121518	
0.3703	-33.3230978	
0.3704	-32.5263579	
0.3705	-31.596451	
0.3706	-30.5002507	
0.3707	-29.194374	
0.3708	-27.6217269	
0.3709	-25.7071302	
0.3710	-23.3522632	
0.3711	-20.4309918	
0.3712	-16.7879954	
0.3713	-12.2472569	
0.3714	-6.6434839	
0.3715	0.1015371	
0.3716	7.8368067	
0.3717	16.0094973	
0.3718	23.637473	
0.3719	29.6716321	
0.3720	33.6222913	
0.3721	35.7037006	
0.3722	36.3817815	
0.3723	36.0274134	
0.3724	34.8749469	
0.3725	33.0867817	
0.3726	30.8012	
0.3727	28.1478094	
0.3728	25.2449515	
0.3729	22.1924449	
0.3730	19.0669457	
0.3731	15.9219368	
0.3732	12.7913029	
0.3733	9.6945403	
0.3734	6.6420352	
0.3735	3.6395701	
0.3736	0.6917757	
0.3737	-2.1954949	
0.3738	-5.013839	
0.3739	-7.7520404	
0.3740	-10.3968989	
0.3741	-12.9350902	
0.3742	-15.3557787	
0.3743	-17.6534288	
0.3744	-19.8300951	
0.3745	-21.8965581	
0.3746	-23.8720208	
0.3747	-25.7825339	
0.3748	-27.6586292	
0.3749	-29.5326597	
0.3750	-31.4361023	
0.3751	-33.3967087	
0.3752	-35.4350828	
0.3753	-37.5601666	
0.3754	-39.7634684	
0.3755	-42.0129161	
0.3756	-44.249053	
0.3757	-46.3880449	
0.3758	-48.335282	
0.3759	-50.0079184	
0.3760	-51.3567667	
0.3761	-52.3757223	
0.3762	-53.0949274	
0.3763	-53.5645916	
0.3764	-53.8393542	
0.3765	-53.9684901	
0.3766	-53.9920009	
0.3767	-53.9403994	
0.3768	-53.8361202	
0.3769	-53.6953175	
0.3770	-53.5294967	
0.3771	-53.3468155	
0.3772	-53.1530552	
0.3773	-52.9523217	
0.3774	-52.7475426	
0.3775	-52.5408153	
0.3776	-52.3336505	
0.3777	-52.1271423	
0.3778	-51.9220871	
0.3779	-51.7190667	
0.3780	-51.5185072	
0.3781	-51.3207204	
0.3782	-51.1259331	
0.3783	-50.9343088	
0.3784	-50.7459624	
0.3785	-50.5609717	
0.3786	-50.3793854	
0.3787	-50.2012292	
0.3788	-50.0265105	
0.3789	-49.8552218	
0.3790	-49.6873436	
0.3791	-49.5228463	
0.3792	-49.361692	
0.3793	-49.2038362	
0.3794	-49.0492284	
0.3795	-48.8978137	
0.3796	-48.7495331	
0.3797	-48.6043249	
0.3798	-48.4621244	
0.3799	-48.3228652	
0.3800	-48.1864795	
0.3801	-48.0528982	
0.3802	-47.9220519	
0.3803	-47.7938706	
0.3804	-47.6682842	
0.3805	-47.5452231	
0.3806	-47.4246179	
0.3807	-47.3063998	
0.3808	-47.1905011	
0.3809	-47.0768546	
0.3810	-46.9653945	
0.3811	-46.8560561	
0.3812	-46.7487759	
0.3813	-46.6434917	
0.3814	-46.5401429	
0.3815	-46.4386699	
0.3816	-46.339015	
0.3817	-46.2411217	
0.3818	-46.144935	
0.3819	-46.0504017	
0.3820	-45.9574696	
0.3821	-45.8660884	
0.3822	-45.776209	
0.3823	-45.687784	
0.3824	-45.6007671	
0.3825	-45.5151137	
0.3826	-45.4307805	
0.3827	-45.3477254	
0.3828	-45.2659078	
0.3829	-45.1852883	
0.3830	-45.1058288	
0.3831	-45.0274924	
0.3832	-44.9502432	
0.3833	-44.8740468	
0.3834	-44.7988696	
0.3835	-44.7246793	
0.3836	-44.6514444	
0.3837	-44.5791346	
0.3838	-44.5077206	
0.3839	-44.4371739	
0.3840	-44.367467	
0.3841	-44.2985732	
0.3842	-44.2304666	
0.3843	-44.1631224	
0.3844	-44.0965162	
0.3845	-44.0306247	
0.3846	-43.965425	
0.3847	-43.9008952	
0.3848	-43.8370138	
0.3849	-43.7737601	
0.3850	-43.711114	
0.3851	-43.6490561	
0.3852	-43.5875672	
0.3853	-43.5266291	
0.3854	-43.4662238	
0.3855	-43.4063339	
0.3856	-43.3469426	
0.3857	-43.2880333	
0.3858	-43.2295899	
0.3859	-43.171597	
0.3860	-43.1140393	
0.3861	-43.0569018	
0.3862	-43.0001701	
0.3863	-42.94383	
0.3864	-42.8878677	
0.3865	-42.8322695	
0.3866	-42.7770222	
0.3867	-42.7221128	
0.3868	-42.6675284	
0.3869	-42.6132565	
0.3870	-42.5592846	
0.3871	-42.5056007	
0.3872	-42.4521927	
0.3873	-42.3990487	
0.3874	-42.346157	
0.3875	-42.2935058	
0.3876	-42.2410838	
0.3877	-42.1888794	
0.3878	-42.1368811	
0.3879	-42.0850777	
0.3880	-42.0334577	
0.3881	-41.9820097	
0.3882	-41.9307222	
0.3883	-41.8795839	
0.3884	-41.8285832	
0.3885	-41.7777083	
0.3886	-41.7269475	
0.3887	-41.6762888	
0.3888	-41.6257201	
0.3889	-41.5752289	
0.3890	-41.5248027	
0.3891	-41.4744285	
0.3892	-41.4240931	
0.3893	-41.373783	
0.3894	-41.3234841	
0.3895	-41.273182	
0.3896	-41.2228617	
0.3897	-41.1725078	
0.3898	-41.1221042	
0.3899	-41.0716343	
0.3900	-41.0210805	
0.3901	-40.9704247	
0.3902	-40.9196479	
0.3903	-40.8687299	
0.3904	-40.81765	
0.3905	-40.7663858	
0.3906	-40.7149143	
0.3907	-40.6632107	
0.3908	-40.6112491	
0.3909	-40.5590018	
0.3910	-40.5064397	
0.3911	-40.4535317	
0.3912	-40.4002446	
0.3913	-40.3465432	
0.3914	-40.2923898	
0.3915	-40.2377443	
0.3916	-40.1825636	
0.3917	-40.1268015	
0.3918	-40.0704086	
0.3919	-40.0133314	
0.3920	-39.9555128	
0.3921	-39.8968911	
0.3922	-39.8373996	
0.3923	-39.7769664	
0.3924	-39.7155135	
0.3925	-39.6529566	
0.3926	-39.5892041	
0.3927	-39.5241565	
0.3928	-39.4577056	
0.3929	-39.3897334	
0.3930	-39.320111	
0.3931	-39.2486977	
0.3932	-39.1753392	
0.3933	-39.0998664	
0.3934	-39.0220934	
0.3935	-38.9418155	
0.3936	-38.858807	
0.3937	-38.7728184	
0.3938	-38.6835733	
0.3939	-38.5907651	
0.3940	-38.4940525	
0.3941	-38.3930549	
0.3942	-38.287347	
0.3943	-38.1764517	
0.3944	-38.0598332	
0.3945	-37.936887	
0.3946	-37.8069298	
0.3947	-37.6691863	
0.3948	-37.5227737	
0.3949	-37.3666837	
0.3950	-37.1997594	
0.3951	-37.0206688	
0.3952	-36.8278709	
0.3953	-36.6195756	
0.3954	-36.3936927	
0.3955	-36.1477693	
0.3956	-35.8789114	
0.3957	-35.5836851	
0.3958	-35.2579906	
0.3959	-34.896903	
0.3960	-34.4944653	
0.3961	-34.043423	
0.3962	-33.534877	
0.3963	-32.9578294	
0.3964	-32.2985874	
0.3965	-31.5399769	
0.3966	-30.6603082	
0.3967	-29.6320228	
0.3968	-28.4199489	
0.3969	-26.9791177	
0.3970	-25.2521791	
0.3971	-23.166679	
0.3972	-20.6329454	
0.3973	-17.5442598	
0.3974	-13.7825984	
0.3975	-9.2356836	
0.3976	-3.8340059	
0.3977	2.3835732	
0.3978	9.1819347	
0.3979	16.0694471	
0.3980	22.3593029	
0.3981	27.4104468	
0.3982	30.923339	
0.3983	32.9833505	
0.3984	33.8395525	
0.3985	33.7200227	
0.3986	32.7910054	
0.3987	31.1849105	
0.3988	29.029401	
0.3989	26.4564165	
0.3990	23.5951159	
0.3991	20.5596362	
0.3992	17.440292	
0.3993	14.3014285	
0.3994	11.1847742	
0.3995	8.1154903	
0.3996	5.1085151	
0.3997	2.1738726	
0.3998	-0.6795163	
0.3999	-3.4415552	
0.4000	-6.1001272	
0.4001	-9.3884404	
0.4002	-12.1362629	
0.4003	-14.5872165	
0.4004	-16.829756	
0.4005	-18.9034476	
0.4006	-20.8357728	
0.4007	-22.654259	
0.4008	-24.3893107	
0.4009	-26.073582	
0.4010	-27.7403593	
0.4011	-29.4219612	
0.4012	-31.1483741	
0.4013	-32.9458808	
0.4014	-34.835199	
0.4015	-36.8285858	
0.4016	-38.9255474	
0.4017	-41.1074019	
0.4018	-43.3321811	
0.4019	-45.5330554	
0.4020	-47.6243916	
0.4021	-49.5174204	
0.4022	-51.141426	
0.4023	-52.4604872	
0.4024	-53.4771102	
0.4025	-54.2228791	
0.4026	-54.7437528	
0.4027	-55.0876141	
0.4028	-55.2970902	
0.4029	-55.4069256	
0.4030	-55.4440191	
0.4031	-55.4285845	
0.4032	-55.3755614	
0.4033	-55.2958974	
0.4034	-55.1975856	
0.4035	-55.0864577	
0.4036	-54.9667732	
0.4037	-54.8416499	
0.4038	-54.7133756	
0.4039	-54.5836332	
0.4040	-54.453664	
0.4041	-54.3243843	
0.4042	-54.1964713	
0.4043	-54.0704248	
0.4044	-53.946612	
0.4045	-53.8253009	
0.4046	-53.7066848	
0.4047	-53.5908997	
0.4048	-53.4780383	
0.4049	-53.3681596	
0.4050	-53.2612967	
0.4051	-53.1574624	
0.4052	-53.0566538	
0.4053	-52.9588551	
0.4054	-52.864041	
0.4055	-52.7721779	
0.4056	-52.6832263	
0.4057	-52.5971413	
0.4058	-52.5138744	
0.4059	-52.4333739	
0.4060	-52.3555853	
0.4061	-52.2804527	
0.4062	-52.2079184	
0.4063	-52.1379239	
0.4064	-52.0704099	
0.4065	-52.0053166	
0.4066	-51.9425842	
0.4067	-51.8821527	
0.4068	-51.8239623	
0.4069	-51.7679538	
0.4070	-51.7140681	
0.4071	-51.6622469	
0.4072	-51.6124325	
0.4073	-51.5645678	
0.4074	-51.5185968	
0.4075	-51.4744639	
0.4076	-51.4321149	
0.4077	-51.3914962	
0.4078	-51.3525553	
0.4079	-51.3152408	
0.4080	-51.279502	
0.4081	-51.2452896	
0.4082	-51.2125552	
0.4083	-51.1812514	
0.4084	-51.1513319	
0.4085	-51.1227514	
0.4086	-51.0954659	
0.4087	-51.0694322	
0.4088	-51.0446081	
0.4089	-51.0209527	
0.4090	-50.998426	
0.4091	-50.976989	
0.4092	-50.9566038	
0.4093	-50.9372333	
0.4094	-50.9188416	
0.4095	-50.9013937	
0.4096	-50.8848555	
0.4097	-50.8691939	
0.4098	-50.8543768	
0.4099	-50.8403729	
0.4100	-50.8271518	
0.4101	-50.814684	
0.4102	-50.802941	
0.4103	-50.7918949	
0.4104	-50.7815187	
0.4105	-50.7717865	
0.4106	-50.7626728	
0.4107	-50.754153	
0.4108	-50.7462034	
0.4109	-50.738801	
0.4110	-50.7319235	
0.4111	-50.7255492	
0.4112	-50.7196572	
0.4113	-50.7142274	
0.4114	-50.7092402	
0.4115	-50.7046767	
0.4116	-50.7005186	
0.4117	-50.6967483	
0.4118	-50.6933488	
0.4119	-50.6903035	
0.4120	-50.6875967	
0.4121	-50.6852128	
0.4122	-50.6831373	
0.4123	-50.6813558	
0.4124	-50.6798545	
0.4125	-50.6786202	
0.4126	-50.6776401	
0.4127	-50.6769019	
0.4128	-50.6763938	
0.4129	-50.6761044	
0.4130	-50.6760226	
0.4131	-50.6761379	
0.4132	-50.6764402	
0.4133	-50.6769197	
0.4134	-50.677567	
0.4135	-50.678373	
0.4136	-50.6793291	
0.4137	-50.680427	
0.4138	-50.6816586	
0.4139	-50.6830164	
0.4140	-50.6844929	
0.4141	-50.686081	
0.4142	-50.6877741	
0.4143	-50.6895655	
0.4144	-50.6914491	
0.4145	-50.6934189	
0.4146	-50.6954692	
0.4147	-50.6975946	
0.4148	-50.6997897	
0.4149	-50.7020496	
0.4150	-50.7043695	
0.4151	-50.7067448	
0.4152	-50.7091711	
0.4153	-50.7116442	
0.4154	-50.7141602	
0.4155	-50.7167152	
0.4156	-50.7193055	
0.4157	-50.7219277	
0.4158	-50.7245785	
0.4159	-50.7272546	
0.4160	-50.7299532	
0.4161	-50.7326712	
0.4162	-50.7354059	
0.4163	-50.7381548	
0.4164	-50.7409154	
0.4165	-50.7436852	
0.4166	-50.7464621	
0.4167	-50.7492439	
0.4168	-50.7520286	
0.4169	-50.7548142	
0.4170	-50.7575989	
0.4171	-50.7603811	
0.4172	-50.763159	
0.4173	-50.765931	
0.4174	-50.7686958	
0.4175	-50.7714519	
0.4176	-50.774198	
0.4177	-50.7769329	
0.4178	-50.7796553	
0.4179	-50.7823642	
0.4180	-50.7850585	
0.4181	-50.7877373	
0.4182	-50.7903996	
0.4183	-50.7930445	
0.4184	-50.7956712	
0.4185	-50.798279	
0.4186	-50.8008671	
0.4187	-50.8034349	
0.4188	-50.8059817	
0.4189	-50.808507	
0.4190	-50.8110103	
0.4191	-50.8134909	
0.4192	-50.8159485	
0.4193	-50.8183825	
0.4194	-50.8207927	
0.4195	-50.8231787	
0.4196	-50.8255401	
0.4197	-50.8278765	
0.4198	-50.8301878	
0.4199	-50.8324737	
0.4200	-50.8347339	
0.4201	-50.8369683	
0.4202	-50.8391767	
0.4203	-50.8413588	
0.4204	-50.8435146	
0.4205	-50.845644	
0.4206	-50.8477469	
0.4207	-50.8498231	
0.4208	-50.8518726	
0.4209	-50.8538954	
0.4210	-50.8558914	
0.4211	-50.8578606	
0.4212	-50.8598031	
0.4213	-50.8617187	
0.4214	-50.8636076	
0.4215	-50.8654698	
0.4216	-50.8673052	
0.4217	-50.869114	
0.4218	-50.8708963	
0.4219	-50.872652	
0.4220	-50.8743814	
0.4221	-50.8760844	
0.4222	-50.8777611	
0.4223	-50.8794118	
0.4224	-50.8810364	
0.4225	-50.8826351	
0.4226	-50.8842081	
0.4227	-50.8857554	
0.4228	-50.8872771	
0.4229	-50.8887736	
0.4230	-50.8902448	
0.4231	-50.8916909	
0.4232	-50.8931121	
0.4233	-50.8945085	
0.4234	-50.8958803	
0.4235	-50.8972277	
0.4236	-50.8985508	
0.4237	-50.8998498	
0.4238	-50.9011249	
0.4239	-50.9023762	
0.4240	-50.9036039	
0.4241	-50.9048083	
0.4242	-50.9059894	
0.4243	-50.9071474	
0.4244	-50.9082826	
0.4245	-50.9093951	
0.4246	-50.9104852	
0.4247	-50.9115529	
0.4248	-50.9125985	
0.4249	-50.9136222	
0.4250	-50.9146241	
0.4251	-50.9156045	
0.4252	-50.9165635	
0.4253	-50.9175014	
0.4254	-50.9184183	
0.4255	-50.9193143	
0.4256	-50.9201898	
0.4257	-50.9210449	
0.4258	-50.9218797	
0.4259	-50.9226945	
0.4260	-50.9234894	
0.4261	-50.9242647	
0.4262	-50.9250205	
0.4263	-50.925757	
0.4264	-50.9264744	
0.4265	-50.9271728	
0.4266	-50.9278526	
0.4267	-50.9285138	
0.4268	-50.9291566	
0.4269	-50.9297813	
0.4270	-50.9303879	
0.4271	-50.9309767	
0.4272	-50.9315479	
0.4273	-50.9321016	
0.4274	-50.932638	
0.4275	-50.9331573	
0.4276	-50.9336597	
0.4277	-50.9341452	
0.4278	-50.9346142	
0.4279	-50.9350668	
0.4280	-50.9355032	
0.4281	-50.9359234	
0.4282	-50.9363277	
0.4283	-50.9367163	
0.4284	-50.9370893	
0.4285	-50.9374469	
0.4286	-50.9377892	
0.4287	-50.9381165	
0.4288	-50.9384287	
0.4289	-50.9387263	
0.4290	-50.9390092	
0.4291	-50.9392776	
0.4292	-50.9395318	
0.4293	-50.9397717	
0.4294	-50.9399977	
0.4295	-50.9402098	
0.4296	-50.9404083	
0.4297	-50.9405931	
0.4298	-50.9407646	
0.4299	-50.9409228	
0.4300	-50.9410679	
0.4301	-50.9412001	
0.4302	-50.9413193	
0.4303	-50.9414259	
0.4304	-50.94152	
0.4305	-50.9416016	
0.4306	-50.941671	
0.4307	-50.9417282	
0.4308	-50.9417734	
0.4309	-50.9418067	
0.4310	-50.9418283	
0.4311	-50.9418383	
0.4312	-50.9418367	
0.4313	-50.9418239	
0.4314	-50.9417997	
0.4315	-50.9417645	
0.4316	-50.9417183	
0.4317	-50.9416612	
0.4318	-50.9415934	
0.4319	-50.941515	
0.4320	-50.941426	
0.4321	-50.9413267	
0.4322	-50.9412171	
0.4323	-50.9410973	
0.4324	-50.9409675	
0.4325	-50.9408277	
0.4326	-50.9406782	
0.4327	-50.9405189	
0.4328	-50.94035	
0.4329	-50.9401717	
0.4330	-50.9399839	
0.4331	-50.9397869	
0.4332	-50.9395807	
0.4333	-50.9393654	
0.4334	-50.9391412	
0.4335	-50.9389081	
0.4336	-50.9386662	
0.4337	-50.9384157	
0.4338	-50.9381565	
0.4339	-50.9378889	
0.4340	-50.937613	
0.4341	-50.9373287	
0.4342	-50.9370362	
0.4343	-50.9367357	
0.4344	-50.9364271	
0.4345	-50.9361107	
0.4346	-50.9357864	
0.4347	-50.9354543	
0.4348	-50.9351146	
0.4349	-50.9347674	
0.4350	-50.9344127	
0.4351	-50.9340505	
0.4352	-50.9336811	
0.4353	-50.9333045	
0.4354	-50.9329207	
0.4355	-50.9325298	
0.4356	-50.932132	
0.4357	-50.9317272	
0.4358	-50.9313156	
0.4359	-50.9308973	
0.4360	-50.9304723	
0.4361	-50.9300408	
0.4362	-50.9296027	
0.4363	-50.9291581	
0.4364	-50.9287072	
0.4365	-50.92825	
0.4366	-50.9277866	
0.4367	-50.927317	
0.4368	-50.9268413	
0.4369	-50.9263596	
0.4370	-50.9258719	
0.4371	-50.9253784	
0.4372	-50.9248791	
0.4373	-50.924374	
0.4374	-50.9238632	
0.4375	-50.9233468	
0.4376	-50.9228249	
0.4377	-50.9222974	
0.4378	-50.9217646	
0.4379	-50.9212264	
0.4380	-50.9206828	
0.4381	-50.9201341	
0.4382	-50.9195801	
0.4383	-50.919021	
0.4384	-50.9184569	
0.4385	-50.9178877	
0.4386	-50.9173136	
0.4387	-50.9167346	
0.4388	-50.9161507	
0.4389	-50.9155621	
0.4390	-50.9149687	
0.4391	-50.9143707	
0.4392	-50.913768	
0.4393	-50.9131608	
0.4394	-50.912549	
0.4395	-50.9119328	
0.4396	-50.9113121	
0.4397	-50.9106871	
0.4398	-50.9100578	
0.4399	-50.9094242	
0.4400	-50.9087864	
0.4401	-50.9081444	
0.4402	-50.9074983	
0.4403	-50.9068481	
0.4404	-50.9061939	
0.4405	-50.9055357	
0.4406	-50.9048736	
0.4407	-50.9042075	
0.4408	-50.9035376	
0.4409	-50.9028639	
0.4410	-50.9021865	
0.4411	-50.9015053	
0.4412	-50.9008204	
0.4413	-50.9001319	
0.4414	-50.8994398	
0.4415	-50.8987442	
0.4416	-50.898045	
0.4417	-50.8973424	
0.4418	-50.8966363	
0.4419	-50.8959268	
0.4420	-50.895214	
0.4421	-50.8944978	
0.4422	-50.8937784	
0.4423	-50.8930557	
0.4424	-50.8923298	
0.4425	-50.8916007	
0.4426	-50.8908685	
0.4427	-50.8901332	
0.4428	-50.8893948	
0.4429	-50.8886534	
0.4430	-50.8879089	
0.4431	-50.8871616	
0.4432	-50.8864112	
0.4433	-50.885658	
0.4434	-50.8849019	
0.4435	-50.884143	
0.4436	-50.8833813	
0.4437	-50.8826168	
0.4438	-50.8818496	
0.4439	-50.8810796	
0.4440	-50.880307	
0.4441	-50.8795318	
0.4442	-50.8787539	
0.4443	-50.8779734	
0.4444	-50.8771904	
0.4445	-50.8764048	
0.4446	-50.8756167	
0.4447	-50.8748261	
0.4448	-50.8740331	
0.4449	-50.8732377	
0.4450	-50.8724399	
0.4451	-50.8716397	
0.4452	-50.8708372	
0.4453	-50.8700323	
0.4454	-50.8692252	
0.4455	-50.8684158	
0.4456	-50.8676042	
0.4457	-50.8667903	
0.4458	-50.8659743	
0.4459	-50.865156	
0.4460	-50.8643357	
0.4461	-50.8635132	
0.4462	-50.8626887	
0.4463	-50.861862	
0.4464	-50.8610333	
0.4465	-50.8602026	
0.4466	-50.8593699	
0.4467	-50.8585352	
0.4468	-50.8576985	
0.4469	-50.8568599	
0.4470	-50.8560194	
0.4471	-50.855177	
0.4472	-50.8543327	
0.4473	-50.8534865	
0.4474	-50.8526385	
0.4475	-50.8517887	
0.4476	-50.8509371	
0.4477	-50.8500838	
0.4478	-50.8492286	
0.4479	-50.8483718	
0.4480	-50.8475132	
0.4481	-50.8466529	
0.4482	-50.8457909	
0.4483	-50.8449273	
0.4484	-50.844062	
0.4485	-50.8431951	
0.4486	-50.8423266	
0.4487	-50.8414565	
0.4488	-50.8405848	
0.4489	-50.8397116	
0.4490	-50.8388368	
0.4491	-50.8379605	
0.4492	-50.8370826	
0.4493	-50.8362033	
0.4494	-50.8353225	
0.4495	-50.8344403	
0.4496	-50.8335566	
0.4497	-50.8326714	
0.4498	-50.8317849	
0.4499	-50.8308969	
0.4500	-50.8300076	
0.4501	-50.8291169	
0.4502	-50.8282248	
0.4503	-50.8273314	
0.4504	-50.8264367	
0.4505	-50.8255407	
0.4506	-50.8246433	
0.4507	-50.8237447	
0.4508	-50.8228448	
0.4509	-50.8219436	
0.4510	-50.8210412	
0.4511	-50.8201376	
0.4512	-50.8192327	
0.4513	-50.8183266	
0.4514	-50.8174194	
0.4515	-50.8165109	
0.4516	-50.8156013	
0.4517	-50.8146905	
0.4518	-50.8137786	
0.4519	-50.8128655	
0.4520	-50.8119513	
0.4521	-50.8110361	
0.4522	-50.8101197	
0.4523	-50.8092022	
0.4524	-50.8082836	
0.4525	-50.807364	
0.4526	-50.8064433	
0.4527	-50.8055216	
0.4528	-50.8045988	
0.4529	-50.803675	
0.4530	-50.8027502	
0.4531	-50.8018244	
0.4532	-50.8008976	
0.4533	-50.7999698	
0.4534	-50.799041	
0.4535	-50.7981113	
0.4536	-50.7971806	
0.4537	-50.796249	
0.4538	-50.7953165	
0.4539	-50.794383	
0.4540	-50.7934486	
0.4541	-50.7925133	
0.4542	-50.791577	
0.4543	-50.7906399	
0.4544	-50.789702	
0.4545	-50.7887631	
0.4546	-50.7878234	
0.4547	-50.7868828	
0.4548	-50.7859414	
0.4549	-50.7849991	
0.4550	-50.7840561	
0.4551	-50.7831121	
0.4552	-50.7821674	
0.4553	-50.7812219	
0.4554	-50.7802755	
0.4555	-50.7793284	
0.4556	-50.7783805	
0.4557	-50.7774318	
0.4558	-50.7764824	
0.4559	-50.7755321	
0.4560	-50.7745812	
0.4561	-50.7736294	
0.4562	-50.772677	
0.4563	-50.7717238	
0.4564	-50.7707698	
0.4565	-50.7698152	
0.4566	-50.7688598	
0.4567	-50.7679038	
0.4568	-50.766947	
0.4569	-50.7659895	
0.4570	-50.7650314	
0.4571	-50.7640726	
0.4572	-50.7631131	
0.4573	-50.7621529	
0.4574	-50.7611921	
0.4575	-50.7602306	
0.4576	-50.7592684	
0.4577	-50.7583056	
0.4578	-50.7573422	
0.4579	-50.7563781	
0.4580	-50.7554134	
0.4581	-50.7544481	
0.4582	-50.7534822	
0.4583	-50.7525157	
0.4584	-50.7515485	
0.4585	-50.7505808	
0.4586	-50.7496124	
0.4587	-50.7486435	
0.4588	-50.747674	
0.4589	-50.7467039	
0.4590	-50.7457332	
0.4591	-50.744762	
0.4592	-50.7437902	
0.4593	-50.7428178	
0.4594	-50.7418449	
0.4595	-50.7408714	
0.4596	-50.7398974	
0.4597	-50.7389229	
0.4598	-50.7379478	
0.4599	-50.7369721	
0.4600	-50.735996	
0.4601	-50.7350193	
0.4602	-50.7340421	
0.4603	-50.7330644	
0.4604	-50.7320862	
0.4605	-50.7311075	
0.4606	-50.7301282	
0.4607	-50.7291485	
0.4608	-50.7281683	
0.4609	-50.7271876	
0.4610	-50.7262064	
0.4611	-50.7252247	
0.4612	-50.7242425	
0.4613	-50.7232599	
0.4614	-50.7222768	
0.4615	-50.7212932	
0.4616	-50.7203092	
0.4617	-50.7193247	
0.4618	-50.7183397	
0.4619	-50.7173543	
0.4620	-50.7163685	
0.4621	-50.7153822	
0.4622	-50.7143954	
0.4623	-50.7134082	
0.4624	-50.7124206	
0.4625	-50.7114326	
0.4626	-50.7104441	
0.4627	-50.7094552	
0.4628	-50.7084659	
0.4629	-50.7074761	
0.4630	-50.7064859	
0.4631	-50.7054954	
0.4632	-50.7045044	
0.4633	-50.703513	
0.4634	-50.7025212	
0.4635	-50.701529	
0.4636	-50.7005364	
0.4637	-50.6995434	
0.4638	-50.69855	
0.4639	-50.6975562	
0.4640	-50.696562	
0.4641	-50.6955675	
0.4642	-50.6945725	
0.4643	-50.6935772	
0.4644	-50.6925815	
0.4645	-50.6915855	
0.4646	-50.690589	
0.4647	-50.6895922	
0.4648	-50.688595	
0.4649	-50.6875975	
0.4650	-50.6865996	
0.4651	-50.6856013	
0.4652	-50.6846027	
0.4653	-50.6836037	
0.4654	-50.6826044	
0.4655	-50.6816047	
0.4656	-50.6806047	
0.4657	-50.6796043	
0.4658	-50.6786036	
0.4659	-50.6776026	
0.4660	-50.6766012	
0.4661	-50.6755994	
0.4662	-50.6745974	
0.4663	-50.673595	
0.4664	-50.6725922	
0.4665	-50.6715892	
0.4666	-50.6705858	
0.4667	-50.6695821	
0.4668	-50.668578	
0.4669	-50.6675737	
0.4670	-50.666569	
0.4671	-50.665564	
0.4672	-50.6645587	
0.4673	-50.6635531	
0.4674	-50.6625471	
0.4675	-50.6615409	
0.4676	-50.6605343	
0.4677	-50.6595275	
0.4678	-50.6585203	
0.4679	-50.6575129	
0.4680	-50.6565051	
0.4681	-50.655497	
0.4682	-50.6544887	
0.4683	-50.65348	
0.4684	-50.6524711	
0.4685	-50.6514618	
0.4686	-50.6504523	
0.4687	-50.6494424	
0.4688	-50.6484323	
0.4689	-50.6474219	
0.4690	-50.6464112	
0.4691	-50.6454003	
0.4692	-50.644389	
0.4693	-50.6433775	
0.4694	-50.6423657	
0.4695	-50.6413536	
0.4696	-50.6403412	
0.4697	-50.6393286	
0.4698	-50.6383156	
0.4699	-50.6373025	
0.4700	-50.636289	
0.4701	-50.6352753	
0.4702	-50.6342613	
0.4703	-50.633247	
0.4704	-50.6322325	
0.4705	-50.6312177	
0.4706	-50.6302026	
0.4707	-50.6291873	
0.4708	-50.6281717	
0.4709	-50.6271559	
0.4710	-50.6261398	
0.4711	-50.6251234	
0.4712	-50.6241068	
0.4713	-50.6230899	
0.4714	-50.6220728	
0.4715	-50.6210554	
0.4716	-50.6200378	
0.4717	-50.6190199	
0.4718	-50.6180018	
0.4719	-50.6169834	
0.4720	-50.6159648	
0.4721	-50.6149459	
0.4722	-50.6139268	
0.4723	-50.6129074	
0.4724	-50.6118878	
0.4725	-50.610868	
0.4726	-50.6098479	
0.4727	-50.6088276	
0.4728	-50.607807	
0.4729	-50.6067862	
0.4730	-50.6057652	
0.4731	-50.6047439	
0.4732	-50.6037224	
0.4733	-50.6027006	
0.4734	-50.6016786	
0.4735	-50.6006564	
0.4736	-50.599634	
0.4737	-50.5986113	
0.4738	-50.5975884	
0.4739	-50.5965652	
0.4740	-50.5955419	
0.4741	-50.5945183	
0.4742	-50.5934945	
0.4743	-50.5924704	
0.4744	-50.5914461	
0.4745	-50.5904216	
0.4746	-50.5893969	
0.4747	-50.588372	
0.4748	-50.5873468	
0.4749	-50.5863214	
0.4750	-50.5852958	
0.4751	-50.58427	
0.4752	-50.5832439	
0.4753	-50.5822177	
0.4754	-50.5811912	
0.4755	-50.5801645	
0.4756	-50.5791376	
0.4757	-50.5781105	
0.4758	-50.5770831	
0.4759	-50.5760555	
0.4760	-50.5750278	
0.4761	-50.5739998	
0.4762	-50.5729716	
0.4763	-50.5719432	
0.4764	-50.5709146	
0.4765	-50.5698857	
0.4766	-50.5688567	
0.4767	-50.5678274	
0.4768	-50.566798	
0.4769	-50.5657683	
0.4770	-50.5647384	
0.4771	-50.5637083	
0.4772	-50.5626781	
0.4773	-50.5616476	
0.4774	-50.5606169	
0.4775	-50.559586	
0.4776	-50.5585549	
0.4777	-50.5575235	
0.4778	-50.556492	
0.4779	-50.5554603	
0.4780	-50.5544284	
0.4781	-50.5533963	
0.4782	-50.552364	
0.4783	-50.5513315	
0.4784	-50.5502987	
0.4785	-50.5492658	
0.4786	-50.5482327	
0.4787	-50.5471994	
0.4788	-50.5461659	
0.4789	-50.5451322	
0.4790	-50.5440983	
0.4791	-50.5430642	
0.4792	-50.5420299	
0.4793	-50.5409954	
0.4794	-50.5399607	
0.4795	-50.5389258	
0.4796	-50.5378908	
0.4797	-50.5368555	
0.4798	-50.53582	
0.4799	-50.5347844	
0.4800	-50.5337485	
0.4801	-50.5327125	
0.4802	-50.5316763	
0.4803	-50.5306399	
0.4804	-50.5296033	
0.4805	-50.5285665	
0.4806	-50.5275295	
0.4807	-50.5264923	
0.4808	-50.5254549	
0.4809	-50.5244174	
0.4810	-50.5233797	
0.4811	-50.5223417	
0.4812	-50.5213036	
0.4813	-50.5202653	
0.4814	-50.5192268	
0.4815	-50.5181882	
0.4816	-50.5171493	
0.4817	-50.5161103	
0.4818	-50.515071	
0.4819	-50.5140316	
0.4820	-50.512992	
0.4821	-50.5119522	
0.4822	-50.5109123	
0.4823	-50.5098721	
0.4824	-50.5088318	
0.4825	-50.5077913	
0.4826	-50.5067506	
0.4827	-50.5057097	
0.4828	-50.5046687	
0.4829	-50.5036274	
0.4830	-50.502586	
0.4831	-50.5015444	
0.4832	-50.5005026	
0.4833	-50.4994607	
0.4834	-50.4984185	
0.4835	-50.4973762	
0.4836	-50.4963337	
0.4837	-50.4952911	
0.4838	-50.4942482	
0.4839	-50.4932052	
0.4840	-50.492162	
0.4841	-50.4911186	
0.4842	-50.490075	
0.4843	-50.4890313	
0.4844	-50.4879874	
0.4845	-50.4869433	
0.4846	-50.485899	
0.4847	-50.4848546	
0.4848	-50.4838099	
0.4849	-50.4827651	
0.4850	-50.4817202	
0.4851	-50.480675	
0.4852	-50.4796297	
0.4853	-50.4785842	
0.4854	-50.4775386	
0.4855	-50.4764927	
0.4856	-50.4754467	
0.4857	-50.4744005	
0.4858	-50.4733542	
0.4859	-50.4723076	
0.4860	-50.4712609	
0.4861	-50.4702141	
0.4862	-50.469167	
0.4863	-50.4681198	
0.4864	-50.4670724	
0.4865	-50.4660248	
0.4866	-50.4649771	
0.4867	-50.4639292	
0.4868	-50.4628811	
0.4869	-50.4618329	
0.4870	-50.4607845	
0.4871	-50.4597359	
0.4872	-50.4586871	
0.4873	-50.4576382	
0.4874	-50.4565891	
0.4875	-50.4555399	
0.4876	-50.4544904	
0.4877	-50.4534408	
0.4878	-50.4523911	
0.4879	-50.4513411	
0.4880	-50.450291	
0.4881	-50.4492408	
0.4882	-50.4481903	
0.4883	-50.4471397	
0.4884	-50.446089	
0.4885	-50.445038	
0.4886	-50.4439869	
0.4887	-50.4429357	
0.4888	-50.4418842	
0.4889	-50.4408326	
0.4890	-50.4397809	
0.4891	-50.4387289	
0.4892	-50.4376768	
0.4893	-50.4366246	
0.4894	-50.4355721	
0.4895	-50.4345195	
0.4896	-50.4334668	
0.4897	-50.4324139	
0.4898	-50.4313608	
0.4899	-50.4303075	
0.4900	-50.4292541	
0.4901	-50.4282005	
0.4902	-50.4271468	
0.4903	-50.4260929	
0.4904	-50.4250388	
0.4905	-50.4239846	
0.4906	-50.4229302	
0.4907	-50.4218756	
0.4908	-50.4208209	
0.4909	-50.419766	
0.4910	-50.418711	
0.4911	-50.4176558	
0.4912	-50.4166004	
0.4913	-50.4155449	
0.4914	-50.4144892	
0.4915	-50.4134334	
0.4916	-50.4123773	
0.4917	-50.4113212	
0.4918	-50.4102648	
0.4919	-50.4092083	
0.4920	-50.4081517	
0.4921	-50.4070949	
0.4922	-50.4060379	
0.4923	-50.4049808	
0.4924	-50.4039235	
0.4925	-50.402866	
0.4926	-50.4018084	
0.4927	-50.4007506	
0.4928	-50.3996927	
0.4929	-50.3986346	
0.4930	-50.3975763	
0.4931	-50.3965179	
0.4932	-50.3954593	
0.4933	-50.3944006	
0.4934	-50.3933417	
0.4935	-50.3922827	
0.4936	-50.3912235	
0.4937	-50.3901641	
0.4938	-50.3891046	
0.4939	-50.3880449	
0.4940	-50.3869851	
0.4941	-50.3859251	
0.4942	-50.3848649	
0.4943	-50.3838046	
0.4944	-50.3827442	
0.4945	-50.3816836	
0.4946	-50.3806228	
0.4947	-50.3795618	
0.4948	-50.3785008	
0.4949	-50.3774395	
0.4950	-50.3763781	
0.4951	-50.3753165	
0.4952	-50.3742548	
0.4953	-50.373193	
0.4954	-50.3721309	
0.4955	-50.3710688	
0.4956	-50.3700064	
0.4957	-50.3689439	
0.4958	-50.3678813	
0.4959	-50.3668185	
0.4960	-50.3657555	
0.4961	-50.3646924	
0.4962	-50.3636291	
0.4963	-50.3625657	
0.4964	-50.3615021	
0.4965	-50.3604384	
0.4966	-50.3593745	
0.4967	-50.3583105	
0.4968	-50.3572463	
0.4969	-50.356182	
0.4970	-50.3551175	
0.4971	-50.3540528	
0.4972	-50.352988	
0.4973	-50.351923	
0.4974	-50.3508579	
0.4975	-50.3497927	
0.4976	-50.3487273	
0.4977	-50.3476617	
0.4978	-50.346596	
0.4979	-50.3455301	
0.4980	-50.3444641	
0.4981	-50.3433979	
0.4982	-50.3423315	
0.4983	-50.3412651	
0.4984	-50.3401984	
0.4985	-50.3391316	
0.4986	-50.3380647	
0.4987	-50.3369976	
0.4988	-50.3359304	
0.4989	-50.334863	
0.4990	-50.3337954	
0.4991	-50.3327277	
0.4992	-50.3316599	
0.4993	-50.3305919	
0.4994	-50.3295237	
0.4995	-50.3284554	
0.4996	-50.327387	
0.4997	-50.3263184	
0.4998	-50.3252496	
0.4999	-50.3241807	
0.5000	-50.3231117	
